

**************************************************
Do Dez  1 19:09:45 CET 2022
****Executing test case examples/histogram optimized ****
filename examples/histogram optimized
/home/dynamatic/Dynamatic/etc/dynamatic/Regression_test/examples/histogram


******************************************************************
******Dynamic High-Level Synthesis Compiler***********************
******Andrea Guerrieri - Lana Josipovic - EPFL-LAP 2019 **********
******Version 2.0 - Build 1.0 ************************************
******************************************************************

synthesis_optimized.tcl
Done 
set input file: histogram.cpp
current input filename: ./src/histogram.cpp
Done 
Synthesize
compile histogram.cpp . -use-lsq=true Andrea: arg1:  histogram.cpp arg2: . arg3 -use-lsq=true arg4
/home/dynamatic/Dynamatic/etc/llvm-6.0/bin/clang -emit-llvm -S   -c src/histogram.cpp -o .histogram.cpp.ll
rm: cannot remove '*.s': No such file or directory
0Time elapsed: 1e-06s.
; ModuleID = '.histogram.cpp_mem2reg_constprop_simplifycfg_die.ll'
source_filename = "src/histogram.cpp"
target datalayout = "e-m:e-i64:64-f80:128-n8:16:32:64-S128"
target triple = "x86_64-unknown-linux-gnu"

; Function Attrs: noinline nounwind uwtable
define i32 @_Z9histogramPiS_S_i(i32* %feature, i32* %weight, i32* %hist, i32 %n) #0 {
block1:
  %cmp1 = icmp sgt i32 %n, 0
  br i1 %cmp1, label %block2, label %block4

block2:                                           ; preds = %block1
  br label %block3

block3:                                           ; preds = %block3, %block2
  %i.02 = phi i32 [ 0, %block2 ], [ %inc, %block3 ]
  %"3" = zext i32 %i.02 to i64
  %arrayidx = getelementptr inbounds i32, i32* %feature, i64 %"3"
  %"4" = load i32, i32* %arrayidx, align 4
  %"5" = zext i32 %i.02 to i64
  %arrayidx2 = getelementptr inbounds i32, i32* %weight, i64 %"5"
  %"6" = load i32, i32* %arrayidx2, align 4
  %idxprom3 = sext i32 %"4" to i64
  %arrayidx4 = getelementptr inbounds i32, i32* %hist, i64 %idxprom3
  %"7" = load i32, i32* %arrayidx4, align 4
  %add = add nsw i32 %"7", %"6"
  %idxprom5 = sext i32 %"4" to i64
  %arrayidx6 = getelementptr inbounds i32, i32* %hist, i64 %idxprom5
  store i32 %add, i32* %arrayidx6, align 4
  %inc = add nuw nsw i32 %i.02, 1
  %cmp = icmp slt i32 %inc, %n
  br i1 %cmp, label %block3, label %block4

block4:                                           ; preds = %block3, %block1
  %i.0.lcssa = phi i32 [ 0, %block1 ], [ %inc, %block3 ]
  ret i32 %i.0.lcssa
}

; Function Attrs: noinline norecurse nounwind uwtable
define i32 @main() #1 {
entry:
  %feature = alloca [1 x [1000 x i32]], align 16
  %weight = alloca [1 x [1000 x i32]], align 16
  %hist = alloca [1 x [1000 x i32]], align 16
  %n = alloca [1 x i32], align 4
  call void @srand(i32 13) #3
  br label %for.body

for.body:                                         ; preds = %for.inc20, %entry
  %0 = getelementptr inbounds [1 x i32], [1 x i32]* %n, i64 0, i64 0
  store i32 1000, i32* %0, align 4
  br label %for.body3

for.body3:                                        ; preds = %for.body3, %for.body
  %j.01 = phi i32 [ 0, %for.body ], [ %inc, %for.body3 ]
  %call = call i32 @rand() #3
  %rem = srem i32 %call, 1000
  %1 = zext i32 %j.01 to i64
  %2 = getelementptr inbounds [1 x [1000 x i32]], [1 x [1000 x i32]]* %feature, i64 0, i64 0, i64 %1
  store i32 %rem, i32* %2, align 4
  %call8 = call i32 @rand() #3
  %rem9 = srem i32 %call8, 100
  %3 = zext i32 %j.01 to i64
  %4 = getelementptr inbounds [1 x [1000 x i32]], [1 x [1000 x i32]]* %weight, i64 0, i64 0, i64 %3
  store i32 %rem9, i32* %4, align 4
  %call14 = call i32 @rand() #3
  %rem15 = srem i32 %call14, 100
  %5 = zext i32 %j.01 to i64
  %6 = getelementptr inbounds [1 x [1000 x i32]], [1 x [1000 x i32]]* %hist, i64 0, i64 0, i64 %5
  store i32 %rem15, i32* %6, align 4
  %inc = add nuw nsw i32 %j.01, 1
  %cmp2 = icmp ult i32 %inc, 1000
  br i1 %cmp2, label %for.body3, label %for.inc20

for.inc20:                                        ; preds = %for.body3
  br i1 false, label %for.body, label %for.end22

for.end22:                                        ; preds = %for.inc20
  %arraydecay = getelementptr inbounds [1 x [1000 x i32]], [1 x [1000 x i32]]* %feature, i64 0, i64 0, i64 0
  %arraydecay28 = getelementptr inbounds [1 x [1000 x i32]], [1 x [1000 x i32]]* %weight, i64 0, i64 0, i64 0
  %arraydecay31 = getelementptr inbounds [1 x [1000 x i32]], [1 x [1000 x i32]]* %hist, i64 0, i64 0, i64 0
  %arrayidx33 = getelementptr inbounds [1 x i32], [1 x i32]* %n, i64 0, i64 0
  %7 = load i32, i32* %arrayidx33, align 4
  %call34 = call i32 @_Z9histogramPiS_S_i(i32* nonnull %arraydecay, i32* nonnull %arraydecay28, i32* nonnull %arraydecay31, i32 %7)
  ret i32 0
}

; Function Attrs: nounwind
declare void @srand(i32) #2

; Function Attrs: nounwind
declare i32 @rand() #2

attributes #0 = { noinline nounwind uwtable "correctly-rounded-divide-sqrt-fp-math"="false" "disable-tail-calls"="false" "less-precise-fpmad"="false" "no-frame-pointer-elim"="true" "no-frame-pointer-elim-non-leaf" "no-infs-fp-math"="false" "no-jump-tables"="false" "no-nans-fp-math"="false" "no-signed-zeros-fp-math"="false" "no-trapping-math"="false" "stack-protector-buffer-size"="8" "target-cpu"="x86-64" "target-features"="+fxsr,+mmx,+sse,+sse2,+x87" "unsafe-fp-math"="false" "use-soft-float"="false" }
attributes #1 = { noinline norecurse nounwind uwtable "correctly-rounded-divide-sqrt-fp-math"="false" "disable-tail-calls"="false" "less-precise-fpmad"="false" "no-frame-pointer-elim"="true" "no-frame-pointer-elim-non-leaf" "no-infs-fp-math"="false" "no-jump-tables"="false" "no-nans-fp-math"="false" "no-signed-zeros-fp-math"="false" "no-trapping-math"="false" "stack-protector-buffer-size"="8" "target-cpu"="x86-64" "target-features"="+fxsr,+mmx,+sse,+sse2,+x87" "unsafe-fp-math"="false" "use-soft-float"="false" }
attributes #2 = { nounwind "correctly-rounded-divide-sqrt-fp-math"="false" "disable-tail-calls"="false" "less-precise-fpmad"="false" "no-frame-pointer-elim"="true" "no-frame-pointer-elim-non-leaf" "no-infs-fp-math"="false" "no-nans-fp-math"="false" "no-signed-zeros-fp-math"="false" "no-trapping-math"="false" "stack-protector-buffer-size"="8" "target-cpu"="x86-64" "target-features"="+fxsr,+mmx,+sse,+sse2,+x87" "unsafe-fp-math"="false" "use-soft-float"="false" }
attributes #3 = { nounwind }

!llvm.module.flags = !{!0}
!llvm.ident = !{!1}

!0 = !{i32 1, !"wchar_size", i32 4}
!1 = !{!"clang version 6.0.1 (http://llvm.org/git/clang.git 2f27999df400d17b33cdd412fdd606a88208dfcc) (http://llvm.org/git/llvm.git 5136df4d089a086b70d452160ad5451861269498)"}


Done 
Done 
Optimize
buffers buffers -filename=./reports/histogram -period=4 ****************************************
dataflow graph name: ./reports/histogram
milp solver: cbc
delay: 0, period: 4
timeout: 180
set optimization: true
first MG optimization: false
****************************************
currently traversing node n
currently traversing node cst_0
currently traversing node icmp_0
currently traversing node brCst_block2
currently traversing node cst_1
currently traversing node phi_3
currently traversing node load_6
currently traversing node load_9
currently traversing node load_12
currently traversing node add_13
currently traversing node store_0
currently traversing node cst_2
currently traversing node add_16
currently traversing node icmp_17
currently traversing node cst_3
currently traversing node phi_19
currently traversing node ret_0
currently traversing node phi_n0
currently traversing node phi_n1
currently traversing node fork_0
currently traversing node fork_1
currently traversing node fork_2
currently traversing node fork_3
currently traversing node fork_4
currently traversing node branch_0
currently traversing node branch_1
currently traversing node fork_5
currently traversing node branch_2
currently traversing node branch_3
currently traversing node fork_6
currently traversing node branch_4
currently traversing node branch_5
currently traversing node fork_7
currently traversing node LSQ_hist
currently traversing node MC_feature
currently traversing node MC_weight
currently traversing node end_0
currently traversing node start_0
currently traversing node forkC_9
currently traversing node branchC_6
currently traversing node phiC_2
currently traversing node forkC_10
currently traversing node branchC_7
currently traversing node phiC_3
currently traversing node forkC_11
currently traversing node branchC_8
currently traversing node phiC_4
currently traversing node sink_0
currently traversing node sink_1
currently traversing node sink_2
currently traversing node sink_3
currently traversing node sink_4
currently traversing node sink_5
currently traversing node sink_6
===================
READING BB DOT FILE
===================
Reading graph name...
Reading set of nodes...
Reading set of edges between nodes...
Setting entry and exit BB...
	Entry: BB1, Exit: BB4
Setting BB frequencies...
BB1 : 1
BB2 : 1
BB3 : 1000
BB4 : 1

Adding elastic buffers with period=4 and buffer_delay=0

======================
ADDING ELASTIC BUFFERS
======================
Extracting marked graphs
--------------------------
Iteration 1
ILP time: [ms] 6 
Arcs in the CFDFC:
	3->3:999
Updating frequencies...
Storing CFDFC and corresponding Marked Graph...
--------------------------
Iteration 2
ILP time: [ms] 6 
Arcs in the CFDFC:
No new MG can be extracted to increase coverage.

*******************
Covered Frequency = 999, Total Frequency = 1002, Coverage = 0.997006
*******************

Aya:Done Extracting marked graphs!

determining buffer from/to MC_LSQ units to/from loads.
Calculating disjoint sets of CFDFCs...
	initialize
	union
	get set of unique dsu numbers
	merge and get sub-components
Total number of Extracted Disjoint CFDFCs: 1
Adding Marked Graphs from CFDFCs...


===================================
PRINTING CHANNELS FREQUENCIES
Freq of channel in Src_BB number 1 and dst_BB number 1 is::: 1
Freq of channel in Src_BB number 1 and dst_BB number 1 is::: 1
Freq of channel in Src_BB number 1 and dst_BB number 1 is::: 1
Freq of channel in Src_BB number 2 and dst_BB number 2 is::: 1
Freq of channel in Src_BB number 2 and dst_BB number 2 is::: 1
Freq of channel in Src_BB number 3 and dst_BB number 3 is::: 1000
Freq of channel in Src_BB number 3 and dst_BB number 3 is::: 1000
Freq of channel in Src_BB number 3 and dst_BB number 0 is::: 0
Freq of channel in Src_BB number 3 and dst_BB number 3 is::: 1000
Freq of channel in Src_BB number 3 and dst_BB number 0 is::: 0
Freq of channel in Src_BB number 3 and dst_BB number 3 is::: 1000
Freq of channel in Src_BB number 3 and dst_BB number 0 is::: 0
Freq of channel in Src_BB number 3 and dst_BB number 3 is::: 1000
Freq of channel in Src_BB number 3 and dst_BB number 0 is::: 0
Freq of channel in Src_BB number 3 and dst_BB number 0 is::: 0
Freq of channel in Src_BB number 3 and dst_BB number 3 is::: 1000
Freq of channel in Src_BB number 3 and dst_BB number 3 is::: 1000
Freq of channel in Src_BB number 3 and dst_BB number 3 is::: 1000
Freq of channel in Src_BB number 1 and dst_BB number 1 is::: 1
Freq of channel in Src_BB number 4 and dst_BB number 4 is::: 1
Freq of channel in Src_BB number 4 and dst_BB number 0 is::: 0
Freq of channel in Src_BB number 2 and dst_BB number 2 is::: 1
Freq of channel in Src_BB number 3 and dst_BB number 3 is::: 1000
Freq of channel in Src_BB number 1 and dst_BB number 1 is::: 1
Freq of channel in Src_BB number 1 and dst_BB number 1 is::: 1
Freq of channel in Src_BB number 3 and dst_BB number 3 is::: 1000
Freq of channel in Src_BB number 3 and dst_BB number 3 is::: 1000
Freq of channel in Src_BB number 3 and dst_BB number 3 is::: 1000
Freq of channel in Src_BB number 3 and dst_BB number 3 is::: 1000
Freq of channel in Src_BB number 3 and dst_BB number 3 is::: 1000
Freq of channel in Src_BB number 3 and dst_BB number 3 is::: 1000
Freq of channel in Src_BB number 3 and dst_BB number 3 is::: 1000
Freq of channel in Src_BB number 3 and dst_BB number 3 is::: 1000
Freq of channel in Src_BB number 3 and dst_BB number 3 is::: 1000
Freq of channel in Src_BB number 1 and dst_BB number 4 is::: 0
Freq of channel in Src_BB number 1 and dst_BB number 0 is::: 0
Freq of channel in Src_BB number 1 and dst_BB number 2 is::: 1
Freq of channel in Src_BB number 1 and dst_BB number 0 is::: 0
Freq of channel in Src_BB number 1 and dst_BB number 1 is::: 1
Freq of channel in Src_BB number 1 and dst_BB number 1 is::: 1
Freq of channel in Src_BB number 1 and dst_BB number 1 is::: 1
Freq of channel in Src_BB number 2 and dst_BB number 3 is::: 1
Freq of channel in Src_BB number 2 and dst_BB number 0 is::: 0
Freq of channel in Src_BB number 2 and dst_BB number 3 is::: 1
Freq of channel in Src_BB number 2 and dst_BB number 0 is::: 0
Freq of channel in Src_BB number 2 and dst_BB number 2 is::: 1
Freq of channel in Src_BB number 2 and dst_BB number 2 is::: 1
Freq of channel in Src_BB number 2 and dst_BB number 2 is::: 1
Freq of channel in Src_BB number 3 and dst_BB number 3 is::: 1000
Freq of channel in Src_BB number 3 and dst_BB number 4 is::: 1
Freq of channel in Src_BB number 3 and dst_BB number 3 is::: 1000
Freq of channel in Src_BB number 3 and dst_BB number 0 is::: 0
Freq of channel in Src_BB number 3 and dst_BB number 3 is::: 1000
Freq of channel in Src_BB number 3 and dst_BB number 3 is::: 1000
Freq of channel in Src_BB number 3 and dst_BB number 3 is::: 1000
Freq of channel in Src_BB number 0 and dst_BB number 3 is::: 0
Freq of channel in Src_BB number 0 and dst_BB number 0 is::: 0
Freq of channel in Src_BB number 0 and dst_BB number 3 is::: 0
Freq of channel in Src_BB number 0 and dst_BB number 0 is::: 0
Freq of channel in Src_BB number 0 and dst_BB number 3 is::: 0
Freq of channel in Src_BB number 0 and dst_BB number 0 is::: 0
Freq of channel in Src_BB number 1 and dst_BB number 1 is::: 1
Freq of channel in Src_BB number 1 and dst_BB number 1 is::: 1
Freq of channel in Src_BB number 1 and dst_BB number 1 is::: 1
Freq of channel in Src_BB number 1 and dst_BB number 1 is::: 1
Freq of channel in Src_BB number 1 and dst_BB number 2 is::: 1
Freq of channel in Src_BB number 1 and dst_BB number 4 is::: 0
Freq of channel in Src_BB number 2 and dst_BB number 2 is::: 1
Freq of channel in Src_BB number 2 and dst_BB number 2 is::: 1
Freq of channel in Src_BB number 2 and dst_BB number 2 is::: 1
Freq of channel in Src_BB number 2 and dst_BB number 2 is::: 1
Freq of channel in Src_BB number 2 and dst_BB number 3 is::: 1
Freq of channel in Src_BB number 2 and dst_BB number 0 is::: 0
Freq of channel in Src_BB number 3 and dst_BB number 3 is::: 1000
Freq of channel in Src_BB number 3 and dst_BB number 3 is::: 1000
Freq of channel in Src_BB number 3 and dst_BB number 3 is::: 1000
Freq of channel in Src_BB number 3 and dst_BB number 0 is::: 0
Freq of channel in Src_BB number 3 and dst_BB number 3 is::: 1000
Freq of channel in Src_BB number 3 and dst_BB number 3 is::: 1000
Freq of channel in Src_BB number 3 and dst_BB number 4 is::: 1
Freq of channel in Src_BB number 4 and dst_BB number 4 is::: 1
Freq of channel in Src_BB number 4 and dst_BB number 0 is::: 0

===================================
-------------------------------
Initiating MILP for MG number 0
-------------------------------
 creating throughput vars for sub_mg0

Aya: Before the loop over Blocks

Aya: After the loop over Blocks

Aya: Before the loop over Channels

Aya: After the loop over Channels

Aya: Done with the function createMilpVarsEB_sc

Aya: done with the first loop over channels!

Aya: done with the second loop over channels!

Aya: done with the first loop over blocks!

Aya: done with the second loop over blocks!

Aya: done with createPathConstraints_sc boolean function!!

Aya: done with createElasticityConstraints_sc boolean function!!
Lana: back edge is branch_4:out1 -> phi_3:in3
Lana: back edge is branch_5:out1 -> phi_n1:in2
Lana: back edge is branchC_8:out1 -> phiC_3:in2
Solving MILP for elastic buffers: MG 0
Milp time for MG 0: [ms] 558 

************************
*** Throughput for MG 0 in disjoint MG 0: 1.00 ***
************************
Adding buffer in phi_3:out1 -> fork_1:in1 | slots: 1, trans: 1 | BB3 -> BB3 (inner)
Adding buffer in add_16:out1 -> fork_3:in1 | slots: 2, trans: 0 | BB3 -> BB3 (inner)
Adding buffer in phi_n1:out1 -> fork_4:in1 | slots: 2, trans: 0 | BB3 -> BB3 (inner)
Adding buffer in fork_1:out3 -> load_9:in2 | slots: 5, trans: 1 | BB3 -> BB3 (inner)
Adding buffer in forkC_11:out3 -> branchC_8:in1 | slots: 2, trans: 0 | BB3 -> BB3 (inner)

*** Throughput achieved in sub MG 0: 1.00 ***

--------------------------------------
Initiating MILP for remaining channels
--------------------------------------
Solving MILP for channels not covered by MGs
Milp time for remaining channels: [ms] 22 

***************************
Total MILP time: [ms] 580
***************************
INSTANTIATE
Done 
Write hdl
write_hdl  . ./reports/histogram_optimized

******************************************************************
******Dynamic High-Level Synthesis Compiler **********************
******Andrea Guerrieri - Lana Josipovic - EPFL-LAP 2019 **********
******Dot to VHDL Generator***************************************
******************************************************************
Parsing ./reports/histogram_optimized.dot

Report Modules 
+--------------------------------------------------------------------------+
|   Node_ID|                Name|         Module_type|    Inputs|   Outputs|
+--------------------------------------------------------------------------+
|         0|                   n|               Entry|         1|         1|
|         1|               cst_0|            Constant|         1|         1|
|         2|              icmp_0|            Operator|         2|         1|
|         3|               cst_3|            Constant|         1|         1|
|         4|              fork_0|                Fork|         1|         2|
|         5|            branch_0|              Branch|         2|         2|
|         6|            branch_1|              Branch|         2|         2|
|         7|              fork_5|                Fork|         1|         3|
|         8|             start_0|               Entry|         1|         1|
|         9|             forkC_9|                Fork|         1|         3|
|        10|           branchC_6|              Branch|         2|         2|
|        11|        brCst_block2|            Constant|         1|         1|
|        12|               cst_1|            Constant|         1|         1|
|        13|              phi_n0|               Merge|         1|         1|
|        14|            branch_2|              Branch|         2|         2|
|        15|            branch_3|              Branch|         2|         2|
|        16|              fork_6|                Fork|         1|         3|
|        17|              phiC_2|               Merge|         1|         1|
|        18|            forkC_10|                Fork|         1|         3|
|        19|           branchC_7|              Branch|         2|         2|
|        20|               phi_3|                 Mux|         3|         1|
|        21|              load_6|            Operator|         2|         2|
|        22|              load_9|            Operator|         2|         2|
|        23|             load_12|            Operator|         2|         2|
|        24|              add_13|            Operator|         2|         1|
|        25|             store_0|            Operator|         2|         2|
|        26|               cst_2|            Constant|         1|         1|
|        27|              add_16|            Operator|         2|         1|
|        28|             icmp_17|            Operator|         2|         1|
|        29|              phi_n1|               Merge|         2|         1|
|        30|              fork_1|                Fork|         1|         3|
|        31|              fork_2|                Fork|         1|         2|
|        32|              fork_3|                Fork|         1|         2|
|        33|              fork_4|                Fork|         1|         2|
|        34|            branch_4|              Branch|         2|         2|
|        35|            branch_5|              Branch|         2|         2|
|        36|              fork_7|                Fork|         1|         3|
|        37|              phiC_3|          CntrlMerge|         2|         2|
|        38|            forkC_11|                Fork|         1|         3|
|        39|           branchC_8|              Branch|         2|         2|
|        40|            Buffer_1|              Buffer|         1|         1|
|        41|            Buffer_2|              Buffer|         1|         1|
|        42|            Buffer_3|               tFifo|         1|         1|
|        43|            Buffer_4|              Buffer|         1|         1|
|        44|              phi_19|                 Mux|         3|         1|
|        45|               ret_0|            Operator|         1|         1|
|        46|              phiC_4|          CntrlMerge|         2|         2|
|        47|            LSQ_hist|                 LSQ|         4|         2|
|        48|          MC_feature|                  MC|         4|         2|
|        49|           MC_weight|                  MC|         4|         2|
|        50|               end_0|                Exit|         4|         1|
|        51|              sink_0|                Sink|         1|         0|
|        52|              sink_1|                Sink|         1|         0|
|        53|              sink_2|                Sink|         1|         0|
|        54|              sink_3|                Sink|         1|         0|
|        55|              sink_4|                Sink|         1|         0|
|        56|              sink_5|                Sink|         1|         0|
|        57|              sink_6|                Sink|         1|         0|
+--------------------------------------------------------------------------+
Generating ./reports/histogram_optimized.vhd
Generating LSQ 0 component...
lsq_generate ./reports/histogram_optimized_lsq0_configuration.json
[[35minfo[0m] [0.005] Elaborating design...
[[35minfo[0m] [3.359] Done elaborating.
Total FIRRTL Compile Time: 16783.2 ms

Done



Done 
Exit...
Goodbye!


examples/histogram
histogram
[INFO  CAnalyzer] Return identified: end of type int (return value).
[INFO  CAnalyzer] Parsing parameter in_int_t feature[1000]
array length 1000
[INFO  CAnalyzer] Parameter identified: feature of type in_int_t[1000].
[INFO  CAnalyzer] Parsing parameter in_int_t weight[1000]
array length 1000
[INFO  CAnalyzer] Parameter identified: weight of type in_int_t[1000].
[INFO  CAnalyzer] Parsing parameter inout_int_t hist[1000]
array length 1000
[INFO  CAnalyzer] Parameter identified: hist of type inout_int_t[1000].
[INFO  CAnalyzer] Parsing parameter in_int_t n
[INFO  CAnalyzer] Parameter identified: n of type in_int_t.
i0
[INFO  CAnalyzer] Actual type of "feature" is "int" (32 bits).
i1
[INFO  CAnalyzer] Actual type of "weight" is "int" (32 bits).
i2
[INFO  CAnalyzer] Actual type of "hist" is "int" (32 bits).
i3
[INFO  CAnalyzer] Actual type of "n" is "int" (32 bits).
[INFO  CVER] Compiling C files [gcc ../C_SRC/hls_verify_histogram.c -I../C_SRC -o ../C_SRC/hls_verify_histogram.out]
[INFO  CVER] Cleaning C output files [rm -rf ../C_OUT]
[INFO  CVER] Cleaning existing input files [rm -rf ../INPUT_VECTORS]
[INFO  CVER] Creating C output files directory [mkdir -p ../C_OUT]
[INFO  CVER] Creating input files directory [mkdir -p ../INPUT_VECTORS]
[INFO  CVER] Executing C test-bench [../C_SRC/hls_verify_histogram.out]
[INFO  CVER] C simulation finished. Outputs saved in directory ../C_OUT.
[INFO  VVER] Generating VHDL testbench for entity histogram
[INFO  VVER] Transaction number computed : 1
[INFO  VVER] Copying supplementary files: [cp /home/dynamatic/Dynamatic/etc/dynamatic/Regression_test/hls_verifier/HlsVerifier/build/resources/template_two_port_RAM.vhd ../VHDL_SRC/two_port_RAM.vhd]
[INFO  VVER] Copying supplementary files: [cp /home/dynamatic/Dynamatic/etc/dynamatic/Regression_test/hls_verifier/HlsVerifier/build/resources/template_single_argument.vhd ../VHDL_SRC/single_argument.vhd]
[INFO  VVER] Copying supplementary files: [cp /home/dynamatic/Dynamatic/etc/dynamatic/Regression_test/hls_verifier/HlsVerifier/build/resources/template_simpackage.vhd ../VHDL_SRC/simpackage.vhd]
[INFO  VVER] Copying supplementary files: [cp /home/dynamatic/Dynamatic/etc/dynamatic/Regression_test/hls_verifier/HlsVerifier/build/resources/modelsim.ini ./modelsim.ini]
[INFO  VVER] Cleaning VHDL output files [rm -rf ../VHDL_OUT]
[INFO  VVER] Creating VHDL output files directory [mkdir -p ../VHDL_OUT]
[INFO  VVER] Executing modelsim: [vsim -c -do simulation.do]
Reading pref.tcl

# 10.5b

# do simulation.do
# Model Technology ModelSim - Intel FPGA Edition vmap 10.5b Lib Mapping Utility 2016.10 Oct  5 2016
# vmap work work 
# Modifying modelsim.ini
# Loading project simulation
# Model Technology ModelSim - Intel FPGA Edition vlog 10.5b Compiler 2016.10 Oct  5 2016
# Start time: 19:10:12 on Dec 01,2022
# vlog -work work /home/dynamatic/Dynamatic/etc/dynamatic/Regression_test/examples/histogram/sim/VHDL_SRC/LSQ_hist.v 
# -- Compiling module STORE_QUEUE_LSQ_hist
# -- Compiling module LOAD_QUEUE_LSQ_hist
# -- Compiling module GROUP_ALLOCATOR_LSQ_hist
# -- Compiling module LOAD_PORT_LSQ_hist
# -- Compiling module STORE_DATA_PORT_LSQ_hist
# -- Compiling module LSQ_hist
# 
# Top level modules:
# 	LSQ_hist
# End time: 19:10:13 on Dec 01,2022, Elapsed time: 0:00:01
# Errors: 0, Warnings: 0
# Compile of LSQ_hist.v was successful.
# Model Technology ModelSim - Intel FPGA Edition vcom 10.5b Compiler 2016.10 Oct  5 2016
# Start time: 19:10:13 on Dec 01,2022
# vcom -work work -2008 -explicit /home/dynamatic/Dynamatic/etc/dynamatic/Regression_test/examples/histogram/sim/VHDL_SRC/delay_buffer.vhd 
# -- Loading package STANDARD
# -- Loading package TEXTIO
# -- Loading package std_logic_1164
# -- Loading package NUMERIC_STD
# -- Compiling entity delay_buffer
# -- Compiling architecture arch of delay_buffer
# End time: 19:10:13 on Dec 01,2022, Elapsed time: 0:00:00
# Errors: 0, Warnings: 0
# Compile of delay_buffer.vhd was successful.
# Model Technology ModelSim - Intel FPGA Edition vcom 10.5b Compiler 2016.10 Oct  5 2016
# Start time: 19:10:13 on Dec 01,2022
# vcom -work work -2008 -explicit /home/dynamatic/Dynamatic/etc/dynamatic/Regression_test/examples/histogram/sim/VHDL_SRC/arithmetic_units.vhd 
# -- Loading package STANDARD
# -- Loading package TEXTIO
# -- Loading package std_logic_1164
# -- Loading package NUMERIC_STD
# ** Error: (vcom-11) Could not find work.customtypes.
# ** Error (suppressible): /home/dynamatic/Dynamatic/etc/dynamatic/Regression_test/examples/histogram/sim/VHDL_SRC/arithmetic_units.vhd(8): (vcom-1195) Cannot find expanded name "work.customTypes".
# ** Error: /home/dynamatic/Dynamatic/etc/dynamatic/Regression_test/examples/histogram/sim/VHDL_SRC/arithmetic_units.vhd(8): Unknown expanded name.
# ** Error: /home/dynamatic/Dynamatic/etc/dynamatic/Regression_test/examples/histogram/sim/VHDL_SRC/arithmetic_units.vhd(10): VHDL Compiler exiting
# End time: 19:10:13 on Dec 01,2022, Elapsed time: 0:00:00
# Errors: 4, Warnings: 0
# Model Technology ModelSim - Intel FPGA Edition vcom 10.5b Compiler 2016.10 Oct  5 2016
# Start time: 19:10:13 on Dec 01,2022
# vcom -work work -2008 -explicit /home/dynamatic/Dynamatic/etc/dynamatic/Regression_test/examples/histogram/sim/VHDL_SRC/sharing_components.vhd 
# -- Loading package STANDARD
# -- Loading package TEXTIO
# -- Loading package std_logic_1164
# -- Loading package NUMERIC_STD
# ** Error: (vcom-11) Could not find work.customtypes.
# ** Error (suppressible): /home/dynamatic/Dynamatic/etc/dynamatic/Regression_test/examples/histogram/sim/VHDL_SRC/sharing_components.vhd(6): (vcom-1195) Cannot find expanded name "work.customTypes".
# ** Error: /home/dynamatic/Dynamatic/etc/dynamatic/Regression_test/examples/histogram/sim/VHDL_SRC/sharing_components.vhd(6): Unknown expanded name.
# ** Error: /home/dynamatic/Dynamatic/etc/dynamatic/Regression_test/examples/histogram/sim/VHDL_SRC/sharing_components.vhd(8): VHDL Compiler exiting
# End time: 19:10:13 on Dec 01,2022, Elapsed time: 0:00:00
# Errors: 4, Warnings: 0
# Model Technology ModelSim - Intel FPGA Edition vcom 10.5b Compiler 2016.10 Oct  5 2016
# Start time: 19:10:13 on Dec 01,2022
# vcom -work work -2008 -explicit /home/dynamatic/Dynamatic/etc/dynamatic/Regression_test/examples/histogram/sim/VHDL_SRC/elastic_components.vhd 
# -- Loading package STANDARD
# -- Loading package TEXTIO
# -- Loading package std_logic_1164
# -- Compiling package customTypes
# -- Loading package customTypes
# -- Compiling entity andN
# -- Compiling architecture vanilla of andn
# -- Compiling entity nandN
# -- Compiling architecture arch of nandn
# -- Compiling entity orN
# -- Compiling architecture vanilla of orN
# -- Compiling entity norN
# -- Compiling architecture arch of norN
# -- Compiling entity join
# -- Compiling architecture arch of join
# -- Loading entity andN
# -- Loading package NUMERIC_STD
# -- Compiling entity TEHB
# -- Compiling architecture arch of TEHB
# -- Compiling entity OEHB
# -- Compiling architecture arch of OEHB
# -- Compiling entity elasticBuffer
# -- Compiling architecture arch of elasticBuffer
# -- Loading entity TEHB
# -- Loading entity OEHB
# -- Compiling entity buffer_bx_op
# -- Compiling architecture arch of buffer_bx_op
# -- Compiling entity join_bx_op
# -- Compiling architecture arch of join_bx_op
# -- Loading entity join
# -- Compiling entity end_node
# -- Compiling architecture arch of end_node
# -- Compiling entity branchSimple
# -- Compiling architecture arch of branchSimple
# -- Compiling entity branch
# -- Compiling architecture arch of branch
# -- Loading entity branchSimple
# -- Compiling entity eagerFork_RegisterBLock
# -- Compiling architecture arch of eagerFork_RegisterBLock
# -- Compiling entity fork
# -- Compiling architecture arch of fork
# -- Loading entity orN
# -- Loading entity eagerFork_RegisterBLock
# -- Compiling entity lazyfork
# -- Compiling architecture arch of lazyfork
# -- Compiling entity merge
# -- Compiling architecture arch of merge
# -- Compiling entity merge_notehb
# -- Compiling architecture arch of merge_notehb
# -- Compiling entity start_node_new
# -- Compiling architecture arch of start_node_new
# -- Loading entity elasticBuffer
# -- Compiling entity aya_start_node
# -- Compiling architecture arch of aya_start_node
# -- Compiling entity start_node
# -- Compiling architecture arch of start_node
# -- Compiling entity sink
# -- Compiling architecture arch of sink
# -- Compiling entity source
# -- Compiling architecture arch of source
# -- Compiling entity elasticFifoInner
# -- Compiling architecture arch of elasticFifoInner
# -- Compiling entity nontranspFifo
# -- Compiling architecture arch of nontranspFifo
# -- Loading entity elasticFifoInner
# -- Compiling entity transpFIFO
# -- Compiling architecture arch of transpFIFO
# -- Compiling entity load_op
# -- Compiling architecture arch of load_op
# -- Compiling entity Const
# -- Compiling architecture arch of Const
# -- Compiling entity write_memory_single_inside
# -- Compiling architecture arch of write_memory_single_inside
# -- Compiling entity store_op
# -- Compiling architecture arch of store_op
# -- Loading entity write_memory_single_inside
# -- Loading package MATH_REAL
# -- Compiling entity Inj
# -- Compiling architecture arch of Inj
# -- Compiling entity mux
# -- Compiling architecture arch of mux
# -- Compiling entity cntrlMerge
# -- Compiling architecture arch of cntrlMerge
# -- Loading entity merge_notehb
# -- Loading entity fork
# -- Compiling entity lsq_load_op
# -- Compiling architecture arch of lsq_load_op
# -- Compiling entity lsq_store_op
# -- Compiling architecture arch of lsq_store_op
# End time: 19:10:13 on Dec 01,2022, Elapsed time: 0:00:00
# Errors: 0, Warnings: 0
# Compile of elastic_components.vhd was successful.
# Model Technology ModelSim - Intel FPGA Edition vcom 10.5b Compiler 2016.10 Oct  5 2016
# Start time: 19:10:13 on Dec 01,2022
# vcom -work work -2008 -explicit /home/dynamatic/Dynamatic/etc/dynamatic/Regression_test/examples/histogram/sim/VHDL_SRC/mul_wrapper.vhd 
# -- Loading package STANDARD
# -- Loading package TEXTIO
# -- Loading package std_logic_1164
# -- Loading package NUMERIC_STD
# -- Loading package customTypes
# -- Compiling entity mul_op
# -- Compiling architecture arch of mul_op
# -- Loading entity join
# ** Error: (vcom-11) Could not find work.mul_4_stage.
# ** Error (suppressible): /home/dynamatic/Dynamatic/etc/dynamatic/Regression_test/examples/histogram/sim/VHDL_SRC/mul_wrapper.vhd(45): (vcom-1195) Cannot find expanded name "work.mul_4_stage".
# ** Error: /home/dynamatic/Dynamatic/etc/dynamatic/Regression_test/examples/histogram/sim/VHDL_SRC/mul_wrapper.vhd(45): Unknown expanded name.
# -- Loading entity delay_buffer
# -- Loading entity OEHB
# ** Error: /home/dynamatic/Dynamatic/etc/dynamatic/Regression_test/examples/histogram/sim/VHDL_SRC/mul_wrapper.vhd(76): VHDL Compiler exiting
# End time: 19:10:13 on Dec 01,2022, Elapsed time: 0:00:00
# Errors: 4, Warnings: 0
# Model Technology ModelSim - Intel FPGA Edition vcom 10.5b Compiler 2016.10 Oct  5 2016
# Start time: 19:10:13 on Dec 01,2022
# vcom -work work -2008 -explicit /home/dynamatic/Dynamatic/etc/dynamatic/Regression_test/examples/histogram/sim/VHDL_SRC/MemCont.vhd 
# -- Loading package STANDARD
# -- Loading package TEXTIO
# -- Loading package std_logic_1164
# -- Loading package NUMERIC_STD
# -- Loading package customTypes
# -- Compiling entity read_priority
# -- Compiling architecture arch of read_priority
# -- Compiling entity read_address_mux
# -- Compiling architecture arch of read_address_mux
# -- Compiling entity read_address_ready
# -- Compiling architecture arch of read_address_ready
# -- Compiling entity read_data_signals
# -- Compiling architecture arch of read_data_signals
# -- Compiling entity read_memory_arbiter
# -- Compiling architecture arch of read_memory_arbiter
# -- Loading entity read_priority
# -- Loading entity read_address_mux
# -- Loading entity read_address_ready
# -- Loading entity read_data_signals
# -- Compiling entity write_priority
# -- Compiling architecture arch of write_priority
# -- Compiling entity write_address_mux
# -- Compiling architecture arch of write_address_mux
# -- Compiling entity write_address_ready
# -- Compiling architecture arch of write_address_ready
# -- Compiling entity write_data_signals
# -- Compiling architecture arch of write_data_signals
# -- Compiling entity write_memory_arbiter
# -- Compiling architecture arch of write_memory_arbiter
# -- Loading entity write_priority
# -- Loading entity write_address_mux
# -- Loading entity write_address_ready
# -- Loading entity write_data_signals
# -- Compiling entity elasticBufferDummy
# -- Compiling architecture arch of elasticBufferDummy
# -- Compiling entity mc_load_op
# -- Compiling architecture arch of mc_load_op
# -- Loading entity TEHB
# -- Compiling entity mc_store_op
# -- Compiling architecture arch of mc_store_op
# -- Loading entity join
# -- Compiling entity MemCont
# -- Compiling architecture arch of MemCont
# -- Loading entity read_memory_arbiter
# -- Loading entity write_memory_arbiter
# ** Warning: /home/dynamatic/Dynamatic/etc/dynamatic/Regression_test/examples/histogram/sim/VHDL_SRC/MemCont.vhd(840): (vcom-1514) Range choice direction (downto) does not determine aggregate index range direction (to).
# End time: 19:10:13 on Dec 01,2022, Elapsed time: 0:00:00
# Errors: 0, Warnings: 1
# Compile of MemCont.vhd was successful.
# Model Technology ModelSim - Intel FPGA Edition vcom 10.5b Compiler 2016.10 Oct  5 2016
# Start time: 19:10:13 on Dec 01,2022
# vcom -work work -2008 -explicit /home/dynamatic/Dynamatic/etc/dynamatic/Regression_test/examples/histogram/sim/VHDL_SRC/histogram_optimized.vhd 
# -- Loading package STANDARD
# -- Loading package TEXTIO
# -- Loading package std_logic_1164
# -- Loading package NUMERIC_STD
# -- Loading package customTypes
# -- Compiling entity histogram
# -- Compiling architecture behavioral of histogram
# -- Loading entity start_node
# -- Loading entity Const
# ** Error: (vcom-11) Could not find work.icmp_sgt_op.
# ** Error (suppressible): /home/dynamatic/Dynamatic/etc/dynamatic/Regression_test/examples/histogram/sim/VHDL_SRC/histogram_optimized.vhd(1303): (vcom-1195) Cannot find expanded name "work.icmp_sgt_op".
# ** Error: /home/dynamatic/Dynamatic/etc/dynamatic/Regression_test/examples/histogram/sim/VHDL_SRC/histogram_optimized.vhd(1303): Unknown expanded name.
# -- Loading entity fork
# -- Loading entity branch
# -- Loading entity merge
# -- Loading package MATH_REAL
# -- Loading entity mux
# -- Loading entity mc_load_op
# -- Loading entity lsq_load_op
# ** Error: (vcom-11) Could not find work.add_op.
# ** Error (suppressible): /home/dynamatic/Dynamatic/etc/dynamatic/Regression_test/examples/histogram/sim/VHDL_SRC/histogram_optimized.vhd(1657): (vcom-1195) Cannot find expanded name "work.add_op".
# ** Error: /home/dynamatic/Dynamatic/etc/dynamatic/Regression_test/examples/histogram/sim/VHDL_SRC/histogram_optimized.vhd(1657): Unknown expanded name.
# -- Loading entity lsq_store_op
# ** Error: (vcom-11) Could not find work.add_op.
# ** Error (suppressible): /home/dynamatic/Dynamatic/etc/dynamatic/Regression_test/examples/histogram/sim/VHDL_SRC/histogram_optimized.vhd(1702): (vcom-1195) Cannot find expanded name "work.add_op".
# ** Error: /home/dynamatic/Dynamatic/etc/dynamatic/Regression_test/examples/histogram/sim/VHDL_SRC/histogram_optimized.vhd(1702): Unknown expanded name.
# ** Error: (vcom-11) Could not find work.icmp_slt_op.
# ** Error (suppressible): /home/dynamatic/Dynamatic/etc/dynamatic/Regression_test/examples/histogram/sim/VHDL_SRC/histogram_optimized.vhd(1717): (vcom-1195) Cannot find expanded name "work.icmp_slt_op".
# ** Error: /home/dynamatic/Dynamatic/etc/dynamatic/Regression_test/examples/histogram/sim/VHDL_SRC/histogram_optimized.vhd(1717): Unknown expanded name.
# -- Loading entity cntrlMerge
# -- Loading entity elasticBuffer
# -- Loading entity transpFIFO
# ** Error: (vcom-11) Could not find work.ret_op.
# ** Error (suppressible): /home/dynamatic/Dynamatic/etc/dynamatic/Regression_test/examples/histogram/sim/VHDL_SRC/histogram_optimized.vhd(1984): (vcom-1195) Cannot find expanded name "work.ret_op".
# ** Error: /home/dynamatic/Dynamatic/etc/dynamatic/Regression_test/examples/histogram/sim/VHDL_SRC/histogram_optimized.vhd(1984): Unknown expanded name.
# -- Loading entity MemCont
# -- Loading entity end_node
# -- Loading entity sink
# ** Error: /home/dynamatic/Dynamatic/etc/dynamatic/Regression_test/examples/histogram/sim/VHDL_SRC/histogram_optimized.vhd(2185): VHDL Compiler exiting
# End time: 19:10:13 on Dec 01,2022, Elapsed time: 0:00:00
# Errors: 16, Warnings: 0
# Model Technology ModelSim - Intel FPGA Edition vcom 10.5b Compiler 2016.10 Oct  5 2016
# Start time: 19:10:13 on Dec 01,2022
# vcom -work work -2008 -explicit /home/dynamatic/Dynamatic/etc/dynamatic/Regression_test/examples/histogram/sim/VHDL_SRC/multipliers.vhd 
# -- Loading package STANDARD
# -- Loading package TEXTIO
# -- Loading package std_logic_1164
# -- Loading package NUMERIC_STD
# -- Compiling entity mul_4_stage
# -- Compiling architecture behav of mul_4_stage
# -- Compiling entity mul_8_stage
# -- Compiling architecture behav of mul_8_stage
# End time: 19:10:13 on Dec 01,2022, Elapsed time: 0:00:00
# Errors: 0, Warnings: 0
# Compile of multipliers.vhd was successful.
# Model Technology ModelSim - Intel FPGA Edition vcom 10.5b Compiler 2016.10 Oct  5 2016
# Start time: 19:10:13 on Dec 01,2022
# vcom -work work -2008 -explicit /home/dynamatic/Dynamatic/etc/dynamatic/Regression_test/examples/histogram/sim/VHDL_SRC/hls_verify_histogram_tb.vhd 
# -- Loading package STANDARD
# -- Loading package TEXTIO
# -- Loading package std_logic_1164
# -- Loading package std_logic_arith
# -- Loading package STD_LOGIC_UNSIGNED
# -- Loading package std_logic_textio
# -- Loading package NUMERIC_STD
# ** Error: (vcom-11) Could not find work.sim_package.
# ** Error (suppressible): /home/dynamatic/Dynamatic/etc/dynamatic/Regression_test/examples/histogram/sim/VHDL_SRC/hls_verify_histogram_tb.vhd(9): (vcom-1195) Cannot find expanded name "work.sim_package".
# ** Error: /home/dynamatic/Dynamatic/etc/dynamatic/Regression_test/examples/histogram/sim/VHDL_SRC/hls_verify_histogram_tb.vhd(9): Unknown expanded name.
# ** Error: /home/dynamatic/Dynamatic/etc/dynamatic/Regression_test/examples/histogram/sim/VHDL_SRC/hls_verify_histogram_tb.vhd(13): VHDL Compiler exiting
# End time: 19:10:13 on Dec 01,2022, Elapsed time: 0:00:00
# Errors: 4, Warnings: 0
# Model Technology ModelSim - Intel FPGA Edition vcom 10.5b Compiler 2016.10 Oct  5 2016
# Start time: 19:10:13 on Dec 01,2022
# vcom -work work -2008 -explicit /home/dynamatic/Dynamatic/etc/dynamatic/Regression_test/examples/histogram/sim/VHDL_SRC/simpackage.vhd 
# -- Loading package STANDARD
# -- Loading package TEXTIO
# -- Loading package std_logic_1164
# -- Loading package std_logic_arith
# -- Loading package NUMERIC_STD
# -- Loading package STD_LOGIC_UNSIGNED
# -- Loading package std_logic_textio
# -- Compiling package sim_package
# -- Compiling package body sim_package
# -- Loading package sim_package
# End time: 19:10:13 on Dec 01,2022, Elapsed time: 0:00:00
# Errors: 0, Warnings: 0
# Compile of simpackage.vhd was successful.
# Model Technology ModelSim - Intel FPGA Edition vcom 10.5b Compiler 2016.10 Oct  5 2016
# Start time: 19:10:13 on Dec 01,2022
# vcom -work work -2008 -explicit /home/dynamatic/Dynamatic/etc/dynamatic/Regression_test/examples/histogram/sim/VHDL_SRC/two_port_RAM.vhd 
# -- Loading package STANDARD
# -- Loading package TEXTIO
# -- Loading package std_logic_1164
# -- Loading package std_logic_arith
# -- Loading package STD_LOGIC_UNSIGNED
# -- Loading package NUMERIC_STD
# -- Loading package std_logic_textio
# -- Loading package sim_package
# -- Compiling entity two_port_RAM
# -- Compiling architecture behav of two_port_RAM
# ** Warning: /home/dynamatic/Dynamatic/etc/dynamatic/Regression_test/examples/histogram/sim/VHDL_SRC/two_port_RAM.vhd(41): (vcom-1236) Shared variables must be of a protected type.
# End time: 19:10:13 on Dec 01,2022, Elapsed time: 0:00:00
# Errors: 0, Warnings: 1
# Compile of two_port_RAM.vhd was successful.
# Model Technology ModelSim - Intel FPGA Edition vcom 10.5b Compiler 2016.10 Oct  5 2016
# Start time: 19:10:13 on Dec 01,2022
# vcom -work work -2008 -explicit /home/dynamatic/Dynamatic/etc/dynamatic/Regression_test/examples/histogram/sim/VHDL_SRC/single_argument.vhd 
# -- Loading package STANDARD
# -- Loading package TEXTIO
# -- Loading package std_logic_1164
# -- Loading package std_logic_arith
# -- Loading package STD_LOGIC_UNSIGNED
# -- Loading package NUMERIC_STD
# -- Loading package std_logic_textio
# -- Loading package sim_package
# -- Compiling entity single_argument
# -- Compiling architecture behav of single_argument
# ** Warning: /home/dynamatic/Dynamatic/etc/dynamatic/Regression_test/examples/histogram/sim/VHDL_SRC/single_argument.vhd(34): (vcom-1236) Shared variables must be of a protected type.
# End time: 19:10:13 on Dec 01,2022, Elapsed time: 0:00:00
# Errors: 0, Warnings: 1
# Compile of single_argument.vhd was successful.
# Model Technology ModelSim - Intel FPGA Edition vcom 10.5b Compiler 2016.10 Oct  5 2016
# Start time: 19:10:13 on Dec 01,2022
# vcom -work work -2008 -explicit /home/dynamatic/Dynamatic/etc/dynamatic/Regression_test/examples/histogram/sim/VHDL_SRC/arithmetic_units.vhd 
# -- Loading package STANDARD
# -- Loading package TEXTIO
# -- Loading package std_logic_1164
# -- Loading package NUMERIC_STD
# -- Loading package customTypes
# -- Compiling entity ret_op
# -- Compiling architecture arch of ret_op
# -- Loading entity TEHB
# -- Compiling entity add_op
# -- Compiling architecture arch of add_op
# -- Loading entity join
# -- Compiling entity sub_op
# -- Compiling architecture arch of sub_op
# -- Compiling entity and_op
# -- Compiling architecture arch of and_op
# -- Compiling entity or_op
# -- Compiling architecture arch of or_op
# -- Compiling entity xor_op
# -- Compiling architecture arch of xor_op
# -- Compiling entity sext_op
# -- Compiling architecture arch of sext_op
# -- Compiling entity zext_op
# -- Compiling architecture arch of zext_op
# -- Compiling entity shl_op
# -- Compiling architecture arch of shl_op
# -- Compiling entity ashr_op
# -- Compiling architecture arch of ashr_op
# -- Compiling entity lshr_op
# -- Compiling architecture arch of lshr_op
# -- Compiling entity antitokens
# -- Compiling architecture arch of antitokens
# -- Compiling entity select_op
# -- Compiling architecture arch of select_op
# -- Loading entity antitokens
# -- Compiling entity icmp_eq_op
# -- Compiling architecture arch of icmp_eq_op
# -- Compiling entity icmp_ne_op
# -- Compiling architecture arch of icmp_ne_op
# -- Compiling entity icmp_ugt_op
# -- Compiling architecture arch of icmp_ugt_op
# -- Compiling entity icmp_uge_op
# -- Compiling architecture arch of icmp_uge_op
# -- Compiling entity icmp_sgt_op
# -- Compiling architecture arch of icmp_sgt_op
# -- Compiling entity icmp_sge_op
# -- Compiling architecture arch of icmp_sge_op
# -- Compiling entity icmp_ult_op
# -- Compiling architecture arch of icmp_ult_op
# -- Compiling entity icmp_ule_op
# -- Compiling architecture arch of icmp_ule_op
# -- Compiling entity icmp_slt_op
# -- Compiling architecture arch of icmp_slt_op
# -- Compiling entity icmp_sle_op
# -- Compiling architecture arch of icmp_sle_op
# -- Compiling entity getelementptr_op
# -- Compiling architecture arch of getelementptr_op
# -- Compiling entity fcmp_oeq_op
# -- Compiling architecture arch of fcmp_oeq_op
# -- Loading entity delay_buffer
# -- Compiling entity fcmp_ogt_op
# -- Compiling architecture arch of fcmp_ogt_op
# -- Compiling entity fcmp_oge_op
# -- Compiling architecture arch of fcmp_oge_op
# -- Compiling entity fcmp_olt_op
# -- Compiling architecture arch of fcmp_olt_op
# -- Compiling entity fcmp_ole_op
# -- Compiling architecture arch of fcmp_ole_op
# -- Compiling entity fcmp_one_op
# -- Compiling architecture arch of fcmp_one_op
# -- Compiling entity fcmp_ord_op
# -- Compiling architecture arch of fcmp_ord_op
# -- Compiling entity fcmp_uno_op
# -- Compiling architecture arch of fcmp_uno_op
# -- Compiling entity fcmp_ueq_op
# -- Compiling architecture arch of fcmp_ueq_op
# -- Compiling entity fcmp_uge_op
# -- Compiling architecture arch of fcmp_uge_op
# -- Compiling entity fcmp_ult_op
# -- Compiling architecture arch of fcmp_ult_op
# -- Compiling entity fcmp_ule
# -- Compiling architecture arch of fcmp_ule
# -- Compiling entity fcmp_une
# -- Compiling architecture arch of fcmp_une
# -- Compiling entity fcmp_ugt
# -- Compiling architecture arch of fcmp_ugt
# -- Compiling entity fadd_op
# -- Compiling architecture arch of fadd_op
# -- Loading entity OEHB
# -- Compiling entity fsub_op
# -- Compiling architecture arch of fsub_op
# -- Compiling entity fmul_op
# -- Compiling architecture arch of fmul_op
# -- Compiling entity fneg_op
# -- Compiling architecture arch of fneg_op
# -- Compiling entity udiv_op
# -- Compiling architecture arch of udiv_op
# -- Compiling entity sdiv_op
# -- Compiling architecture arch of sdiv_op
# -- Compiling entity fdiv_op
# -- Compiling architecture arch of fdiv_op
# -- Compiling entity srem_op
# -- Compiling architecture arch of srem_op
# -- Compiling entity urem_op
# -- Compiling architecture arch of urem_op
# -- Compiling entity frem_op
# -- Compiling architecture arch of frem_op
# -- Compiling entity sinf_op
# -- Compiling architecture arch of sinf_op
# -- Compiling entity cosf_op
# -- Compiling architecture arch of cosf_op
# -- Compiling entity sqrtf_op
# -- Compiling architecture arch of sqrtf_op
# -- Compiling entity expf_op
# -- Compiling architecture arch of expf_op
# -- Compiling entity exp2f_op
# -- Compiling architecture arch of exp2f_op
# -- Compiling entity logf_op
# -- Compiling architecture arch of logf_op
# -- Compiling entity log2f_op
# -- Compiling architecture arch of log2f_op
# -- Compiling entity log10f_op
# -- Compiling architecture arch of log10f_op
# -- Compiling entity fabsf_op
# -- Compiling architecture arch of fabsf_op
# -- Compiling entity trunc_op
# -- Compiling architecture arch of trunc_op
# -- Compiling entity floorf_op
# -- Compiling architecture arch of floorf_op
# -- Compiling entity ceilf_op
# -- Compiling architecture arch of ceilf_op
# -- Compiling entity roundf_op
# -- Compiling architecture arch of roundf_op
# -- Compiling entity fminf_op
# -- Compiling architecture arch of fminf_op
# -- Compiling entity fmaxf_op
# -- Compiling architecture arch of fmaxf_op
# -- Compiling entity powf_op
# -- Compiling architecture arch of powf_op
# -- Compiling entity fabsf_op
# -- Compiling architecture arch of fabsf_op
# -- Compiling entity copysignf_op
# -- Compiling architecture arch of copysignf_op
# -- Compiling entity sitofp_op
# -- Compiling architecture arch of sitofp_op
# End time: 19:10:14 on Dec 01,2022, Elapsed time: 0:00:01
# Errors: 0, Warnings: 0
# Compile of arithmetic_units.vhd was successful.
# Model Technology ModelSim - Intel FPGA Edition vcom 10.5b Compiler 2016.10 Oct  5 2016
# Start time: 19:10:14 on Dec 01,2022
# vcom -work work -2008 -explicit /home/dynamatic/Dynamatic/etc/dynamatic/Regression_test/examples/histogram/sim/VHDL_SRC/sharing_components.vhd 
# -- Loading package STANDARD
# -- Loading package TEXTIO
# -- Loading package std_logic_1164
# -- Loading package NUMERIC_STD
# -- Loading package customTypes
# -- Compiling entity branchGen
# -- Compiling architecture arch of branchGen
# -- Loading entity join
# -- Compiling entity merge_one_hot
# -- Compiling architecture arch of merge_one_hot
# -- Loading entity TEHB
# -- Compiling entity distributor
# -- Compiling architecture arch of distributor
# -- Loading entity branchGen
# -- Compiling package selectorTypes
# -- Compiling entity bypassFIFO
# -- Compiling architecture arch of bypassFIFO
# -- Loading entity transpFIFO
# -- Loading package selectorTypes
# -- Compiling entity input_selector
# -- Compiling architecture arch of input_selector
# -- Loading entity merge_one_hot
# -- Loading entity bypassFIFO
# -- Compiling entity selector
# -- Compiling architecture arch of selector
# -- Loading entity input_selector
# -- Loading entity fork
# -- Loading package MATH_REAL
# -- Loading entity mux
# End time: 19:10:14 on Dec 01,2022, Elapsed time: 0:00:00
# Errors: 0, Warnings: 0
# Compile of sharing_components.vhd was successful.
# Model Technology ModelSim - Intel FPGA Edition vcom 10.5b Compiler 2016.10 Oct  5 2016
# Start time: 19:10:14 on Dec 01,2022
# vcom -work work -2008 -explicit /home/dynamatic/Dynamatic/etc/dynamatic/Regression_test/examples/histogram/sim/VHDL_SRC/mul_wrapper.vhd 
# -- Loading package STANDARD
# -- Loading package TEXTIO
# -- Loading package std_logic_1164
# -- Loading package NUMERIC_STD
# -- Loading package customTypes
# -- Compiling entity mul_op
# -- Compiling architecture arch of mul_op
# -- Loading entity join
# -- Loading entity mul_4_stage
# -- Loading entity delay_buffer
# -- Loading entity OEHB
# End time: 19:10:14 on Dec 01,2022, Elapsed time: 0:00:00
# Errors: 0, Warnings: 0
# Compile of mul_wrapper.vhd was successful.
# Model Technology ModelSim - Intel FPGA Edition vcom 10.5b Compiler 2016.10 Oct  5 2016
# Start time: 19:10:14 on Dec 01,2022
# vcom -work work -2008 -explicit /home/dynamatic/Dynamatic/etc/dynamatic/Regression_test/examples/histogram/sim/VHDL_SRC/histogram_optimized.vhd 
# -- Loading package STANDARD
# -- Loading package TEXTIO
# -- Loading package std_logic_1164
# -- Loading package NUMERIC_STD
# -- Loading package customTypes
# -- Compiling entity histogram
# -- Compiling architecture behavioral of histogram
# -- Loading entity start_node
# -- Loading entity Const
# -- Loading entity icmp_sgt_op
# -- Loading entity fork
# -- Loading entity branch
# -- Loading entity merge
# -- Loading package MATH_REAL
# -- Loading entity mux
# -- Loading entity mc_load_op
# -- Loading entity lsq_load_op
# -- Loading entity add_op
# -- Loading entity lsq_store_op
# -- Loading entity icmp_slt_op
# -- Loading entity cntrlMerge
# -- Loading entity elasticBuffer
# -- Loading entity transpFIFO
# -- Loading entity ret_op
# -- Loading entity MemCont
# -- Loading entity end_node
# -- Loading entity sink
# End time: 19:10:14 on Dec 01,2022, Elapsed time: 0:00:00
# Errors: 0, Warnings: 0
# Compile of histogram_optimized.vhd was successful.
# Model Technology ModelSim - Intel FPGA Edition vcom 10.5b Compiler 2016.10 Oct  5 2016
# Start time: 19:10:14 on Dec 01,2022
# vcom -work work -2008 -explicit /home/dynamatic/Dynamatic/etc/dynamatic/Regression_test/examples/histogram/sim/VHDL_SRC/hls_verify_histogram_tb.vhd 
# -- Loading package STANDARD
# -- Loading package TEXTIO
# -- Loading package std_logic_1164
# -- Loading package std_logic_arith
# -- Loading package STD_LOGIC_UNSIGNED
# -- Loading package std_logic_textio
# -- Loading package NUMERIC_STD
# -- Loading package sim_package
# -- Compiling entity histogram_tb
# -- Compiling architecture behav of histogram_tb
# ** Warning: /home/dynamatic/Dynamatic/etc/dynamatic/Regression_test/examples/histogram/sim/VHDL_SRC/hls_verify_histogram_tb.vhd(103): (vcom-1236) Shared variables must be of a protected type.
# -- Loading package customTypes
# -- Loading entity histogram
# -- Loading entity single_argument
# -- Loading entity two_port_RAM
# End time: 19:10:14 on Dec 01,2022, Elapsed time: 0:00:00
# Errors: 0, Warnings: 1
# Compile of hls_verify_histogram_tb.vhd was successful.
# All compile dependencies have been resolved.vlog -work work -stats=none /home/dynamatic/Dynamatic/etc/dynamatic/Regression_test/examples/histogram/sim/VHDL_SRC/LSQ_hist.v
# Model Technology ModelSim - Intel FPGA Edition vlog 10.5b Compiler 2016.10 Oct  5 2016
# -- Compiling module STORE_QUEUE_LSQ_hist
# -- Compiling module LOAD_QUEUE_LSQ_hist
# -- Compiling module GROUP_ALLOCATOR_LSQ_hist
# -- Compiling module LOAD_PORT_LSQ_hist
# -- Compiling module STORE_DATA_PORT_LSQ_hist
# -- Compiling module LSQ_hist
# 
# Top level modules:
# 	LSQ_hist
ModelSim> # vcom -work work -2008 -explicit -stats=none /home/dynamatic/Dynamatic/etc/dynamatic/Regression_test/examples/histogram/sim/VHDL_SRC/delay_buffer.vhd
# Model Technology ModelSim - Intel FPGA Edition vcom 10.5b Compiler 2016.10 Oct  5 2016
# -- Loading package STANDARD
# -- Loading package TEXTIO
# -- Loading package std_logic_1164
# -- Loading package NUMERIC_STD
# -- Compiling entity delay_buffer
# -- Compiling architecture arch of delay_buffer
ModelSim> # vcom -work work -2008 -explicit -stats=none /home/dynamatic/Dynamatic/etc/dynamatic/Regression_test/examples/histogram/sim/VHDL_SRC/elastic_components.vhd
# Model Technology ModelSim - Intel FPGA Edition vcom 10.5b Compiler 2016.10 Oct  5 2016
# -- Loading package STANDARD
# -- Loading package TEXTIO
# -- Loading package std_logic_1164
# -- Compiling package customTypes
# -- Loading package customTypes
# -- Compiling entity andN
# -- Compiling architecture vanilla of andn
# -- Compiling entity nandN
# -- Compiling architecture arch of nandn
# -- Compiling entity orN
# -- Compiling architecture vanilla of orN
# -- Compiling entity norN
# -- Compiling architecture arch of norN
# -- Compiling entity join
# -- Compiling architecture arch of join
# -- Loading entity andN
# -- Loading package NUMERIC_STD
# -- Compiling entity TEHB
# -- Compiling architecture arch of TEHB
# -- Compiling entity OEHB
# -- Compiling architecture arch of OEHB
# -- Compiling entity elasticBuffer
# -- Compiling architecture arch of elasticBuffer
# -- Loading entity TEHB
# -- Loading entity OEHB
# -- Compiling entity buffer_bx_op
# -- Compiling architecture arch of buffer_bx_op
# -- Compiling entity join_bx_op
# -- Compiling architecture arch of join_bx_op
# -- Loading entity join
# -- Compiling entity end_node
# -- Compiling architecture arch of end_node
# -- Compiling entity branchSimple
# -- Compiling architecture arch of branchSimple
# -- Compiling entity branch
# -- Compiling architecture arch of branch
# -- Loading entity branchSimple
# -- Compiling entity eagerFork_RegisterBLock
# -- Compiling architecture arch of eagerFork_RegisterBLock
# -- Compiling entity fork
# -- Compiling architecture arch of fork
# -- Loading entity orN
# -- Loading entity eagerFork_RegisterBLock
# -- Compiling entity lazyfork
# -- Compiling architecture arch of lazyfork
# -- Compiling entity merge
# -- Compiling architecture arch of merge
# -- Compiling entity merge_notehb
# -- Compiling architecture arch of merge_notehb
# -- Compiling entity start_node_new
# -- Compiling architecture arch of start_node_new
# -- Loading entity elasticBuffer
# -- Compiling entity aya_start_node
# -- Compiling architecture arch of aya_start_node
# -- Compiling entity start_node
# -- Compiling architecture arch of start_node
# -- Compiling entity sink
# -- Compiling architecture arch of sink
# -- Compiling entity source
# -- Compiling architecture arch of source
# -- Compiling entity elasticFifoInner
# -- Compiling architecture arch of elasticFifoInner
# -- Compiling entity nontranspFifo
# -- Compiling architecture arch of nontranspFifo
# -- Loading entity elasticFifoInner
# -- Compiling entity transpFIFO
# -- Compiling architecture arch of transpFIFO
# -- Compiling entity load_op
# -- Compiling architecture arch of load_op
# -- Compiling entity Const
# -- Compiling architecture arch of Const
# -- Compiling entity write_memory_single_inside
# -- Compiling architecture arch of write_memory_single_inside
# -- Compiling entity store_op
# -- Compiling architecture arch of store_op
# -- Loading entity write_memory_single_inside
# -- Loading package MATH_REAL
# -- Compiling entity Inj
# -- Compiling architecture arch of Inj
# -- Compiling entity mux
# -- Compiling architecture arch of mux
# -- Compiling entity cntrlMerge
# -- Compiling architecture arch of cntrlMerge
# -- Loading entity merge_notehb
# -- Loading entity fork
# -- Compiling entity lsq_load_op
# -- Compiling architecture arch of lsq_load_op
# -- Compiling entity lsq_store_op
# -- Compiling architecture arch of lsq_store_op
ModelSim> # vcom -work work -2008 -explicit -stats=none /home/dynamatic/Dynamatic/etc/dynamatic/Regression_test/examples/histogram/sim/VHDL_SRC/MemCont.vhd
# Model Technology ModelSim - Intel FPGA Edition vcom 10.5b Compiler 2016.10 Oct  5 2016
# -- Loading package STANDARD
# -- Loading package TEXTIO
# -- Loading package std_logic_1164
# -- Loading package NUMERIC_STD
# -- Loading package customTypes
# -- Compiling entity read_priority
# -- Compiling architecture arch of read_priority
# -- Compiling entity read_address_mux
# -- Compiling architecture arch of read_address_mux
# -- Compiling entity read_address_ready
# -- Compiling architecture arch of read_address_ready
# -- Compiling entity read_data_signals
# -- Compiling architecture arch of read_data_signals
# -- Compiling entity read_memory_arbiter
# -- Compiling architecture arch of read_memory_arbiter
# -- Loading entity read_priority
# -- Loading entity read_address_mux
# -- Loading entity read_address_ready
# -- Loading entity read_data_signals
# -- Compiling entity write_priority
# -- Compiling architecture arch of write_priority
# -- Compiling entity write_address_mux
# -- Compiling architecture arch of write_address_mux
# -- Compiling entity write_address_ready
# -- Compiling architecture arch of write_address_ready
# -- Compiling entity write_data_signals
# -- Compiling architecture arch of write_data_signals
# -- Compiling entity write_memory_arbiter
# -- Compiling architecture arch of write_memory_arbiter
# -- Loading entity write_priority
# -- Loading entity write_address_mux
# -- Loading entity write_address_ready
# -- Loading entity write_data_signals
# -- Compiling entity elasticBufferDummy
# -- Compiling architecture arch of elasticBufferDummy
# -- Compiling entity mc_load_op
# -- Compiling architecture arch of mc_load_op
# -- Loading entity TEHB
# -- Compiling entity mc_store_op
# -- Compiling architecture arch of mc_store_op
# -- Loading entity join
# -- Compiling entity MemCont
# -- Compiling architecture arch of MemCont
# -- Loading entity read_memory_arbiter
# -- Loading entity write_memory_arbiter
# ** Warning: /home/dynamatic/Dynamatic/etc/dynamatic/Regression_test/examples/histogram/sim/VHDL_SRC/MemCont.vhd(840): (vcom-1514) Range choice direction (downto) does not determine aggregate index range direction (to).
ModelSim> # vcom -work work -2008 -explicit -stats=none /home/dynamatic/Dynamatic/etc/dynamatic/Regression_test/examples/histogram/sim/VHDL_SRC/multipliers.vhd
# Model Technology ModelSim - Intel FPGA Edition vcom 10.5b Compiler 2016.10 Oct  5 2016
# -- Loading package STANDARD
# -- Loading package TEXTIO
# -- Loading package std_logic_1164
# -- Loading package NUMERIC_STD
# -- Compiling entity mul_4_stage
# -- Compiling architecture behav of mul_4_stage
# -- Compiling entity mul_8_stage
# -- Compiling architecture behav of mul_8_stage
ModelSim> # vcom -work work -2008 -explicit -stats=none /home/dynamatic/Dynamatic/etc/dynamatic/Regression_test/examples/histogram/sim/VHDL_SRC/simpackage.vhd
# Model Technology ModelSim - Intel FPGA Edition vcom 10.5b Compiler 2016.10 Oct  5 2016
# -- Loading package STANDARD
# -- Loading package TEXTIO
# -- Loading package std_logic_1164
# -- Loading package std_logic_arith
# -- Loading package NUMERIC_STD
# -- Loading package STD_LOGIC_UNSIGNED
# -- Loading package std_logic_textio
# -- Compiling package sim_package
# -- Compiling package body sim_package
# -- Loading package sim_package
ModelSim> # vcom -work work -2008 -explicit -stats=none /home/dynamatic/Dynamatic/etc/dynamatic/Regression_test/examples/histogram/sim/VHDL_SRC/two_port_RAM.vhd
# Model Technology ModelSim - Intel FPGA Edition vcom 10.5b Compiler 2016.10 Oct  5 2016
# -- Loading package STANDARD
# -- Loading package TEXTIO
# -- Loading package std_logic_1164
# -- Loading package std_logic_arith
# -- Loading package STD_LOGIC_UNSIGNED
# -- Loading package NUMERIC_STD
# -- Loading package std_logic_textio
# -- Loading package sim_package
# -- Compiling entity two_port_RAM
# -- Compiling architecture behav of two_port_RAM
# ** Warning: /home/dynamatic/Dynamatic/etc/dynamatic/Regression_test/examples/histogram/sim/VHDL_SRC/two_port_RAM.vhd(41): (vcom-1236) Shared variables must be of a protected type.
ModelSim> # vcom -work work -2008 -explicit -stats=none /home/dynamatic/Dynamatic/etc/dynamatic/Regression_test/examples/histogram/sim/VHDL_SRC/single_argument.vhd
# Model Technology ModelSim - Intel FPGA Edition vcom 10.5b Compiler 2016.10 Oct  5 2016
# -- Loading package STANDARD
# -- Loading package TEXTIO
# -- Loading package std_logic_1164
# -- Loading package std_logic_arith
# -- Loading package STD_LOGIC_UNSIGNED
# -- Loading package NUMERIC_STD
# -- Loading package std_logic_textio
# -- Loading package sim_package
# -- Compiling entity single_argument
# -- Compiling architecture behav of single_argument
# ** Warning: /home/dynamatic/Dynamatic/etc/dynamatic/Regression_test/examples/histogram/sim/VHDL_SRC/single_argument.vhd(34): (vcom-1236) Shared variables must be of a protected type.
ModelSim> # vcom -work work -2008 -explicit -stats=none /home/dynamatic/Dynamatic/etc/dynamatic/Regression_test/examples/histogram/sim/VHDL_SRC/arithmetic_units.vhd
# Model Technology ModelSim - Intel FPGA Edition vcom 10.5b Compiler 2016.10 Oct  5 2016
# -- Loading package STANDARD
# -- Loading package TEXTIO
# -- Loading package std_logic_1164
# -- Loading package NUMERIC_STD
# -- Loading package customTypes
# -- Compiling entity ret_op
# -- Compiling architecture arch of ret_op
# -- Loading entity TEHB
# -- Compiling entity add_op
# -- Compiling architecture arch of add_op
# -- Loading entity join
# -- Compiling entity sub_op
# -- Compiling architecture arch of sub_op
# -- Compiling entity and_op
# -- Compiling architecture arch of and_op
# -- Compiling entity or_op
# -- Compiling architecture arch of or_op
# -- Compiling entity xor_op
# -- Compiling architecture arch of xor_op
# -- Compiling entity sext_op
# -- Compiling architecture arch of sext_op
# -- Compiling entity zext_op
# -- Compiling architecture arch of zext_op
# -- Compiling entity shl_op
# -- Compiling architecture arch of shl_op
# -- Compiling entity ashr_op
# -- Compiling architecture arch of ashr_op
# -- Compiling entity lshr_op
# -- Compiling architecture arch of lshr_op
# -- Compiling entity antitokens
# -- Compiling architecture arch of antitokens
# -- Compiling entity select_op
# -- Compiling architecture arch of select_op
# -- Loading entity antitokens
# -- Compiling entity icmp_eq_op
# -- Compiling architecture arch of icmp_eq_op
# -- Compiling entity icmp_ne_op
# -- Compiling architecture arch of icmp_ne_op
# -- Compiling entity icmp_ugt_op
# -- Compiling architecture arch of icmp_ugt_op
# -- Compiling entity icmp_uge_op
# -- Compiling architecture arch of icmp_uge_op
# -- Compiling entity icmp_sgt_op
# -- Compiling architecture arch of icmp_sgt_op
# -- Compiling entity icmp_sge_op
# -- Compiling architecture arch of icmp_sge_op
# -- Compiling entity icmp_ult_op
# -- Compiling architecture arch of icmp_ult_op
# -- Compiling entity icmp_ule_op
# -- Compiling architecture arch of icmp_ule_op
# -- Compiling entity icmp_slt_op
# -- Compiling architecture arch of icmp_slt_op
# -- Compiling entity icmp_sle_op
# -- Compiling architecture arch of icmp_sle_op
# -- Compiling entity getelementptr_op
# -- Compiling architecture arch of getelementptr_op
# -- Compiling entity fcmp_oeq_op
# -- Compiling architecture arch of fcmp_oeq_op
# -- Loading entity delay_buffer
# -- Compiling entity fcmp_ogt_op
# -- Compiling architecture arch of fcmp_ogt_op
# -- Compiling entity fcmp_oge_op
# -- Compiling architecture arch of fcmp_oge_op
# -- Compiling entity fcmp_olt_op
# -- Compiling architecture arch of fcmp_olt_op
# -- Compiling entity fcmp_ole_op
# -- Compiling architecture arch of fcmp_ole_op
# -- Compiling entity fcmp_one_op
# -- Compiling architecture arch of fcmp_one_op
# -- Compiling entity fcmp_ord_op
# -- Compiling architecture arch of fcmp_ord_op
# -- Compiling entity fcmp_uno_op
# -- Compiling architecture arch of fcmp_uno_op
# -- Compiling entity fcmp_ueq_op
# -- Compiling architecture arch of fcmp_ueq_op
# -- Compiling entity fcmp_uge_op
# -- Compiling architecture arch of fcmp_uge_op
# -- Compiling entity fcmp_ult_op
# -- Compiling architecture arch of fcmp_ult_op
# -- Compiling entity fcmp_ule
# -- Compiling architecture arch of fcmp_ule
# -- Compiling entity fcmp_une
# -- Compiling architecture arch of fcmp_une
# -- Compiling entity fcmp_ugt
# -- Compiling architecture arch of fcmp_ugt
# -- Compiling entity fadd_op
# -- Compiling architecture arch of fadd_op
# -- Loading entity OEHB
# -- Compiling entity fsub_op
# -- Compiling architecture arch of fsub_op
# -- Compiling entity fmul_op
# -- Compiling architecture arch of fmul_op
# -- Compiling entity fneg_op
# -- Compiling architecture arch of fneg_op
# -- Compiling entity udiv_op
# -- Compiling architecture arch of udiv_op
# -- Compiling entity sdiv_op
# -- Compiling architecture arch of sdiv_op
# -- Compiling entity fdiv_op
# -- Compiling architecture arch of fdiv_op
# -- Compiling entity srem_op
# -- Compiling architecture arch of srem_op
# -- Compiling entity urem_op
# -- Compiling architecture arch of urem_op
# -- Compiling entity frem_op
# -- Compiling architecture arch of frem_op
# -- Compiling entity sinf_op
# -- Compiling architecture arch of sinf_op
# -- Compiling entity cosf_op
# -- Compiling architecture arch of cosf_op
# -- Compiling entity sqrtf_op
# -- Compiling architecture arch of sqrtf_op
# -- Compiling entity expf_op
# -- Compiling architecture arch of expf_op
# -- Compiling entity exp2f_op
# -- Compiling architecture arch of exp2f_op
# -- Compiling entity logf_op
# -- Compiling architecture arch of logf_op
# -- Compiling entity log2f_op
# -- Compiling architecture arch of log2f_op
# -- Compiling entity log10f_op
# -- Compiling architecture arch of log10f_op
# -- Compiling entity fabsf_op
# -- Compiling architecture arch of fabsf_op
# -- Compiling entity trunc_op
# -- Compiling architecture arch of trunc_op
# -- Compiling entity floorf_op
# -- Compiling architecture arch of floorf_op
# -- Compiling entity ceilf_op
# -- Compiling architecture arch of ceilf_op
# -- Compiling entity roundf_op
# -- Compiling architecture arch of roundf_op
# -- Compiling entity fminf_op
# -- Compiling architecture arch of fminf_op
# -- Compiling entity fmaxf_op
# -- Compiling architecture arch of fmaxf_op
# -- Compiling entity powf_op
# -- Compiling architecture arch of powf_op
# -- Compiling entity fabsf_op
# -- Compiling architecture arch of fabsf_op
# -- Compiling entity copysignf_op
# -- Compiling architecture arch of copysignf_op
# -- Compiling entity sitofp_op
# -- Compiling architecture arch of sitofp_op
ModelSim> # vcom -work work -2008 -explicit -stats=none /home/dynamatic/Dynamatic/etc/dynamatic/Regression_test/examples/histogram/sim/VHDL_SRC/sharing_components.vhd
# Model Technology ModelSim - Intel FPGA Edition vcom 10.5b Compiler 2016.10 Oct  5 2016
# -- Loading package STANDARD
# -- Loading package TEXTIO
# -- Loading package std_logic_1164
# -- Loading package NUMERIC_STD
# -- Loading package customTypes
# -- Compiling entity branchGen
# -- Compiling architecture arch of branchGen
# -- Loading entity join
# -- Compiling entity merge_one_hot
# -- Compiling architecture arch of merge_one_hot
# -- Loading entity TEHB
# -- Compiling entity distributor
# -- Compiling architecture arch of distributor
# -- Loading entity branchGen
# -- Compiling package selectorTypes
# -- Compiling entity bypassFIFO
# -- Compiling architecture arch of bypassFIFO
# -- Loading entity transpFIFO
# -- Loading package selectorTypes
# -- Compiling entity input_selector
# -- Compiling architecture arch of input_selector
# -- Loading entity merge_one_hot
# -- Loading entity bypassFIFO
# -- Compiling entity selector
# -- Compiling architecture arch of selector
# -- Loading entity input_selector
# -- Loading entity fork
# -- Loading package MATH_REAL
# -- Loading entity mux
ModelSim> # vcom -work work -2008 -explicit -stats=none /home/dynamatic/Dynamatic/etc/dynamatic/Regression_test/examples/histogram/sim/VHDL_SRC/mul_wrapper.vhd
# Model Technology ModelSim - Intel FPGA Edition vcom 10.5b Compiler 2016.10 Oct  5 2016
# -- Loading package STANDARD
# -- Loading package TEXTIO
# -- Loading package std_logic_1164
# -- Loading package NUMERIC_STD
# -- Loading package customTypes
# -- Compiling entity mul_op
# -- Compiling architecture arch of mul_op
# -- Loading entity join
# -- Loading entity mul_4_stage
# -- Loading entity delay_buffer
# -- Loading entity OEHB
ModelSim> # vcom -work work -2008 -explicit -stats=none /home/dynamatic/Dynamatic/etc/dynamatic/Regression_test/examples/histogram/sim/VHDL_SRC/histogram_optimized.vhd
# Model Technology ModelSim - Intel FPGA Edition vcom 10.5b Compiler 2016.10 Oct  5 2016
# -- Loading package STANDARD
# -- Loading package TEXTIO
# -- Loading package std_logic_1164
# -- Loading package NUMERIC_STD
# -- Loading package customTypes
# -- Compiling entity histogram
# -- Compiling architecture behavioral of histogram
# -- Loading entity start_node
# -- Loading entity Const
# -- Loading entity icmp_sgt_op
# -- Loading entity fork
# -- Loading entity branch
# -- Loading entity merge
# -- Loading package MATH_REAL
# -- Loading entity mux
# -- Loading entity mc_load_op
# -- Loading entity lsq_load_op
# -- Loading entity add_op
# -- Loading entity lsq_store_op
# -- Loading entity icmp_slt_op
# -- Loading entity cntrlMerge
# -- Loading entity elasticBuffer
# -- Loading entity transpFIFO
# -- Loading entity ret_op
# -- Loading entity MemCont
# -- Loading entity end_node
# -- Loading entity sink
ModelSim> # vcom -work work -2008 -explicit -stats=none /home/dynamatic/Dynamatic/etc/dynamatic/Regression_test/examples/histogram/sim/VHDL_SRC/hls_verify_histogram_tb.vhd
# Model Technology ModelSim - Intel FPGA Edition vcom 10.5b Compiler 2016.10 Oct  5 2016
# -- Loading package STANDARD
# -- Loading package TEXTIO
# -- Loading package std_logic_1164
# -- Loading package std_logic_arith
# -- Loading package STD_LOGIC_UNSIGNED
# -- Loading package std_logic_textio
# -- Loading package NUMERIC_STD
# -- Loading package sim_package
# -- Compiling entity histogram_tb
# -- Compiling architecture behav of histogram_tb
# ** Warning: /home/dynamatic/Dynamatic/etc/dynamatic/Regression_test/examples/histogram/sim/VHDL_SRC/hls_verify_histogram_tb.vhd(103): (vcom-1236) Shared variables must be of a protected type.
# -- Loading package customTypes
# -- Loading entity histogram
# -- Loading entity single_argument
# -- Loading entity two_port_RAM
ModelSim> # 13 compiles, 0 failed with no errors.
# vsim histogram_tb 
# Start time: 19:10:15 on Dec 01,2022
# Loading std.standard
# Loading std.textio(body)
# Loading ieee.std_logic_1164(body)
# Loading ieee.std_logic_arith(body)
# Loading ieee.std_logic_unsigned(body)
# Loading ieee.std_logic_textio(body)
# Loading ieee.numeric_std(body)
# Loading work.sim_package(body)
# Loading work.customtypes
# Loading work.histogram_tb(behav)
# Loading ieee.math_real(body)
# Loading work.histogram(behavioral)
# Loading work.start_node(arch)
# Loading work.elasticbuffer(arch)
# Loading work.tehb(arch)
# Loading work.oehb(arch)
# Loading work.const(arch)
# Loading work.icmp_sgt_op(arch)
# Loading work.join(arch)
# Loading work.andn(vanilla)
# Loading work.fork(arch)
# Loading work.orn(vanilla)
# Loading work.eagerfork_registerblock(arch)
# Loading work.branch(arch)
# Loading work.branchsimple(arch)
# Loading work.merge(arch)
# Loading work.mux(arch)
# Loading work.mc_load_op(arch)
# Loading work.lsq_load_op(arch)
# Loading work.add_op(arch)
# Loading work.lsq_store_op(arch)
# Loading work.icmp_slt_op(arch)
# Loading work.cntrlmerge(arch)
# Loading work.merge_notehb(arch)
# Loading work.transpfifo(arch)
# Loading work.elasticfifoinner(arch)
# Loading work.ret_op(arch)
# Loading work.LSQ_hist
# Loading work.STORE_QUEUE_LSQ_hist
# Loading work.LOAD_QUEUE_LSQ_hist
# Loading work.GROUP_ALLOCATOR_LSQ_hist
# Loading work.LOAD_PORT_LSQ_hist
# Loading work.STORE_DATA_PORT_LSQ_hist
# Loading work.memcont(arch)
# Loading work.read_memory_arbiter(arch)
# Loading work.read_priority(arch)
# Loading work.read_address_mux(arch)
# Loading work.read_address_ready(arch)
# Loading work.read_data_signals(arch)
# Loading work.write_memory_arbiter(arch)
# Loading work.write_priority(arch)
# Loading work.write_address_mux(arch)
# Loading work.write_address_ready(arch)
# Loading work.write_data_signals(arch)
# Loading work.end_node(arch)
# Loading work.sink(arch)
# Loading work.single_argument(behav)
# Loading work.two_port_ram(behav)
# ** Warning: Design size of 22949 statements exceeds ModelSim-Intel FPGA Starter Edition recommended capacity.
# Expect performance to be adversely affected.
# ** Warning: (vsim-8683) Uninitialized out port /histogram_tb/duv/phiC_3/dataOutArray(0)(0) has no driver.
# This port will contribute value (U) to the signal network.
# ** Warning: (vsim-8683) Uninitialized out port /histogram_tb/duv/phiC_4/dataOutArray(0)(0) has no driver.
# This port will contribute value (U) to the signal network.
# ** Warning: (vsim-8683) Uninitialized out port /histogram_tb/duv/end_0/eReadyArray(2) has no driver.
# This port will contribute value (U) to the signal network.
# ** Warning: (vsim-8683) Uninitialized out port /histogram_tb/duv/end_0/eReadyArray(1) has no driver.
# This port will contribute value (U) to the signal network.
# ** Warning: (vsim-8683) Uninitialized out port /histogram_tb/duv/end_0/eReadyArray(0) has no driver.
# This port will contribute value (U) to the signal network.
# ** Warning: (vsim-8683) Uninitialized out port /histogram_tb/duv/hist_we1 has no driver.
# This port will contribute value (U) to the signal network.
# ** Warning: (vsim-8683) Uninitialized out port /histogram_tb/duv/hist_dout1(31 downto 0) has no driver.
# This port will contribute value (32'hXXXXXXXX) to the signal network.
# ** Warning: (vsim-8683) Uninitialized out port /histogram_tb/duv/feature_we1 has no driver.
# This port will contribute value (U) to the signal network.
# ** Warning: (vsim-8683) Uninitialized out port /histogram_tb/duv/feature_dout1(31 downto 0) has no driver.
# This port will contribute value (32'hXXXXXXXX) to the signal network.
# ** Warning: (vsim-8683) Uninitialized out port /histogram_tb/duv/weight_we1 has no driver.
# This port will contribute value (U) to the signal network.
# ** Warning: (vsim-8683) Uninitialized out port /histogram_tb/duv/weight_dout1(31 downto 0) has no driver.
# This port will contribute value (32'hXXXXXXXX) to the signal network.
# ** Warning: (vsim-3116) Problem reading symbols from linux-gate.so.1 : can not open ELF file.
# ** Warning: NUMERIC_STD."=": metavalue detected, returning FALSE
#    Time: 0 ps  Iteration: 0  Instance: /histogram_tb/duv/phi_19
# ** Warning: NUMERIC_STD."=": metavalue detected, returning FALSE
#    Time: 0 ps  Iteration: 0  Instance: /histogram_tb/duv/phi_19
# ** Warning: NUMERIC_STD."=": metavalue detected, returning FALSE
#    Time: 0 ps  Iteration: 0  Instance: /histogram_tb/duv/phi_19
# ** Warning: NUMERIC_STD."=": metavalue detected, returning FALSE
#    Time: 0 ps  Iteration: 0  Instance: /histogram_tb/duv/phi_19
# ** Warning: NUMERIC_STD."<": metavalue detected, returning FALSE
#    Time: 0 ps  Iteration: 0  Instance: /histogram_tb/duv/icmp_17
# ** Warning: NUMERIC_STD."=": metavalue detected, returning FALSE
#    Time: 0 ps  Iteration: 0  Instance: /histogram_tb/duv/phi_3
# ** Warning: NUMERIC_STD."=": metavalue detected, returning FALSE
#    Time: 0 ps  Iteration: 0  Instance: /histogram_tb/duv/phi_3
# ** Warning: NUMERIC_STD."=": metavalue detected, returning FALSE
#    Time: 0 ps  Iteration: 0  Instance: /histogram_tb/duv/phi_3
# ** Warning: NUMERIC_STD."=": metavalue detected, returning FALSE
#    Time: 0 ps  Iteration: 0  Instance: /histogram_tb/duv/phi_3
# ** Warning: NUMERIC_STD.">": metavalue detected, returning FALSE
#    Time: 0 ps  Iteration: 0  Instance: /histogram_tb/duv/icmp_0
# ** Warning: NUMERIC_STD.">": metavalue detected, returning FALSE
#    Time: 0 ps  Iteration: 3  Instance: /histogram_tb/duv/icmp_0
# ** Note: simulation done!
#    Time: 4090 ns  Iteration: 1  Instance: /histogram_tb
# ** Failure: NORMAL EXIT (note: failure is to force the simulator to stop)
#    Time: 4090 ns  Iteration: 1  Process: /histogram_tb/generate_sim_done_proc File: /home/dynamatic/Dynamatic/etc/dynamatic/Regression_test/examples/histogram/sim/VHDL_SRC/hls_verify_histogram_tb.vhd
# Break in Process generate_sim_done_proc at /home/dynamatic/Dynamatic/etc/dynamatic/Regression_test/examples/histogram/sim/VHDL_SRC/hls_verify_histogram_tb.vhd line 335
# Stopped at /home/dynamatic/Dynamatic/etc/dynamatic/Regression_test/examples/histogram/sim/VHDL_SRC/hls_verify_histogram_tb.vhd line 335
# End time: 19:10:35 on Dec 01,2022, Elapsed time: 0:00:20
# Errors: 0, Warnings: 24

--- Comparison Results ---

Comparison of [end] : Pass
output_end.dat
output_hist.dat
