

**************************************************
So Dez  4 17:17:28 CET 2022
****Executing test case benchmarks/getTanh optimized ****
filename benchmarks/getTanh optimized
/home/dynamatic/Dynamatic/etc/dynamatic/fpga23-straight-lsq-interface/experiments/benchmarks/getTanh


******************************************************************
******Dynamic High-Level Synthesis Compiler***********************
******Andrea Guerrieri - Lana Josipovic - EPFL-LAP 2019 **********
******Version 2.0 - Build 1.0 ************************************
******************************************************************

synthesis_optimized.tcl
Done 
set input file: getTanh.cpp
current input filename: ./src/getTanh.cpp
Done 
Synthesize
compile getTanh.cpp . -use-lsq=true Andrea: arg1:  getTanh.cpp arg2: . arg3 -use-lsq=true arg4
/home/dynamatic/Dynamatic/etc/llvm-6.0/bin/clang -emit-llvm -S   -c src/getTanh.cpp -o .getTanh.cpp.ll
rm: cannot remove '*.s': No such file or directory
0; ModuleID = '.getTanh.cpp_mem2reg_constprop_simplifycfg_die.ll'
source_filename = "src/getTanh.cpp"
target datalayout = "e-m:e-i64:64-f80:128-n8:16:32:64-S128"
target triple = "x86_64-unknown-linux-gnu"

; Function Attrs: noinline nounwind uwtable
define i32 @_Z7getTanhPiS_(i32* %A, i32* %addr) #0 {
block1:
  br label %block2

block2:                                           ; preds = %block4, %block1
  %i.01 = phi i32 [ 0, %block1 ], [ %inc, %block4 ]
  %"2" = zext i32 %i.01 to i64
  %arrayidx = getelementptr inbounds i32, i32* %addr, i64 %"2"
  %"3" = load i32, i32* %arrayidx, align 4
  %idxprom1 = sext i32 %"3" to i64
  %arrayidx2 = getelementptr inbounds i32, i32* %A, i64 %idxprom1
  %"4" = load i32, i32* %arrayidx2, align 4
  %cmp3 = icmp sgt i32 %"4", 0
  br i1 %cmp3, label %block4, label %block3

block3:                                           ; preds = %block2
  %mul = mul nsw i32 %"4", %"4"
  %add = add nuw nsw i32 %mul, 19
  %mul4 = mul nsw i32 %add, %"4"
  %mul51 = add i32 %mul4, 3
  %add7 = mul i32 %mul51, %"4"
  br label %block4

block4:                                           ; preds = %block3, %block2
  %result.1 = phi i32 [ %add7, %block3 ], [ 1, %block2 ]
  %idxprom8 = sext i32 %"3" to i64
  %arrayidx9 = getelementptr inbounds i32, i32* %A, i64 %idxprom8
  store i32 %result.1, i32* %arrayidx9, align 4
  %inc = add nuw nsw i32 %i.01, 1
  %cmp = icmp ult i32 %inc, 1000
  br i1 %cmp, label %block2, label %block5

block5:                                           ; preds = %block4
  ret i32 %result.1
}

; Function Attrs: noinline norecurse nounwind uwtable
define i32 @main() #1 {
entry:
  %a = alloca [1 x [1000 x i32]], align 16
  %b = alloca [1 x [1000 x i32]], align 16
  br label %for.body

for.body:                                         ; preds = %for.inc15, %entry
  br label %for.body3

for.body3:                                        ; preds = %for.inc, %for.body
  %j.01 = phi i32 [ 0, %for.body ], [ %inc, %for.inc ]
  %0 = zext i32 %j.01 to i64
  %1 = getelementptr inbounds [1 x [1000 x i32]], [1 x [1000 x i32]]* %a, i64 0, i64 0, i64 %0
  store i32 %j.01, i32* %1, align 4
  %2 = zext i32 %j.01 to i64
  %3 = getelementptr inbounds [1 x [1000 x i32]], [1 x [1000 x i32]]* %b, i64 0, i64 0, i64 %2
  store i32 %j.01, i32* %3, align 4
  %rem = urem i32 %j.01, 100
  %cmp10 = icmp eq i32 %rem, 0
  br i1 %cmp10, label %if.then, label %for.inc

if.then:                                          ; preds = %for.body3
  %4 = zext i32 %j.01 to i64
  %5 = getelementptr inbounds [1 x [1000 x i32]], [1 x [1000 x i32]]* %a, i64 0, i64 0, i64 %4
  store i32 0, i32* %5, align 4
  br label %for.inc

for.inc:                                          ; preds = %if.then, %for.body3
  %inc = add nuw nsw i32 %j.01, 1
  %cmp2 = icmp ult i32 %inc, 1000
  br i1 %cmp2, label %for.body3, label %for.inc15

for.inc15:                                        ; preds = %for.inc
  br i1 false, label %for.body, label %for.end17

for.end17:                                        ; preds = %for.inc15
  %arraydecay = getelementptr inbounds [1 x [1000 x i32]], [1 x [1000 x i32]]* %a, i64 0, i64 0, i64 0
  %arraydecay23 = getelementptr inbounds [1 x [1000 x i32]], [1 x [1000 x i32]]* %b, i64 0, i64 0, i64 0
  %call = call i32 @_Z7getTanhPiS_(i32* nonnull %arraydecay, i32* nonnull %arraydecay23)
  ret i32 0
}

attributes #0 = { noinline nounwind uwtable "correctly-rounded-divide-sqrt-fp-math"="false" "disable-tail-calls"="false" "less-precise-fpmad"="false" "no-frame-pointer-elim"="true" "no-frame-pointer-elim-non-leaf" "no-infs-fp-math"="false" "no-jump-tables"="false" "no-nans-fp-math"="false" "no-signed-zeros-fp-math"="false" "no-trapping-math"="false" "stack-protector-buffer-size"="8" "target-cpu"="x86-64" "target-features"="+fxsr,+mmx,+sse,+sse2,+x87" "unsafe-fp-math"="false" "use-soft-float"="false" }
attributes #1 = { noinline norecurse nounwind uwtable "correctly-rounded-divide-sqrt-fp-math"="false" "disable-tail-calls"="false" "less-precise-fpmad"="false" "no-frame-pointer-elim"="true" "no-frame-pointer-elim-non-leaf" "no-infs-fp-math"="false" "no-jump-tables"="false" "no-nans-fp-math"="false" "no-signed-zeros-fp-math"="false" "no-trapping-math"="false" "stack-protector-buffer-size"="8" "target-cpu"="x86-64" "target-features"="+fxsr,+mmx,+sse,+sse2,+x87" "unsafe-fp-math"="false" "use-soft-float"="false" }

!llvm.module.flags = !{!0}
!llvm.ident = !{!1}

!0 = !{i32 1, !"wchar_size", i32 4}
!1 = !{!"clang version 6.0.1 (http://llvm.org/git/clang.git 2f27999df400d17b33cdd412fdd606a88208dfcc) (http://llvm.org/git/llvm.git 5136df4d089a086b70d452160ad5451861269498)"}


Done 
Done 
Optimize
buffers buffers -filename=./reports/getTanh -period=4 
Aya: INSIDE main_shab!

Aya: before parse_user_input!

Aya: after parse_user_input!
****************************************
dataflow graph name: ./reports/getTanh
milp solver: cbc
delay: 0, period: 4
timeout: 180
set optimization: true
first MG optimization: false
****************************************

Aya: after print_input!

Aya: Before constructing a DF object!
currently traversing node cst_0
currently traversing node start_0
currently traversing node cst_7
currently traversing node forkC_5
currently traversing node phi_1
currently traversing node load_4
currently traversing node load_7
currently traversing node cst_1
currently traversing node icmp_8
currently traversing node cst_4
currently traversing node forkC_0
currently traversing node buffer_bx_op_0
currently traversing node phiC_0
currently traversing node phi_n1
currently traversing node phiC_2
currently traversing node branch_2
currently traversing node branch_6
currently traversing node branchC_8
currently traversing node branchC_10
currently traversing node fork_0
currently traversing node fork_1
currently traversing node fork_6
currently traversing node forkC_7
currently traversing node fork_10
currently traversing node fork_11
currently traversing node mul_10
currently traversing node cst_2
currently traversing node add_11
currently traversing node mul_12
currently traversing node cst_3
currently traversing node add_13
currently traversing node mul_14
currently traversing node fork_8
currently traversing node forkC_9
currently traversing node phi_16
currently traversing node store_0
currently traversing node cst_5
currently traversing node add_19
currently traversing node cst_6
currently traversing node icmp_20
currently traversing node forkC_1
currently traversing node buffer_bx_op_1
currently traversing node branchC_0
currently traversing node branch_1
currently traversing node branch_7
currently traversing node fork_2
currently traversing node fork_3
currently traversing node fork_4
currently traversing node ret_0
currently traversing node LSQ_A
currently traversing node MC_addr
currently traversing node sink_0
currently traversing node sink_1
currently traversing node sink_2
currently traversing node sink_3
currently traversing node sink_4
currently traversing node sink_5
currently traversing node sink_6
currently traversing node end_0

Entering DF_I check function!!

Coming out of DF_I check function!!
===================
READING BB DOT FILE
===================
Reading graph name...
Reading set of nodes...
Reading set of edges between nodes...
Setting entry and exit BB...
	Entry: BB1, Exit: BB5
Setting BB frequencies...
BB1 : 1
BB2 : 1000
BB3 : 10
BB4 : 1000
BB5 : 1


Aya: After constructing a DF object!
Adding elastic buffers with period=4 and buffer_delay=0


Aya: Before calling DF.setMilpSolver!

Aya: After returning from DF.setMilpSolver!

Aya: Before calling DF.addElasticBuffersBB_sc!
======================
ADDING ELASTIC BUFFERS
======================
Extracting marked graphs
--------------------------
Iteration 1
ILP time: [ms] 54 
Arcs in the CFDFC:
	2->4:990
	4->2:999
Updating frequencies...
Storing CFDFC and corresponding Marked Graph...
--------------------------
Iteration 2
ILP time: [ms] 6 
Arcs in the CFDFC:
	2->3:10
	3->4:10
	4->2:9
Updating frequencies...
Storing CFDFC and corresponding Marked Graph...
--------------------------
Iteration 3
ILP time: [ms] 5 
Arcs in the CFDFC:
No new MG can be extracted to increase coverage.

*******************
Covered Frequency = 2007, Total Frequency = 2011, Coverage = 0.998011
*******************

Aya:Done Extracting marked graphs!

determining buffer from/to MC_LSQ units to/from loads.
Calculating disjoint sets of CFDFCs...
	initialize
	union
	get set of unique dsu numbers
	merge and get sub-components
Total number of Extracted Disjoint CFDFCs: 1
Adding Marked Graphs from CFDFCs...


===================================
PRINTING CHANNELS FREQUENCIES
Freq of channel in Src_BB number 1 and dst_BB number 2 is::: 1
Freq of channel in Src_BB number 1 and dst_BB number 1 is::: 1
Freq of channel in Src_BB number 1 and dst_BB number 2 is::: 1
Freq of channel in Src_BB number 1 and dst_BB number 1 is::: 1
Freq of channel in Src_BB number 1 and dst_BB number 1 is::: 1
Freq of channel in Src_BB number 1 and dst_BB number 2 is::: 1
Freq of channel in Src_BB number 1 and dst_BB number 2 is::: 1
Freq of channel in Src_BB number 2 and dst_BB number 2 is::: 1000
Freq of channel in Src_BB number 2 and dst_BB number 2 is::: 1000
Freq of channel in Src_BB number 2 and dst_BB number 0 is::: 0
Freq of channel in Src_BB number 2 and dst_BB number 2 is::: 1000
Freq of channel in Src_BB number 2 and dst_BB number 0 is::: 0
Freq of channel in Src_BB number 2 and dst_BB number 2 is::: 1000
Freq of channel in Src_BB number 2 and dst_BB number 2 is::: 1000
Freq of channel in Src_BB number 2 and dst_BB number 2 is::: 1000
Freq of channel in Src_BB number 2 and dst_BB number 2 is::: 1000
Freq of channel in Src_BB number 2 and dst_BB number 0 is::: 0
Freq of channel in Src_BB number 2 and dst_BB number 4 is::: 990
Freq of channel in Src_BB number 2 and dst_BB number 2 is::: 1000
Freq of channel in Src_BB number 2 and dst_BB number 2 is::: 1000
Freq of channel in Src_BB number 2 and dst_BB number 2 is::: 1000
Freq of channel in Src_BB number 2 and dst_BB number 3 is::: 10
Freq of channel in Src_BB number 2 and dst_BB number 0 is::: 0
Freq of channel in Src_BB number 2 and dst_BB number 4 is::: 990
Freq of channel in Src_BB number 2 and dst_BB number 0 is::: 0
Freq of channel in Src_BB number 2 and dst_BB number 3 is::: 10
Freq of channel in Src_BB number 2 and dst_BB number 0 is::: 0
Freq of channel in Src_BB number 2 and dst_BB number 2 is::: 1000
Freq of channel in Src_BB number 2 and dst_BB number 0 is::: 0
Freq of channel in Src_BB number 2 and dst_BB number 2 is::: 1000
Freq of channel in Src_BB number 2 and dst_BB number 4 is::: 990
Freq of channel in Src_BB number 2 and dst_BB number 2 is::: 1000
Freq of channel in Src_BB number 2 and dst_BB number 2 is::: 1000
Freq of channel in Src_BB number 2 and dst_BB number 2 is::: 1000
Freq of channel in Src_BB number 2 and dst_BB number 4 is::: 990
Freq of channel in Src_BB number 2 and dst_BB number 2 is::: 1000
Freq of channel in Src_BB number 2 and dst_BB number 2 is::: 1000
Freq of channel in Src_BB number 2 and dst_BB number 2 is::: 1000
Freq of channel in Src_BB number 2 and dst_BB number 2 is::: 1000
Freq of channel in Src_BB number 2 and dst_BB number 2 is::: 1000
Freq of channel in Src_BB number 2 and dst_BB number 2 is::: 1000
Freq of channel in Src_BB number 2 and dst_BB number 2 is::: 1000
Freq of channel in Src_BB number 2 and dst_BB number 4 is::: 990
Freq of channel in Src_BB number 2 and dst_BB number 4 is::: 990
Freq of channel in Src_BB number 2 and dst_BB number 2 is::: 1000
Freq of channel in Src_BB number 2 and dst_BB number 4 is::: 990
Freq of channel in Src_BB number 2 and dst_BB number 2 is::: 1000
Freq of channel in Src_BB number 2 and dst_BB number 2 is::: 1000
Freq of channel in Src_BB number 3 and dst_BB number 3 is::: 10
Freq of channel in Src_BB number 3 and dst_BB number 3 is::: 10
Freq of channel in Src_BB number 3 and dst_BB number 3 is::: 10
Freq of channel in Src_BB number 3 and dst_BB number 3 is::: 10
Freq of channel in Src_BB number 3 and dst_BB number 3 is::: 10
Freq of channel in Src_BB number 3 and dst_BB number 3 is::: 10
Freq of channel in Src_BB number 3 and dst_BB number 4 is::: 10
Freq of channel in Src_BB number 3 and dst_BB number 3 is::: 10
Freq of channel in Src_BB number 3 and dst_BB number 3 is::: 10
Freq of channel in Src_BB number 3 and dst_BB number 3 is::: 10
Freq of channel in Src_BB number 3 and dst_BB number 3 is::: 10
Freq of channel in Src_BB number 3 and dst_BB number 3 is::: 10
Freq of channel in Src_BB number 3 and dst_BB number 3 is::: 10
Freq of channel in Src_BB number 4 and dst_BB number 4 is::: 1000
Freq of channel in Src_BB number 4 and dst_BB number 0 is::: 0
Freq of channel in Src_BB number 4 and dst_BB number 0 is::: 0
Freq of channel in Src_BB number 4 and dst_BB number 4 is::: 1000
Freq of channel in Src_BB number 4 and dst_BB number 4 is::: 1000
Freq of channel in Src_BB number 4 and dst_BB number 4 is::: 1000
Freq of channel in Src_BB number 4 and dst_BB number 4 is::: 1000
Freq of channel in Src_BB number 4 and dst_BB number 4 is::: 1000
Freq of channel in Src_BB number 4 and dst_BB number 0 is::: 0
Freq of channel in Src_BB number 4 and dst_BB number 4 is::: 1000
Freq of channel in Src_BB number 4 and dst_BB number 2 is::: 999
Freq of channel in Src_BB number 4 and dst_BB number 0 is::: 0
Freq of channel in Src_BB number 4 and dst_BB number 2 is::: 999
Freq of channel in Src_BB number 4 and dst_BB number 0 is::: 0
Freq of channel in Src_BB number 4 and dst_BB number 5 is::: 1
Freq of channel in Src_BB number 4 and dst_BB number 0 is::: 0
Freq of channel in Src_BB number 4 and dst_BB number 4 is::: 1000
Freq of channel in Src_BB number 4 and dst_BB number 4 is::: 1000
Freq of channel in Src_BB number 4 and dst_BB number 4 is::: 1000
Freq of channel in Src_BB number 4 and dst_BB number 4 is::: 1000
Freq of channel in Src_BB number 4 and dst_BB number 2 is::: 999
Freq of channel in Src_BB number 4 and dst_BB number 2 is::: 999
Freq of channel in Src_BB number 4 and dst_BB number 4 is::: 1000
Freq of channel in Src_BB number 4 and dst_BB number 4 is::: 1000
Freq of channel in Src_BB number 4 and dst_BB number 4 is::: 1000
Freq of channel in Src_BB number 5 and dst_BB number 0 is::: 0
Freq of channel in Src_BB number 0 and dst_BB number 2 is::: 0
Freq of channel in Src_BB number 0 and dst_BB number 0 is::: 0
Freq of channel in Src_BB number 0 and dst_BB number 2 is::: 0
Freq of channel in Src_BB number 0 and dst_BB number 0 is::: 0

===================================
-------------------------------
Initiating MILP for MG number 0
-------------------------------
 creating throughput vars for sub_mg0

Aya: Before the loop over Blocks

Aya: After the loop over Blocks

Aya: Before the loop over Channels

Aya: After the loop over Channels
 creating throughput vars for sub_mg1

Aya: Before the loop over Blocks

Aya: After the loop over Blocks

Aya: Before the loop over Channels

Aya: After the loop over Channels

Aya: Done with the function createMilpVarsEB_sc

Aya: done with the first loop over channels!

Aya: done with the second loop over channels!

Aya: done with the first loop over blocks!

Aya: done with the second loop over blocks!

Aya: done with createPathConstraints_sc boolean function!!

Aya: done with createElasticityConstraints_sc boolean function!!
Lana: back edge is branchC_10:out2 -> phiC_2:in2
Lana: back edge is branchC_0:out2 -> phiC_0:in2
Lana: back edge is branch_1:out2 -> phi_1:in2
Lana: back edge is fork_4:out2 -> phi_n1:in2
Lana: back edge is branchC_10:out2 -> phiC_2:in2
Lana: back edge is branchC_0:out2 -> phiC_0:in2
Lana: back edge is branch_1:out2 -> phi_1:in2
Lana: back edge is fork_4:out2 -> phi_n1:in2
Solving MILP for elastic buffers: MG 0
Milp time for MG 0: [ms] 1078 

************************
*** Throughput for MG 0 in disjoint MG 0: 0.50 ***
************************
************************
*** Throughput for MG 1 in disjoint MG 0: 0.50 ***
************************
Adding buffer in phi_1:out1 -> fork_0:in1 | slots: 2, trans: 0 | BB2 -> BB2 (inner)
Adding buffer in phiC_2:out1 -> forkC_7:in1 | slots: 2, trans: 0 | BB2 -> BB2 (inner)
Adding buffer in branch_6:out2 -> phi_16:in3 | slots: 6, trans: 1 | BB2 -> BB4
Adding buffer in branchC_8:out2 -> forkC_9:in1 | slots: 2, trans: 1 | BB2 -> BB3
Adding buffer in fork_1:out4 -> phi_16:in1 | slots: 6, trans: 1 | BB2 -> BB4
Adding buffer in forkC_7:out1 -> cst_1:in1 | slots: 4, trans: 0 | BB2 -> BB2 (inner)
Adding buffer in forkC_7:out4 -> cst_4:in1 | slots: 4, trans: 0 | BB2 -> BB2 (inner)
Adding buffer in forkC_7:out3 -> branchC_8:in1 | slots: 4, trans: 1 | BB2 -> BB2 (inner)
Adding buffer in fork_8:out3 -> mul_12:in2 | slots: 2, trans: 1 | BB3 -> BB3 (inner)
Adding buffer in fork_8:out4 -> mul_14:in2 | slots: 4, trans: 1 | BB3 -> BB3 (inner)
Adding buffer in forkC_9:out2 -> cst_3:in1 | slots: 2, trans: 1 | BB3 -> BB3 (inner)
Adding buffer in fork_4:out4 -> branch_7:in2 | slots: 10, trans: 1 | BB4 -> BB4 (inner)

*** Throughput achieved in sub MG 0: 0.50 ***


*** Throughput achieved in sub MG 1: 0.50 ***

--------------------------------------
Initiating MILP for remaining channels
--------------------------------------
Solving MILP for channels not covered by MGs
Milp time for remaining channels: [ms] 27 

***************************
Total MILP time: [ms] 1105
***************************

Aya: After calling DF.addElasticBuffersBB_sc!
INSTANTIATE
Done 
Write hdl
write_hdl  . ./reports/getTanh_optimized

******************************************************************
******Dynamic High-Level Synthesis Compiler **********************
******Andrea Guerrieri - Lana Josipovic - EPFL-LAP 2019 **********
******Dot to VHDL Generator***************************************
******************************************************************
Parsing ./reports/getTanh_optimized.dot

Report Modules 
+--------------------------------------------------------------------------+
|   Node_ID|                Name|         Module_type|    Inputs|   Outputs|
+--------------------------------------------------------------------------+
|         0|               cst_0|            Constant|         1|         1|
|         1|             start_0|               Entry|         1|         1|
|         2|               cst_7|            Constant|         1|         1|
|         3|             forkC_5|                Fork|         1|         4|
|         4|               phi_1|                 Mux|         3|         1|
|         5|              load_4|            Operator|         2|         2|
|         6|              load_7|            Operator|         2|         2|
|         7|               cst_1|            Constant|         1|         1|
|         8|              icmp_8|            Operator|         2|         1|
|         9|               cst_4|            Constant|         1|         1|
|        10|             forkC_0|                Fork|         1|         2|
|        11|      buffer_bx_op_0|            Operator|         1|         1|
|        12|              phiC_0|                 Mux|         3|         1|
|        13|              phi_n1|               Merge|         2|         1|
|        14|              phiC_2|                 Mux|         3|         1|
|        15|            branch_2|              Branch|         2|         2|
|        16|            branch_6|              Branch|         2|         2|
|        17|           branchC_8|              Branch|         2|         2|
|        18|          branchC_10|              Branch|         2|         2|
|        19|              fork_0|                Fork|         1|         2|
|        20|              fork_1|                Fork|         1|         4|
|        21|              fork_6|                Fork|         1|         3|
|        22|             forkC_7|                Fork|         1|         6|
|        23|             fork_10|                Fork|         1|         2|
|        24|             fork_11|                Fork|         1|         2|
|        25|            Buffer_1|              Buffer|         1|         1|
|        26|            Buffer_2|              Buffer|         1|         1|
|        27|            Buffer_3|              Buffer|         1|         1|
|        28|            Buffer_4|               tFifo|         1|         1|
|        29|            Buffer_5|               tFifo|         1|         1|
|        30|            Buffer_6|               tFifo|         1|         1|
|        31|            Buffer_7|               nFifo|         1|         1|
|        32|            Buffer_8|               nFifo|         1|         1|
|        33|            Buffer_9|               tFifo|         1|         1|
|        34|              mul_10|            Operator|         2|         1|
|        35|               cst_2|            Constant|         1|         1|
|        36|              add_11|            Operator|         2|         1|
|        37|              mul_12|            Operator|         2|         1|
|        38|               cst_3|            Constant|         1|         1|
|        39|              add_13|            Operator|         2|         1|
|        40|              mul_14|            Operator|         2|         1|
|        41|              fork_8|                Fork|         1|         4|
|        42|             forkC_9|                Fork|         1|         2|
|        43|           Buffer_10|               tFifo|         1|         1|
|        44|           Buffer_11|               tFifo|         1|         1|
|        45|           Buffer_12|               tFifo|         1|         1|
|        46|              phi_16|                 Mux|         3|         1|
|        47|             store_0|            Operator|         2|         2|
|        48|               cst_5|            Constant|         1|         1|
|        49|              add_19|            Operator|         2|         1|
|        50|               cst_6|            Constant|         1|         1|
|        51|             icmp_20|            Operator|         2|         1|
|        52|             forkC_1|                Fork|         1|         2|
|        53|      buffer_bx_op_1|            Operator|         1|         1|
|        54|           branchC_0|              Branch|         2|         2|
|        55|            branch_1|              Branch|         2|         2|
|        56|            branch_7|              Branch|         2|         2|
|        57|              fork_2|                Fork|         1|         2|
|        58|              fork_3|                Fork|         1|         2|
|        59|              fork_4|                Fork|         1|         5|
|        60|           Buffer_13|              Buffer|         1|         1|
|        61|           Buffer_14|               tFifo|         1|         1|
|        62|               ret_0|            Operator|         1|         1|
|        63|               LSQ_A|                 LSQ|         5|         2|
|        64|             MC_addr|                  MC|         4|         2|
|        65|              sink_0|                Sink|         1|         0|
|        66|              sink_1|                Sink|         1|         0|
|        67|              sink_2|                Sink|         1|         0|
|        68|              sink_3|                Sink|         1|         0|
|        69|              sink_4|                Sink|         1|         0|
|        70|              sink_5|                Sink|         1|         0|
|        71|              sink_6|                Sink|         1|         0|
|        72|               end_0|                Exit|         3|         1|
+--------------------------------------------------------------------------+
Generating ./reports/getTanh_optimized.vhd
Generating LSQ 0 component...
lsq_generate ./reports/getTanh_optimized_lsq0_configuration.json
[[35minfo[0m] [0.006] Elaborating design...
[[35minfo[0m] [2.616] Done elaborating.
Total FIRRTL Compile Time: 17635.4 ms

Done



Done 
Exit...
Goodbye!


benchmarks/getTanh
getTanh
[INFO  CAnalyzer] Return identified: end of type int (return value).
[INFO  CAnalyzer] Parsing parameter inout_int_t A[1000]
array length 1000
[INFO  CAnalyzer] Parameter identified: A of type inout_int_t[1000].
[INFO  CAnalyzer] Parsing parameter in_int_t addr[1000]
array length 1000
[INFO  CAnalyzer] Parameter identified: addr of type in_int_t[1000].
i0
[INFO  CAnalyzer] Actual type of "A" is "int" (32 bits).
i1
[INFO  CAnalyzer] Actual type of "addr" is "int" (32 bits).
[INFO  CVER] Compiling C files [gcc ../C_SRC/hls_verify_getTanh.c -I../C_SRC -o ../C_SRC/hls_verify_getTanh.out]
[INFO  CVER] Cleaning C output files [rm -rf ../C_OUT]
[INFO  CVER] Cleaning existing input files [rm -rf ../INPUT_VECTORS]
[INFO  CVER] Creating C output files directory [mkdir -p ../C_OUT]
[INFO  CVER] Creating input files directory [mkdir -p ../INPUT_VECTORS]
[INFO  CVER] Executing C test-bench [../C_SRC/hls_verify_getTanh.out]
[INFO  CVER] C simulation finished. Outputs saved in directory ../C_OUT.
[INFO  VVER] Generating VHDL testbench for entity getTanh
[INFO  VVER] Transaction number computed : 1
[INFO  VVER] Copying supplementary files: [cp /home/dynamatic/Dynamatic/etc/dynamatic/fpga23-straight-lsq-interface/experiments/hls_verifier/HlsVerifier/build/resources/template_two_port_RAM.vhd ../VHDL_SRC/two_port_RAM.vhd]
[INFO  VVER] Copying supplementary files: [cp /home/dynamatic/Dynamatic/etc/dynamatic/fpga23-straight-lsq-interface/experiments/hls_verifier/HlsVerifier/build/resources/template_single_argument.vhd ../VHDL_SRC/single_argument.vhd]
[INFO  VVER] Copying supplementary files: [cp /home/dynamatic/Dynamatic/etc/dynamatic/fpga23-straight-lsq-interface/experiments/hls_verifier/HlsVerifier/build/resources/template_simpackage.vhd ../VHDL_SRC/simpackage.vhd]
[INFO  VVER] Copying supplementary files: [cp /home/dynamatic/Dynamatic/etc/dynamatic/fpga23-straight-lsq-interface/experiments/hls_verifier/HlsVerifier/build/resources/modelsim.ini ./modelsim.ini]
[INFO  VVER] Cleaning VHDL output files [rm -rf ../VHDL_OUT]
[INFO  VVER] Creating VHDL output files directory [mkdir -p ../VHDL_OUT]
[INFO  VVER] Executing modelsim: [vsim -c -do simulation.do]
Reading pref.tcl

# 10.5b

# do simulation.do
# Model Technology ModelSim - Intel FPGA Edition vmap 10.5b Lib Mapping Utility 2016.10 Oct  5 2016
# vmap work work 
# Modifying modelsim.ini
# Loading project simulation
# Model Technology ModelSim - Intel FPGA Edition vlog 10.5b Compiler 2016.10 Oct  5 2016
# Start time: 17:17:57 on Dec 04,2022
# vlog -work work /home/dynamatic/Dynamatic/etc/dynamatic/fpga23-straight-lsq-interface/experiments/benchmarks/getTanh/sim/VHDL_SRC/LSQ_A.v 
# -- Compiling module STORE_QUEUE_LSQ_A
# -- Compiling module LOAD_QUEUE_LSQ_A
# -- Compiling module GROUP_ALLOCATOR_LSQ_A
# -- Compiling module LOAD_PORT_LSQ_A
# -- Compiling module STORE_DATA_PORT_LSQ_A
# -- Compiling module LSQ_A
# 
# Top level modules:
# 	LSQ_A
# End time: 17:17:58 on Dec 04,2022, Elapsed time: 0:00:01
# Errors: 0, Warnings: 0
# Compile of LSQ_A.v was successful.
# Model Technology ModelSim - Intel FPGA Edition vcom 10.5b Compiler 2016.10 Oct  5 2016
# Start time: 17:17:58 on Dec 04,2022
# vcom -work work -2008 -explicit /home/dynamatic/Dynamatic/etc/dynamatic/fpga23-straight-lsq-interface/experiments/benchmarks/getTanh/sim/VHDL_SRC/delay_buffer.vhd 
# -- Loading package STANDARD
# -- Loading package TEXTIO
# -- Loading package std_logic_1164
# -- Loading package NUMERIC_STD
# -- Compiling entity delay_buffer
# -- Compiling architecture arch of delay_buffer
# End time: 17:17:58 on Dec 04,2022, Elapsed time: 0:00:00
# Errors: 0, Warnings: 0
# Compile of delay_buffer.vhd was successful.
# Model Technology ModelSim - Intel FPGA Edition vcom 10.5b Compiler 2016.10 Oct  5 2016
# Start time: 17:17:58 on Dec 04,2022
# vcom -work work -2008 -explicit /home/dynamatic/Dynamatic/etc/dynamatic/fpga23-straight-lsq-interface/experiments/benchmarks/getTanh/sim/VHDL_SRC/arithmetic_units.vhd 
# -- Loading package STANDARD
# -- Loading package TEXTIO
# -- Loading package std_logic_1164
# -- Loading package NUMERIC_STD
# ** Error: (vcom-11) Could not find work.customtypes.
# ** Error (suppressible): /home/dynamatic/Dynamatic/etc/dynamatic/fpga23-straight-lsq-interface/experiments/benchmarks/getTanh/sim/VHDL_SRC/arithmetic_units.vhd(8): (vcom-1195) Cannot find expanded name "work.customTypes".
# ** Error: /home/dynamatic/Dynamatic/etc/dynamatic/fpga23-straight-lsq-interface/experiments/benchmarks/getTanh/sim/VHDL_SRC/arithmetic_units.vhd(8): Unknown expanded name.
# ** Error: /home/dynamatic/Dynamatic/etc/dynamatic/fpga23-straight-lsq-interface/experiments/benchmarks/getTanh/sim/VHDL_SRC/arithmetic_units.vhd(10): VHDL Compiler exiting
# End time: 17:17:58 on Dec 04,2022, Elapsed time: 0:00:00
# Errors: 4, Warnings: 0
# Model Technology ModelSim - Intel FPGA Edition vcom 10.5b Compiler 2016.10 Oct  5 2016
# Start time: 17:17:58 on Dec 04,2022
# vcom -work work -2008 -explicit /home/dynamatic/Dynamatic/etc/dynamatic/fpga23-straight-lsq-interface/experiments/benchmarks/getTanh/sim/VHDL_SRC/getTanh_optimized.vhd 
# -- Loading package STANDARD
# -- Loading package TEXTIO
# -- Loading package std_logic_1164
# -- Loading package NUMERIC_STD
# ** Error: (vcom-11) Could not find work.customtypes.
# ** Error (suppressible): /home/dynamatic/Dynamatic/etc/dynamatic/fpga23-straight-lsq-interface/experiments/benchmarks/getTanh/sim/VHDL_SRC/getTanh_optimized.vhd(9): (vcom-1195) Cannot find expanded name "work.customTypes".
# ** Error: /home/dynamatic/Dynamatic/etc/dynamatic/fpga23-straight-lsq-interface/experiments/benchmarks/getTanh/sim/VHDL_SRC/getTanh_optimized.vhd(9): Unknown expanded name.
# ** Error: /home/dynamatic/Dynamatic/etc/dynamatic/fpga23-straight-lsq-interface/experiments/benchmarks/getTanh/sim/VHDL_SRC/getTanh_optimized.vhd(11): VHDL Compiler exiting
# End time: 17:17:58 on Dec 04,2022, Elapsed time: 0:00:00
# Errors: 4, Warnings: 0
# Model Technology ModelSim - Intel FPGA Edition vcom 10.5b Compiler 2016.10 Oct  5 2016
# Start time: 17:17:58 on Dec 04,2022
# vcom -work work -2008 -explicit /home/dynamatic/Dynamatic/etc/dynamatic/fpga23-straight-lsq-interface/experiments/benchmarks/getTanh/sim/VHDL_SRC/sharing_components.vhd 
# -- Loading package STANDARD
# -- Loading package TEXTIO
# -- Loading package std_logic_1164
# -- Loading package NUMERIC_STD
# ** Error: (vcom-11) Could not find work.customtypes.
# ** Error (suppressible): /home/dynamatic/Dynamatic/etc/dynamatic/fpga23-straight-lsq-interface/experiments/benchmarks/getTanh/sim/VHDL_SRC/sharing_components.vhd(6): (vcom-1195) Cannot find expanded name "work.customTypes".
# ** Error: /home/dynamatic/Dynamatic/etc/dynamatic/fpga23-straight-lsq-interface/experiments/benchmarks/getTanh/sim/VHDL_SRC/sharing_components.vhd(6): Unknown expanded name.
# ** Error: /home/dynamatic/Dynamatic/etc/dynamatic/fpga23-straight-lsq-interface/experiments/benchmarks/getTanh/sim/VHDL_SRC/sharing_components.vhd(8): VHDL Compiler exiting
# End time: 17:17:58 on Dec 04,2022, Elapsed time: 0:00:00
# Errors: 4, Warnings: 0
# Model Technology ModelSim - Intel FPGA Edition vcom 10.5b Compiler 2016.10 Oct  5 2016
# Start time: 17:17:58 on Dec 04,2022
# vcom -work work -2008 -explicit /home/dynamatic/Dynamatic/etc/dynamatic/fpga23-straight-lsq-interface/experiments/benchmarks/getTanh/sim/VHDL_SRC/elastic_components.vhd 
# -- Loading package STANDARD
# -- Loading package TEXTIO
# -- Loading package std_logic_1164
# -- Compiling package customTypes
# -- Loading package customTypes
# -- Compiling entity andN
# -- Compiling architecture vanilla of andn
# -- Compiling entity nandN
# -- Compiling architecture arch of nandn
# -- Compiling entity orN
# -- Compiling architecture vanilla of orN
# -- Compiling entity norN
# -- Compiling architecture arch of norN
# -- Compiling entity join
# -- Compiling architecture arch of join
# -- Loading entity andN
# -- Loading package NUMERIC_STD
# -- Compiling entity TEHB
# -- Compiling architecture arch of TEHB
# -- Compiling entity OEHB
# -- Compiling architecture arch of OEHB
# -- Compiling entity elasticBuffer
# -- Compiling architecture arch of elasticBuffer
# -- Loading entity TEHB
# -- Loading entity OEHB
# -- Compiling entity buffer_bx_op
# -- Compiling architecture arch of buffer_bx_op
# -- Compiling entity join_bx_op
# -- Compiling architecture arch of join_bx_op
# -- Loading entity join
# -- Compiling entity end_node
# -- Compiling architecture arch of end_node
# -- Compiling entity branchSimple
# -- Compiling architecture arch of branchSimple
# -- Compiling entity branch
# -- Compiling architecture arch of branch
# -- Loading entity branchSimple
# -- Compiling entity eagerFork_RegisterBLock
# -- Compiling architecture arch of eagerFork_RegisterBLock
# -- Compiling entity fork
# -- Compiling architecture arch of fork
# -- Loading entity orN
# -- Loading entity eagerFork_RegisterBLock
# -- Compiling entity lazyfork
# -- Compiling architecture arch of lazyfork
# -- Compiling entity merge
# -- Compiling architecture arch of merge
# -- Compiling entity merge_notehb
# -- Compiling architecture arch of merge_notehb
# -- Compiling entity start_node_new
# -- Compiling architecture arch of start_node_new
# -- Loading entity elasticBuffer
# -- Compiling entity aya_start_node
# -- Compiling architecture arch of aya_start_node
# -- Compiling entity start_node
# -- Compiling architecture arch of start_node
# -- Compiling entity sink
# -- Compiling architecture arch of sink
# -- Compiling entity source
# -- Compiling architecture arch of source
# -- Compiling entity elasticFifoInner
# -- Compiling architecture arch of elasticFifoInner
# -- Compiling entity nontranspFifo
# -- Compiling architecture arch of nontranspFifo
# -- Loading entity elasticFifoInner
# -- Compiling entity transpFIFO
# -- Compiling architecture arch of transpFIFO
# -- Compiling entity load_op
# -- Compiling architecture arch of load_op
# -- Compiling entity Const
# -- Compiling architecture arch of Const
# -- Compiling entity write_memory_single_inside
# -- Compiling architecture arch of write_memory_single_inside
# -- Compiling entity store_op
# -- Compiling architecture arch of store_op
# -- Loading entity write_memory_single_inside
# -- Loading package MATH_REAL
# -- Compiling entity Inj
# -- Compiling architecture arch of Inj
# -- Compiling entity mux
# -- Compiling architecture arch of mux
# -- Compiling entity cntrlMerge
# -- Compiling architecture arch of cntrlMerge
# -- Loading entity merge_notehb
# -- Loading entity fork
# -- Compiling entity lsq_load_op
# -- Compiling architecture arch of lsq_load_op
# -- Compiling entity lsq_store_op
# -- Compiling architecture arch of lsq_store_op
# End time: 17:17:58 on Dec 04,2022, Elapsed time: 0:00:00
# Errors: 0, Warnings: 0
# Compile of elastic_components.vhd was successful.
# Model Technology ModelSim - Intel FPGA Edition vcom 10.5b Compiler 2016.10 Oct  5 2016
# Start time: 17:17:58 on Dec 04,2022
# vcom -work work -2008 -explicit /home/dynamatic/Dynamatic/etc/dynamatic/fpga23-straight-lsq-interface/experiments/benchmarks/getTanh/sim/VHDL_SRC/mul_wrapper.vhd 
# -- Loading package STANDARD
# -- Loading package TEXTIO
# -- Loading package std_logic_1164
# -- Loading package NUMERIC_STD
# -- Loading package customTypes
# -- Compiling entity mul_op
# -- Compiling architecture arch of mul_op
# -- Loading entity join
# ** Error: (vcom-11) Could not find work.mul_4_stage.
# ** Error (suppressible): /home/dynamatic/Dynamatic/etc/dynamatic/fpga23-straight-lsq-interface/experiments/benchmarks/getTanh/sim/VHDL_SRC/mul_wrapper.vhd(45): (vcom-1195) Cannot find expanded name "work.mul_4_stage".
# ** Error: /home/dynamatic/Dynamatic/etc/dynamatic/fpga23-straight-lsq-interface/experiments/benchmarks/getTanh/sim/VHDL_SRC/mul_wrapper.vhd(45): Unknown expanded name.
# -- Loading entity delay_buffer
# -- Loading entity OEHB
# ** Error: /home/dynamatic/Dynamatic/etc/dynamatic/fpga23-straight-lsq-interface/experiments/benchmarks/getTanh/sim/VHDL_SRC/mul_wrapper.vhd(76): VHDL Compiler exiting
# End time: 17:17:58 on Dec 04,2022, Elapsed time: 0:00:00
# Errors: 4, Warnings: 0
# Model Technology ModelSim - Intel FPGA Edition vcom 10.5b Compiler 2016.10 Oct  5 2016
# Start time: 17:17:58 on Dec 04,2022
# vcom -work work -2008 -explicit /home/dynamatic/Dynamatic/etc/dynamatic/fpga23-straight-lsq-interface/experiments/benchmarks/getTanh/sim/VHDL_SRC/MemCont.vhd 
# -- Loading package STANDARD
# -- Loading package TEXTIO
# -- Loading package std_logic_1164
# -- Loading package NUMERIC_STD
# -- Loading package customTypes
# -- Compiling entity read_priority
# -- Compiling architecture arch of read_priority
# -- Compiling entity read_address_mux
# -- Compiling architecture arch of read_address_mux
# -- Compiling entity read_address_ready
# -- Compiling architecture arch of read_address_ready
# -- Compiling entity read_data_signals
# -- Compiling architecture arch of read_data_signals
# -- Compiling entity read_memory_arbiter
# -- Compiling architecture arch of read_memory_arbiter
# -- Loading entity read_priority
# -- Loading entity read_address_mux
# -- Loading entity read_address_ready
# -- Loading entity read_data_signals
# -- Compiling entity write_priority
# -- Compiling architecture arch of write_priority
# -- Compiling entity write_address_mux
# -- Compiling architecture arch of write_address_mux
# -- Compiling entity write_address_ready
# -- Compiling architecture arch of write_address_ready
# -- Compiling entity write_data_signals
# -- Compiling architecture arch of write_data_signals
# -- Compiling entity write_memory_arbiter
# -- Compiling architecture arch of write_memory_arbiter
# -- Loading entity write_priority
# -- Loading entity write_address_mux
# -- Loading entity write_address_ready
# -- Loading entity write_data_signals
# -- Compiling entity elasticBufferDummy
# -- Compiling architecture arch of elasticBufferDummy
# -- Compiling entity mc_load_op
# -- Compiling architecture arch of mc_load_op
# -- Loading entity TEHB
# -- Compiling entity mc_store_op
# -- Compiling architecture arch of mc_store_op
# -- Loading entity join
# -- Compiling entity MemCont
# -- Compiling architecture arch of MemCont
# -- Loading entity read_memory_arbiter
# -- Loading entity write_memory_arbiter
# ** Warning: /home/dynamatic/Dynamatic/etc/dynamatic/fpga23-straight-lsq-interface/experiments/benchmarks/getTanh/sim/VHDL_SRC/MemCont.vhd(840): (vcom-1514) Range choice direction (downto) does not determine aggregate index range direction (to).
# End time: 17:17:58 on Dec 04,2022, Elapsed time: 0:00:00
# Errors: 0, Warnings: 1
# Compile of MemCont.vhd was successful.
# Model Technology ModelSim - Intel FPGA Edition vcom 10.5b Compiler 2016.10 Oct  5 2016
# Start time: 17:17:58 on Dec 04,2022
# vcom -work work -2008 -explicit /home/dynamatic/Dynamatic/etc/dynamatic/fpga23-straight-lsq-interface/experiments/benchmarks/getTanh/sim/VHDL_SRC/multipliers.vhd 
# -- Loading package STANDARD
# -- Loading package TEXTIO
# -- Loading package std_logic_1164
# -- Loading package NUMERIC_STD
# -- Compiling entity mul_4_stage
# -- Compiling architecture behav of mul_4_stage
# -- Compiling entity mul_8_stage
# -- Compiling architecture behav of mul_8_stage
# End time: 17:17:58 on Dec 04,2022, Elapsed time: 0:00:00
# Errors: 0, Warnings: 0
# Compile of multipliers.vhd was successful.
# Model Technology ModelSim - Intel FPGA Edition vcom 10.5b Compiler 2016.10 Oct  5 2016
# Start time: 17:17:58 on Dec 04,2022
# vcom -work work -2008 -explicit /home/dynamatic/Dynamatic/etc/dynamatic/fpga23-straight-lsq-interface/experiments/benchmarks/getTanh/sim/VHDL_SRC/simpackage.vhd 
# -- Loading package STANDARD
# -- Loading package TEXTIO
# -- Loading package std_logic_1164
# -- Loading package std_logic_arith
# -- Loading package NUMERIC_STD
# -- Loading package STD_LOGIC_UNSIGNED
# -- Loading package std_logic_textio
# -- Compiling package sim_package
# -- Compiling package body sim_package
# -- Loading package sim_package
# End time: 17:17:58 on Dec 04,2022, Elapsed time: 0:00:00
# Errors: 0, Warnings: 0
# Compile of simpackage.vhd was successful.
# Model Technology ModelSim - Intel FPGA Edition vcom 10.5b Compiler 2016.10 Oct  5 2016
# Start time: 17:17:58 on Dec 04,2022
# vcom -work work -2008 -explicit /home/dynamatic/Dynamatic/etc/dynamatic/fpga23-straight-lsq-interface/experiments/benchmarks/getTanh/sim/VHDL_SRC/two_port_RAM.vhd 
# -- Loading package STANDARD
# -- Loading package TEXTIO
# -- Loading package std_logic_1164
# -- Loading package std_logic_arith
# -- Loading package STD_LOGIC_UNSIGNED
# -- Loading package NUMERIC_STD
# -- Loading package std_logic_textio
# -- Loading package sim_package
# -- Compiling entity two_port_RAM
# -- Compiling architecture behav of two_port_RAM
# ** Warning: /home/dynamatic/Dynamatic/etc/dynamatic/fpga23-straight-lsq-interface/experiments/benchmarks/getTanh/sim/VHDL_SRC/two_port_RAM.vhd(41): (vcom-1236) Shared variables must be of a protected type.
# End time: 17:17:58 on Dec 04,2022, Elapsed time: 0:00:00
# Errors: 0, Warnings: 1
# Compile of two_port_RAM.vhd was successful.
# Model Technology ModelSim - Intel FPGA Edition vcom 10.5b Compiler 2016.10 Oct  5 2016
# Start time: 17:17:58 on Dec 04,2022
# vcom -work work -2008 -explicit /home/dynamatic/Dynamatic/etc/dynamatic/fpga23-straight-lsq-interface/experiments/benchmarks/getTanh/sim/VHDL_SRC/hls_verify_getTanh_tb.vhd 
# -- Loading package STANDARD
# -- Loading package TEXTIO
# -- Loading package std_logic_1164
# -- Loading package std_logic_arith
# -- Loading package STD_LOGIC_UNSIGNED
# -- Loading package std_logic_textio
# -- Loading package NUMERIC_STD
# -- Loading package sim_package
# -- Compiling entity getTanh_tb
# -- Compiling architecture behav of getTanh_tb
# ** Warning: /home/dynamatic/Dynamatic/etc/dynamatic/fpga23-straight-lsq-interface/experiments/benchmarks/getTanh/sim/VHDL_SRC/hls_verify_getTanh_tb.vhd(77): (vcom-1236) Shared variables must be of a protected type.
# ** Error: (vcom-11) Could not find work.gettanh.
# ** Error (suppressible): /home/dynamatic/Dynamatic/etc/dynamatic/fpga23-straight-lsq-interface/experiments/benchmarks/getTanh/sim/VHDL_SRC/hls_verify_getTanh_tb.vhd(82): (vcom-1195) Cannot find expanded name "work.getTanh".
# ** Error: /home/dynamatic/Dynamatic/etc/dynamatic/fpga23-straight-lsq-interface/experiments/benchmarks/getTanh/sim/VHDL_SRC/hls_verify_getTanh_tb.vhd(82): Unknown expanded name.
# ** Error: (vcom-11) Could not find work.single_argument.
# ** Error (suppressible): /home/dynamatic/Dynamatic/etc/dynamatic/fpga23-straight-lsq-interface/experiments/benchmarks/getTanh/sim/VHDL_SRC/hls_verify_getTanh_tb.vhd(115): (vcom-1195) Cannot find expanded name "work.single_argument".
# ** Error: /home/dynamatic/Dynamatic/etc/dynamatic/fpga23-straight-lsq-interface/experiments/benchmarks/getTanh/sim/VHDL_SRC/hls_verify_getTanh_tb.vhd(115): Unknown expanded name.
# -- Loading entity two_port_RAM
# ** Error: /home/dynamatic/Dynamatic/etc/dynamatic/fpga23-straight-lsq-interface/experiments/benchmarks/getTanh/sim/VHDL_SRC/hls_verify_getTanh_tb.vhd(331): VHDL Compiler exiting
# End time: 17:17:58 on Dec 04,2022, Elapsed time: 0:00:00
# Errors: 7, Warnings: 1
# Model Technology ModelSim - Intel FPGA Edition vcom 10.5b Compiler 2016.10 Oct  5 2016
# Start time: 17:17:58 on Dec 04,2022
# vcom -work work -2008 -explicit /home/dynamatic/Dynamatic/etc/dynamatic/fpga23-straight-lsq-interface/experiments/benchmarks/getTanh/sim/VHDL_SRC/single_argument.vhd 
# -- Loading package STANDARD
# -- Loading package TEXTIO
# -- Loading package std_logic_1164
# -- Loading package std_logic_arith
# -- Loading package STD_LOGIC_UNSIGNED
# -- Loading package NUMERIC_STD
# -- Loading package std_logic_textio
# -- Loading package sim_package
# -- Compiling entity single_argument
# -- Compiling architecture behav of single_argument
# ** Warning: /home/dynamatic/Dynamatic/etc/dynamatic/fpga23-straight-lsq-interface/experiments/benchmarks/getTanh/sim/VHDL_SRC/single_argument.vhd(34): (vcom-1236) Shared variables must be of a protected type.
# End time: 17:17:58 on Dec 04,2022, Elapsed time: 0:00:00
# Errors: 0, Warnings: 1
# Compile of single_argument.vhd was successful.
# Model Technology ModelSim - Intel FPGA Edition vcom 10.5b Compiler 2016.10 Oct  5 2016
# Start time: 17:17:58 on Dec 04,2022
# vcom -work work -2008 -explicit /home/dynamatic/Dynamatic/etc/dynamatic/fpga23-straight-lsq-interface/experiments/benchmarks/getTanh/sim/VHDL_SRC/arithmetic_units.vhd 
# -- Loading package STANDARD
# -- Loading package TEXTIO
# -- Loading package std_logic_1164
# -- Loading package NUMERIC_STD
# -- Loading package customTypes
# -- Compiling entity ret_op
# -- Compiling architecture arch of ret_op
# -- Loading entity TEHB
# -- Compiling entity add_op
# -- Compiling architecture arch of add_op
# -- Loading entity join
# -- Compiling entity sub_op
# -- Compiling architecture arch of sub_op
# -- Compiling entity and_op
# -- Compiling architecture arch of and_op
# -- Compiling entity or_op
# -- Compiling architecture arch of or_op
# -- Compiling entity xor_op
# -- Compiling architecture arch of xor_op
# -- Compiling entity sext_op
# -- Compiling architecture arch of sext_op
# -- Compiling entity zext_op
# -- Compiling architecture arch of zext_op
# -- Compiling entity shl_op
# -- Compiling architecture arch of shl_op
# -- Compiling entity ashr_op
# -- Compiling architecture arch of ashr_op
# -- Compiling entity lshr_op
# -- Compiling architecture arch of lshr_op
# -- Compiling entity antitokens
# -- Compiling architecture arch of antitokens
# -- Compiling entity select_op
# -- Compiling architecture arch of select_op
# -- Loading entity antitokens
# -- Compiling entity icmp_eq_op
# -- Compiling architecture arch of icmp_eq_op
# -- Compiling entity icmp_ne_op
# -- Compiling architecture arch of icmp_ne_op
# -- Compiling entity icmp_ugt_op
# -- Compiling architecture arch of icmp_ugt_op
# -- Compiling entity icmp_uge_op
# -- Compiling architecture arch of icmp_uge_op
# -- Compiling entity icmp_sgt_op
# -- Compiling architecture arch of icmp_sgt_op
# -- Compiling entity icmp_sge_op
# -- Compiling architecture arch of icmp_sge_op
# -- Compiling entity icmp_ult_op
# -- Compiling architecture arch of icmp_ult_op
# -- Compiling entity icmp_ule_op
# -- Compiling architecture arch of icmp_ule_op
# -- Compiling entity icmp_slt_op
# -- Compiling architecture arch of icmp_slt_op
# -- Compiling entity icmp_sle_op
# -- Compiling architecture arch of icmp_sle_op
# -- Compiling entity getelementptr_op
# -- Compiling architecture arch of getelementptr_op
# -- Compiling entity fcmp_oeq_op
# -- Compiling architecture arch of fcmp_oeq_op
# -- Loading entity delay_buffer
# -- Compiling entity fcmp_ogt_op
# -- Compiling architecture arch of fcmp_ogt_op
# -- Compiling entity fcmp_oge_op
# -- Compiling architecture arch of fcmp_oge_op
# -- Compiling entity fcmp_olt_op
# -- Compiling architecture arch of fcmp_olt_op
# -- Compiling entity fcmp_ole_op
# -- Compiling architecture arch of fcmp_ole_op
# -- Compiling entity fcmp_one_op
# -- Compiling architecture arch of fcmp_one_op
# -- Compiling entity fcmp_ord_op
# -- Compiling architecture arch of fcmp_ord_op
# -- Compiling entity fcmp_uno_op
# -- Compiling architecture arch of fcmp_uno_op
# -- Compiling entity fcmp_ueq_op
# -- Compiling architecture arch of fcmp_ueq_op
# -- Compiling entity fcmp_uge_op
# -- Compiling architecture arch of fcmp_uge_op
# -- Compiling entity fcmp_ult_op
# -- Compiling architecture arch of fcmp_ult_op
# -- Compiling entity fcmp_ule
# -- Compiling architecture arch of fcmp_ule
# -- Compiling entity fcmp_une
# -- Compiling architecture arch of fcmp_une
# -- Compiling entity fcmp_ugt
# -- Compiling architecture arch of fcmp_ugt
# -- Compiling entity fadd_op
# -- Compiling architecture arch of fadd_op
# -- Loading entity OEHB
# -- Compiling entity fsub_op
# -- Compiling architecture arch of fsub_op
# -- Compiling entity fmul_op
# -- Compiling architecture arch of fmul_op
# -- Compiling entity fneg_op
# -- Compiling architecture arch of fneg_op
# -- Compiling entity udiv_op
# -- Compiling architecture arch of udiv_op
# -- Compiling entity sdiv_op
# -- Compiling architecture arch of sdiv_op
# -- Compiling entity fdiv_op
# -- Compiling architecture arch of fdiv_op
# -- Compiling entity srem_op
# -- Compiling architecture arch of srem_op
# -- Compiling entity urem_op
# -- Compiling architecture arch of urem_op
# -- Compiling entity frem_op
# -- Compiling architecture arch of frem_op
# -- Compiling entity sinf_op
# -- Compiling architecture arch of sinf_op
# -- Compiling entity cosf_op
# -- Compiling architecture arch of cosf_op
# -- Compiling entity sqrtf_op
# -- Compiling architecture arch of sqrtf_op
# -- Compiling entity expf_op
# -- Compiling architecture arch of expf_op
# -- Compiling entity exp2f_op
# -- Compiling architecture arch of exp2f_op
# -- Compiling entity logf_op
# -- Compiling architecture arch of logf_op
# -- Compiling entity log2f_op
# -- Compiling architecture arch of log2f_op
# -- Compiling entity log10f_op
# -- Compiling architecture arch of log10f_op
# -- Compiling entity fabsf_op
# -- Compiling architecture arch of fabsf_op
# -- Compiling entity trunc_op
# -- Compiling architecture arch of trunc_op
# -- Compiling entity floorf_op
# -- Compiling architecture arch of floorf_op
# -- Compiling entity ceilf_op
# -- Compiling architecture arch of ceilf_op
# -- Compiling entity roundf_op
# -- Compiling architecture arch of roundf_op
# -- Compiling entity fminf_op
# -- Compiling architecture arch of fminf_op
# -- Compiling entity fmaxf_op
# -- Compiling architecture arch of fmaxf_op
# -- Compiling entity powf_op
# -- Compiling architecture arch of powf_op
# -- Compiling entity fabsf_op
# -- Compiling architecture arch of fabsf_op
# -- Compiling entity copysignf_op
# -- Compiling architecture arch of copysignf_op
# -- Compiling entity sitofp_op
# -- Compiling architecture arch of sitofp_op
# End time: 17:17:59 on Dec 04,2022, Elapsed time: 0:00:01
# Errors: 0, Warnings: 0
# Compile of arithmetic_units.vhd was successful.
# Model Technology ModelSim - Intel FPGA Edition vcom 10.5b Compiler 2016.10 Oct  5 2016
# Start time: 17:17:59 on Dec 04,2022
# vcom -work work -2008 -explicit /home/dynamatic/Dynamatic/etc/dynamatic/fpga23-straight-lsq-interface/experiments/benchmarks/getTanh/sim/VHDL_SRC/getTanh_optimized.vhd 
# -- Loading package STANDARD
# -- Loading package TEXTIO
# -- Loading package std_logic_1164
# -- Loading package NUMERIC_STD
# -- Loading package customTypes
# -- Compiling entity getTanh
# -- Compiling architecture behavioral of getTanh
# -- Loading entity Const
# -- Loading entity start_node
# -- Loading entity fork
# -- Loading package MATH_REAL
# -- Loading entity mux
# -- Loading entity mc_load_op
# -- Loading entity lsq_load_op
# -- Loading entity icmp_sgt_op
# -- Loading entity buffer_bx_op
# -- Loading entity merge
# -- Loading entity branch
# -- Loading entity elasticBuffer
# -- Loading entity transpFIFO
# -- Loading entity nontranspFifo
# -- Loading entity mul_op
# -- Loading entity add_op
# -- Loading entity lsq_store_op
# -- Loading entity icmp_ult_op
# -- Loading entity ret_op
# -- Loading entity MemCont
# -- Loading entity sink
# -- Loading entity end_node
# End time: 17:17:59 on Dec 04,2022, Elapsed time: 0:00:00
# Errors: 0, Warnings: 0
# Compile of getTanh_optimized.vhd was successful.
# Model Technology ModelSim - Intel FPGA Edition vcom 10.5b Compiler 2016.10 Oct  5 2016
# Start time: 17:17:59 on Dec 04,2022
# vcom -work work -2008 -explicit /home/dynamatic/Dynamatic/etc/dynamatic/fpga23-straight-lsq-interface/experiments/benchmarks/getTanh/sim/VHDL_SRC/sharing_components.vhd 
# -- Loading package STANDARD
# -- Loading package TEXTIO
# -- Loading package std_logic_1164
# -- Loading package NUMERIC_STD
# -- Loading package customTypes
# -- Compiling entity branchGen
# -- Compiling architecture arch of branchGen
# -- Loading entity join
# -- Compiling entity merge_one_hot
# -- Compiling architecture arch of merge_one_hot
# -- Loading entity TEHB
# -- Compiling entity distributor
# -- Compiling architecture arch of distributor
# -- Loading entity branchGen
# -- Compiling package selectorTypes
# -- Compiling entity bypassFIFO
# -- Compiling architecture arch of bypassFIFO
# -- Loading entity transpFIFO
# -- Loading package selectorTypes
# -- Compiling entity input_selector
# -- Compiling architecture arch of input_selector
# -- Loading entity merge_one_hot
# -- Loading entity bypassFIFO
# -- Compiling entity selector
# -- Compiling architecture arch of selector
# -- Loading entity input_selector
# -- Loading entity fork
# -- Loading package MATH_REAL
# -- Loading entity mux
# End time: 17:17:59 on Dec 04,2022, Elapsed time: 0:00:00
# Errors: 0, Warnings: 0
# Compile of sharing_components.vhd was successful.
# Model Technology ModelSim - Intel FPGA Edition vcom 10.5b Compiler 2016.10 Oct  5 2016
# Start time: 17:17:59 on Dec 04,2022
# vcom -work work -2008 -explicit /home/dynamatic/Dynamatic/etc/dynamatic/fpga23-straight-lsq-interface/experiments/benchmarks/getTanh/sim/VHDL_SRC/mul_wrapper.vhd 
# -- Loading package STANDARD
# -- Loading package TEXTIO
# -- Loading package std_logic_1164
# -- Loading package NUMERIC_STD
# -- Loading package customTypes
# -- Compiling entity mul_op
# -- Compiling architecture arch of mul_op
# -- Loading entity join
# -- Loading entity mul_4_stage
# -- Loading entity delay_buffer
# -- Loading entity OEHB
# End time: 17:17:59 on Dec 04,2022, Elapsed time: 0:00:00
# Errors: 0, Warnings: 0
# Compile of mul_wrapper.vhd was successful.
# Model Technology ModelSim - Intel FPGA Edition vcom 10.5b Compiler 2016.10 Oct  5 2016
# Start time: 17:17:59 on Dec 04,2022
# vcom -work work -2008 -explicit /home/dynamatic/Dynamatic/etc/dynamatic/fpga23-straight-lsq-interface/experiments/benchmarks/getTanh/sim/VHDL_SRC/hls_verify_getTanh_tb.vhd 
# -- Loading package STANDARD
# -- Loading package TEXTIO
# -- Loading package std_logic_1164
# -- Loading package std_logic_arith
# -- Loading package STD_LOGIC_UNSIGNED
# -- Loading package std_logic_textio
# -- Loading package NUMERIC_STD
# -- Loading package sim_package
# -- Compiling entity getTanh_tb
# -- Compiling architecture behav of getTanh_tb
# ** Warning: /home/dynamatic/Dynamatic/etc/dynamatic/fpga23-straight-lsq-interface/experiments/benchmarks/getTanh/sim/VHDL_SRC/hls_verify_getTanh_tb.vhd(77): (vcom-1236) Shared variables must be of a protected type.
# -- Loading package customTypes
# -- Loading entity getTanh
# -- Loading entity single_argument
# -- Loading entity two_port_RAM
# End time: 17:17:59 on Dec 04,2022, Elapsed time: 0:00:00
# Errors: 0, Warnings: 1
# Compile of hls_verify_getTanh_tb.vhd was successful.
# All compile dependencies have been resolved.vlog -work work -stats=none /home/dynamatic/Dynamatic/etc/dynamatic/fpga23-straight-lsq-interface/experiments/benchmarks/getTanh/sim/VHDL_SRC/LSQ_A.v
# Model Technology ModelSim - Intel FPGA Edition vlog 10.5b Compiler 2016.10 Oct  5 2016
# -- Compiling module STORE_QUEUE_LSQ_A
# -- Compiling module LOAD_QUEUE_LSQ_A
# -- Compiling module GROUP_ALLOCATOR_LSQ_A
# -- Compiling module LOAD_PORT_LSQ_A
# -- Compiling module STORE_DATA_PORT_LSQ_A
# -- Compiling module LSQ_A
# 
# Top level modules:
# 	LSQ_A
ModelSim> # vcom -work work -2008 -explicit -stats=none /home/dynamatic/Dynamatic/etc/dynamatic/fpga23-straight-lsq-interface/experiments/benchmarks/getTanh/sim/VHDL_SRC/delay_buffer.vhd
# Model Technology ModelSim - Intel FPGA Edition vcom 10.5b Compiler 2016.10 Oct  5 2016
# -- Loading package STANDARD
# -- Loading package TEXTIO
# -- Loading package std_logic_1164
# -- Loading package NUMERIC_STD
# -- Compiling entity delay_buffer
# -- Compiling architecture arch of delay_buffer
ModelSim> # vcom -work work -2008 -explicit -stats=none /home/dynamatic/Dynamatic/etc/dynamatic/fpga23-straight-lsq-interface/experiments/benchmarks/getTanh/sim/VHDL_SRC/elastic_components.vhd
# Model Technology ModelSim - Intel FPGA Edition vcom 10.5b Compiler 2016.10 Oct  5 2016
# -- Loading package STANDARD
# -- Loading package TEXTIO
# -- Loading package std_logic_1164
# -- Compiling package customTypes
# -- Loading package customTypes
# -- Compiling entity andN
# -- Compiling architecture vanilla of andn
# -- Compiling entity nandN
# -- Compiling architecture arch of nandn
# -- Compiling entity orN
# -- Compiling architecture vanilla of orN
# -- Compiling entity norN
# -- Compiling architecture arch of norN
# -- Compiling entity join
# -- Compiling architecture arch of join
# -- Loading entity andN
# -- Loading package NUMERIC_STD
# -- Compiling entity TEHB
# -- Compiling architecture arch of TEHB
# -- Compiling entity OEHB
# -- Compiling architecture arch of OEHB
# -- Compiling entity elasticBuffer
# -- Compiling architecture arch of elasticBuffer
# -- Loading entity TEHB
# -- Loading entity OEHB
# -- Compiling entity buffer_bx_op
# -- Compiling architecture arch of buffer_bx_op
# -- Compiling entity join_bx_op
# -- Compiling architecture arch of join_bx_op
# -- Loading entity join
# -- Compiling entity end_node
# -- Compiling architecture arch of end_node
# -- Compiling entity branchSimple
# -- Compiling architecture arch of branchSimple
# -- Compiling entity branch
# -- Compiling architecture arch of branch
# -- Loading entity branchSimple
# -- Compiling entity eagerFork_RegisterBLock
# -- Compiling architecture arch of eagerFork_RegisterBLock
# -- Compiling entity fork
# -- Compiling architecture arch of fork
# -- Loading entity orN
# -- Loading entity eagerFork_RegisterBLock
# -- Compiling entity lazyfork
# -- Compiling architecture arch of lazyfork
# -- Compiling entity merge
# -- Compiling architecture arch of merge
# -- Compiling entity merge_notehb
# -- Compiling architecture arch of merge_notehb
# -- Compiling entity start_node_new
# -- Compiling architecture arch of start_node_new
# -- Loading entity elasticBuffer
# -- Compiling entity aya_start_node
# -- Compiling architecture arch of aya_start_node
# -- Compiling entity start_node
# -- Compiling architecture arch of start_node
# -- Compiling entity sink
# -- Compiling architecture arch of sink
# -- Compiling entity source
# -- Compiling architecture arch of source
# -- Compiling entity elasticFifoInner
# -- Compiling architecture arch of elasticFifoInner
# -- Compiling entity nontranspFifo
# -- Compiling architecture arch of nontranspFifo
# -- Loading entity elasticFifoInner
# -- Compiling entity transpFIFO
# -- Compiling architecture arch of transpFIFO
# -- Compiling entity load_op
# -- Compiling architecture arch of load_op
# -- Compiling entity Const
# -- Compiling architecture arch of Const
# -- Compiling entity write_memory_single_inside
# -- Compiling architecture arch of write_memory_single_inside
# -- Compiling entity store_op
# -- Compiling architecture arch of store_op
# -- Loading entity write_memory_single_inside
# -- Loading package MATH_REAL
# -- Compiling entity Inj
# -- Compiling architecture arch of Inj
# -- Compiling entity mux
# -- Compiling architecture arch of mux
# -- Compiling entity cntrlMerge
# -- Compiling architecture arch of cntrlMerge
# -- Loading entity merge_notehb
# -- Loading entity fork
# -- Compiling entity lsq_load_op
# -- Compiling architecture arch of lsq_load_op
# -- Compiling entity lsq_store_op
# -- Compiling architecture arch of lsq_store_op
ModelSim> # vcom -work work -2008 -explicit -stats=none /home/dynamatic/Dynamatic/etc/dynamatic/fpga23-straight-lsq-interface/experiments/benchmarks/getTanh/sim/VHDL_SRC/MemCont.vhd
# Model Technology ModelSim - Intel FPGA Edition vcom 10.5b Compiler 2016.10 Oct  5 2016
# -- Loading package STANDARD
# -- Loading package TEXTIO
# -- Loading package std_logic_1164
# -- Loading package NUMERIC_STD
# -- Loading package customTypes
# -- Compiling entity read_priority
# -- Compiling architecture arch of read_priority
# -- Compiling entity read_address_mux
# -- Compiling architecture arch of read_address_mux
# -- Compiling entity read_address_ready
# -- Compiling architecture arch of read_address_ready
# -- Compiling entity read_data_signals
# -- Compiling architecture arch of read_data_signals
# -- Compiling entity read_memory_arbiter
# -- Compiling architecture arch of read_memory_arbiter
# -- Loading entity read_priority
# -- Loading entity read_address_mux
# -- Loading entity read_address_ready
# -- Loading entity read_data_signals
# -- Compiling entity write_priority
# -- Compiling architecture arch of write_priority
# -- Compiling entity write_address_mux
# -- Compiling architecture arch of write_address_mux
# -- Compiling entity write_address_ready
# -- Compiling architecture arch of write_address_ready
# -- Compiling entity write_data_signals
# -- Compiling architecture arch of write_data_signals
# -- Compiling entity write_memory_arbiter
# -- Compiling architecture arch of write_memory_arbiter
# -- Loading entity write_priority
# -- Loading entity write_address_mux
# -- Loading entity write_address_ready
# -- Loading entity write_data_signals
# -- Compiling entity elasticBufferDummy
# -- Compiling architecture arch of elasticBufferDummy
# -- Compiling entity mc_load_op
# -- Compiling architecture arch of mc_load_op
# -- Loading entity TEHB
# -- Compiling entity mc_store_op
# -- Compiling architecture arch of mc_store_op
# -- Loading entity join
# -- Compiling entity MemCont
# -- Compiling architecture arch of MemCont
# -- Loading entity read_memory_arbiter
# -- Loading entity write_memory_arbiter
# ** Warning: /home/dynamatic/Dynamatic/etc/dynamatic/fpga23-straight-lsq-interface/experiments/benchmarks/getTanh/sim/VHDL_SRC/MemCont.vhd(840): (vcom-1514) Range choice direction (downto) does not determine aggregate index range direction (to).
ModelSim> # vcom -work work -2008 -explicit -stats=none /home/dynamatic/Dynamatic/etc/dynamatic/fpga23-straight-lsq-interface/experiments/benchmarks/getTanh/sim/VHDL_SRC/multipliers.vhd
# Model Technology ModelSim - Intel FPGA Edition vcom 10.5b Compiler 2016.10 Oct  5 2016
# -- Loading package STANDARD
# -- Loading package TEXTIO
# -- Loading package std_logic_1164
# -- Loading package NUMERIC_STD
# -- Compiling entity mul_4_stage
# -- Compiling architecture behav of mul_4_stage
# -- Compiling entity mul_8_stage
# -- Compiling architecture behav of mul_8_stage
ModelSim> # vcom -work work -2008 -explicit -stats=none /home/dynamatic/Dynamatic/etc/dynamatic/fpga23-straight-lsq-interface/experiments/benchmarks/getTanh/sim/VHDL_SRC/simpackage.vhd
# Model Technology ModelSim - Intel FPGA Edition vcom 10.5b Compiler 2016.10 Oct  5 2016
# -- Loading package STANDARD
# -- Loading package TEXTIO
# -- Loading package std_logic_1164
# -- Loading package std_logic_arith
# -- Loading package NUMERIC_STD
# -- Loading package STD_LOGIC_UNSIGNED
# -- Loading package std_logic_textio
# -- Compiling package sim_package
# -- Compiling package body sim_package
# -- Loading package sim_package
ModelSim> # vcom -work work -2008 -explicit -stats=none /home/dynamatic/Dynamatic/etc/dynamatic/fpga23-straight-lsq-interface/experiments/benchmarks/getTanh/sim/VHDL_SRC/two_port_RAM.vhd
# Model Technology ModelSim - Intel FPGA Edition vcom 10.5b Compiler 2016.10 Oct  5 2016
# -- Loading package STANDARD
# -- Loading package TEXTIO
# -- Loading package std_logic_1164
# -- Loading package std_logic_arith
# -- Loading package STD_LOGIC_UNSIGNED
# -- Loading package NUMERIC_STD
# -- Loading package std_logic_textio
# -- Loading package sim_package
# -- Compiling entity two_port_RAM
# -- Compiling architecture behav of two_port_RAM
# ** Warning: /home/dynamatic/Dynamatic/etc/dynamatic/fpga23-straight-lsq-interface/experiments/benchmarks/getTanh/sim/VHDL_SRC/two_port_RAM.vhd(41): (vcom-1236) Shared variables must be of a protected type.
ModelSim> # vcom -work work -2008 -explicit -stats=none /home/dynamatic/Dynamatic/etc/dynamatic/fpga23-straight-lsq-interface/experiments/benchmarks/getTanh/sim/VHDL_SRC/single_argument.vhd
# Model Technology ModelSim - Intel FPGA Edition vcom 10.5b Compiler 2016.10 Oct  5 2016
# -- Loading package STANDARD
# -- Loading package TEXTIO
# -- Loading package std_logic_1164
# -- Loading package std_logic_arith
# -- Loading package STD_LOGIC_UNSIGNED
# -- Loading package NUMERIC_STD
# -- Loading package std_logic_textio
# -- Loading package sim_package
# -- Compiling entity single_argument
# -- Compiling architecture behav of single_argument
# ** Warning: /home/dynamatic/Dynamatic/etc/dynamatic/fpga23-straight-lsq-interface/experiments/benchmarks/getTanh/sim/VHDL_SRC/single_argument.vhd(34): (vcom-1236) Shared variables must be of a protected type.
ModelSim> # vcom -work work -2008 -explicit -stats=none /home/dynamatic/Dynamatic/etc/dynamatic/fpga23-straight-lsq-interface/experiments/benchmarks/getTanh/sim/VHDL_SRC/arithmetic_units.vhd
# Model Technology ModelSim - Intel FPGA Edition vcom 10.5b Compiler 2016.10 Oct  5 2016
# -- Loading package STANDARD
# -- Loading package TEXTIO
# -- Loading package std_logic_1164
# -- Loading package NUMERIC_STD
# -- Loading package customTypes
# -- Compiling entity ret_op
# -- Compiling architecture arch of ret_op
# -- Loading entity TEHB
# -- Compiling entity add_op
# -- Compiling architecture arch of add_op
# -- Loading entity join
# -- Compiling entity sub_op
# -- Compiling architecture arch of sub_op
# -- Compiling entity and_op
# -- Compiling architecture arch of and_op
# -- Compiling entity or_op
# -- Compiling architecture arch of or_op
# -- Compiling entity xor_op
# -- Compiling architecture arch of xor_op
# -- Compiling entity sext_op
# -- Compiling architecture arch of sext_op
# -- Compiling entity zext_op
# -- Compiling architecture arch of zext_op
# -- Compiling entity shl_op
# -- Compiling architecture arch of shl_op
# -- Compiling entity ashr_op
# -- Compiling architecture arch of ashr_op
# -- Compiling entity lshr_op
# -- Compiling architecture arch of lshr_op
# -- Compiling entity antitokens
# -- Compiling architecture arch of antitokens
# -- Compiling entity select_op
# -- Compiling architecture arch of select_op
# -- Loading entity antitokens
# -- Compiling entity icmp_eq_op
# -- Compiling architecture arch of icmp_eq_op
# -- Compiling entity icmp_ne_op
# -- Compiling architecture arch of icmp_ne_op
# -- Compiling entity icmp_ugt_op
# -- Compiling architecture arch of icmp_ugt_op
# -- Compiling entity icmp_uge_op
# -- Compiling architecture arch of icmp_uge_op
# -- Compiling entity icmp_sgt_op
# -- Compiling architecture arch of icmp_sgt_op
# -- Compiling entity icmp_sge_op
# -- Compiling architecture arch of icmp_sge_op
# -- Compiling entity icmp_ult_op
# -- Compiling architecture arch of icmp_ult_op
# -- Compiling entity icmp_ule_op
# -- Compiling architecture arch of icmp_ule_op
# -- Compiling entity icmp_slt_op
# -- Compiling architecture arch of icmp_slt_op
# -- Compiling entity icmp_sle_op
# -- Compiling architecture arch of icmp_sle_op
# -- Compiling entity getelementptr_op
# -- Compiling architecture arch of getelementptr_op
# -- Compiling entity fcmp_oeq_op
# -- Compiling architecture arch of fcmp_oeq_op
# -- Loading entity delay_buffer
# -- Compiling entity fcmp_ogt_op
# -- Compiling architecture arch of fcmp_ogt_op
# -- Compiling entity fcmp_oge_op
# -- Compiling architecture arch of fcmp_oge_op
# -- Compiling entity fcmp_olt_op
# -- Compiling architecture arch of fcmp_olt_op
# -- Compiling entity fcmp_ole_op
# -- Compiling architecture arch of fcmp_ole_op
# -- Compiling entity fcmp_one_op
# -- Compiling architecture arch of fcmp_one_op
# -- Compiling entity fcmp_ord_op
# -- Compiling architecture arch of fcmp_ord_op
# -- Compiling entity fcmp_uno_op
# -- Compiling architecture arch of fcmp_uno_op
# -- Compiling entity fcmp_ueq_op
# -- Compiling architecture arch of fcmp_ueq_op
# -- Compiling entity fcmp_uge_op
# -- Compiling architecture arch of fcmp_uge_op
# -- Compiling entity fcmp_ult_op
# -- Compiling architecture arch of fcmp_ult_op
# -- Compiling entity fcmp_ule
# -- Compiling architecture arch of fcmp_ule
# -- Compiling entity fcmp_une
# -- Compiling architecture arch of fcmp_une
# -- Compiling entity fcmp_ugt
# -- Compiling architecture arch of fcmp_ugt
# -- Compiling entity fadd_op
# -- Compiling architecture arch of fadd_op
# -- Loading entity OEHB
# -- Compiling entity fsub_op
# -- Compiling architecture arch of fsub_op
# -- Compiling entity fmul_op
# -- Compiling architecture arch of fmul_op
# -- Compiling entity fneg_op
# -- Compiling architecture arch of fneg_op
# -- Compiling entity udiv_op
# -- Compiling architecture arch of udiv_op
# -- Compiling entity sdiv_op
# -- Compiling architecture arch of sdiv_op
# -- Compiling entity fdiv_op
# -- Compiling architecture arch of fdiv_op
# -- Compiling entity srem_op
# -- Compiling architecture arch of srem_op
# -- Compiling entity urem_op
# -- Compiling architecture arch of urem_op
# -- Compiling entity frem_op
# -- Compiling architecture arch of frem_op
# -- Compiling entity sinf_op
# -- Compiling architecture arch of sinf_op
# -- Compiling entity cosf_op
# -- Compiling architecture arch of cosf_op
# -- Compiling entity sqrtf_op
# -- Compiling architecture arch of sqrtf_op
# -- Compiling entity expf_op
# -- Compiling architecture arch of expf_op
# -- Compiling entity exp2f_op
# -- Compiling architecture arch of exp2f_op
# -- Compiling entity logf_op
# -- Compiling architecture arch of logf_op
# -- Compiling entity log2f_op
# -- Compiling architecture arch of log2f_op
# -- Compiling entity log10f_op
# -- Compiling architecture arch of log10f_op
# -- Compiling entity fabsf_op
# -- Compiling architecture arch of fabsf_op
# -- Compiling entity trunc_op
# -- Compiling architecture arch of trunc_op
# -- Compiling entity floorf_op
# -- Compiling architecture arch of floorf_op
# -- Compiling entity ceilf_op
# -- Compiling architecture arch of ceilf_op
# -- Compiling entity roundf_op
# -- Compiling architecture arch of roundf_op
# -- Compiling entity fminf_op
# -- Compiling architecture arch of fminf_op
# -- Compiling entity fmaxf_op
# -- Compiling architecture arch of fmaxf_op
# -- Compiling entity powf_op
# -- Compiling architecture arch of powf_op
# -- Compiling entity fabsf_op
# -- Compiling architecture arch of fabsf_op
# -- Compiling entity copysignf_op
# -- Compiling architecture arch of copysignf_op
# -- Compiling entity sitofp_op
# -- Compiling architecture arch of sitofp_op
ModelSim> # vcom -work work -2008 -explicit -stats=none /home/dynamatic/Dynamatic/etc/dynamatic/fpga23-straight-lsq-interface/experiments/benchmarks/getTanh/sim/VHDL_SRC/getTanh_optimized.vhd
# Model Technology ModelSim - Intel FPGA Edition vcom 10.5b Compiler 2016.10 Oct  5 2016
# -- Loading package STANDARD
# -- Loading package TEXTIO
# -- Loading package std_logic_1164
# -- Loading package NUMERIC_STD
# -- Loading package customTypes
# -- Compiling entity getTanh
# -- Compiling architecture behavioral of getTanh
# -- Loading entity Const
# -- Loading entity start_node
# -- Loading entity fork
# -- Loading package MATH_REAL
# -- Loading entity mux
# -- Loading entity mc_load_op
# -- Loading entity lsq_load_op
# -- Loading entity icmp_sgt_op
# -- Loading entity buffer_bx_op
# -- Loading entity merge
# -- Loading entity branch
# -- Loading entity elasticBuffer
# -- Loading entity transpFIFO
# -- Loading entity nontranspFifo
# -- Loading entity mul_op
# -- Loading entity add_op
# -- Loading entity lsq_store_op
# -- Loading entity icmp_ult_op
# -- Loading entity ret_op
# -- Loading entity MemCont
# -- Loading entity sink
# -- Loading entity end_node
ModelSim> # vcom -work work -2008 -explicit -stats=none /home/dynamatic/Dynamatic/etc/dynamatic/fpga23-straight-lsq-interface/experiments/benchmarks/getTanh/sim/VHDL_SRC/sharing_components.vhd
# Model Technology ModelSim - Intel FPGA Edition vcom 10.5b Compiler 2016.10 Oct  5 2016
# -- Loading package STANDARD
# -- Loading package TEXTIO
# -- Loading package std_logic_1164
# -- Loading package NUMERIC_STD
# -- Loading package customTypes
# -- Compiling entity branchGen
# -- Compiling architecture arch of branchGen
# -- Loading entity join
# -- Compiling entity merge_one_hot
# -- Compiling architecture arch of merge_one_hot
# -- Loading entity TEHB
# -- Compiling entity distributor
# -- Compiling architecture arch of distributor
# -- Loading entity branchGen
# -- Compiling package selectorTypes
# -- Compiling entity bypassFIFO
# -- Compiling architecture arch of bypassFIFO
# -- Loading entity transpFIFO
# -- Loading package selectorTypes
# -- Compiling entity input_selector
# -- Compiling architecture arch of input_selector
# -- Loading entity merge_one_hot
# -- Loading entity bypassFIFO
# -- Compiling entity selector
# -- Compiling architecture arch of selector
# -- Loading entity input_selector
# -- Loading entity fork
# -- Loading package MATH_REAL
# -- Loading entity mux
ModelSim> # vcom -work work -2008 -explicit -stats=none /home/dynamatic/Dynamatic/etc/dynamatic/fpga23-straight-lsq-interface/experiments/benchmarks/getTanh/sim/VHDL_SRC/mul_wrapper.vhd
# Model Technology ModelSim - Intel FPGA Edition vcom 10.5b Compiler 2016.10 Oct  5 2016
# -- Loading package STANDARD
# -- Loading package TEXTIO
# -- Loading package std_logic_1164
# -- Loading package NUMERIC_STD
# -- Loading package customTypes
# -- Compiling entity mul_op
# -- Compiling architecture arch of mul_op
# -- Loading entity join
# -- Loading entity mul_4_stage
# -- Loading entity delay_buffer
# -- Loading entity OEHB
ModelSim> # vcom -work work -2008 -explicit -stats=none /home/dynamatic/Dynamatic/etc/dynamatic/fpga23-straight-lsq-interface/experiments/benchmarks/getTanh/sim/VHDL_SRC/hls_verify_getTanh_tb.vhd
# Model Technology ModelSim - Intel FPGA Edition vcom 10.5b Compiler 2016.10 Oct  5 2016
# -- Loading package STANDARD
# -- Loading package TEXTIO
# -- Loading package std_logic_1164
# -- Loading package std_logic_arith
# -- Loading package STD_LOGIC_UNSIGNED
# -- Loading package std_logic_textio
# -- Loading package NUMERIC_STD
# -- Loading package sim_package
# -- Compiling entity getTanh_tb
# -- Compiling architecture behav of getTanh_tb
# ** Warning: /home/dynamatic/Dynamatic/etc/dynamatic/fpga23-straight-lsq-interface/experiments/benchmarks/getTanh/sim/VHDL_SRC/hls_verify_getTanh_tb.vhd(77): (vcom-1236) Shared variables must be of a protected type.
# -- Loading package customTypes
# -- Loading entity getTanh
# -- Loading entity single_argument
# -- Loading entity two_port_RAM
ModelSim> # 13 compiles, 0 failed with no errors.
# vsim getTanh_tb 
# Start time: 17:18:00 on Dec 04,2022
# Loading std.standard
# Loading std.textio(body)
# Loading ieee.std_logic_1164(body)
# Loading ieee.std_logic_arith(body)
# Loading ieee.std_logic_unsigned(body)
# Loading ieee.std_logic_textio(body)
# Loading ieee.numeric_std(body)
# Loading work.sim_package(body)
# Loading work.customtypes
# Loading work.gettanh_tb(behav)
# Loading ieee.math_real(body)
# Loading work.gettanh(behavioral)
# Loading work.const(arch)
# Loading work.start_node(arch)
# Loading work.elasticbuffer(arch)
# Loading work.tehb(arch)
# Loading work.oehb(arch)
# Loading work.fork(arch)
# Loading work.orn(vanilla)
# Loading work.eagerfork_registerblock(arch)
# Loading work.mux(arch)
# Loading work.mc_load_op(arch)
# Loading work.lsq_load_op(arch)
# Loading work.icmp_sgt_op(arch)
# Loading work.join(arch)
# Loading work.andn(vanilla)
# Loading work.buffer_bx_op(arch)
# Loading work.merge(arch)
# Loading work.branch(arch)
# Loading work.branchsimple(arch)
# Loading work.transpfifo(arch)
# Loading work.elasticfifoinner(arch)
# Loading work.nontranspfifo(arch)
# Loading work.mul_op(arch)
# Loading work.mul_4_stage(behav)
# Loading work.delay_buffer(arch)
# Loading work.add_op(arch)
# Loading work.lsq_store_op(arch)
# Loading work.icmp_ult_op(arch)
# Loading work.ret_op(arch)
# Loading work.LSQ_A
# Loading work.STORE_QUEUE_LSQ_A
# Loading work.LOAD_QUEUE_LSQ_A
# Loading work.GROUP_ALLOCATOR_LSQ_A
# Loading work.LOAD_PORT_LSQ_A
# Loading work.STORE_DATA_PORT_LSQ_A
# Loading work.memcont(arch)
# Loading work.read_memory_arbiter(arch)
# Loading work.read_priority(arch)
# Loading work.read_address_mux(arch)
# Loading work.read_address_ready(arch)
# Loading work.read_data_signals(arch)
# Loading work.write_memory_arbiter(arch)
# Loading work.write_priority(arch)
# Loading work.write_address_mux(arch)
# Loading work.write_address_ready(arch)
# Loading work.write_data_signals(arch)
# Loading work.sink(arch)
# Loading work.end_node(arch)
# Loading work.single_argument(behav)
# Loading work.two_port_ram(behav)
# ** Warning: Design size of 24684 statements exceeds ModelSim-Intel FPGA Starter Edition recommended capacity.
# Expect performance to be adversely affected.
# ** Warning: (vsim-8683) Uninitialized out port /gettanh_tb/duv/end_0/eReadyArray(1) has no driver.
# This port will contribute value (U) to the signal network.
# ** Warning: (vsim-8683) Uninitialized out port /gettanh_tb/duv/end_0/eReadyArray(0) has no driver.
# This port will contribute value (U) to the signal network.
# ** Warning: (vsim-8683) Uninitialized out port /gettanh_tb/duv/A_we1 has no driver.
# This port will contribute value (U) to the signal network.
# ** Warning: (vsim-8683) Uninitialized out port /gettanh_tb/duv/A_dout1(31 downto 0) has no driver.
# This port will contribute value (32'hXXXXXXXX) to the signal network.
# ** Warning: (vsim-8683) Uninitialized out port /gettanh_tb/duv/addr_we1 has no driver.
# This port will contribute value (U) to the signal network.
# ** Warning: (vsim-8683) Uninitialized out port /gettanh_tb/duv/addr_dout1(31 downto 0) has no driver.
# This port will contribute value (32'hXXXXXXXX) to the signal network.
# ** Warning: (vsim-3116) Problem reading symbols from linux-gate.so.1 : can not open ELF file.
# ** Warning: NUMERIC_STD."<": metavalue detected, returning FALSE
#    Time: 0 ps  Iteration: 0  Instance: /gettanh_tb/duv/icmp_20
# ** Warning: NUMERIC_STD."=": metavalue detected, returning FALSE
#    Time: 0 ps  Iteration: 0  Instance: /gettanh_tb/duv/phi_16
# ** Warning: NUMERIC_STD."=": metavalue detected, returning FALSE
#    Time: 0 ps  Iteration: 0  Instance: /gettanh_tb/duv/phi_16
# ** Warning: NUMERIC_STD."=": metavalue detected, returning FALSE
#    Time: 0 ps  Iteration: 0  Instance: /gettanh_tb/duv/phi_16
# ** Warning: NUMERIC_STD."=": metavalue detected, returning FALSE
#    Time: 0 ps  Iteration: 0  Instance: /gettanh_tb/duv/phi_16
# ** Warning: NUMERIC_STD."=": metavalue detected, returning FALSE
#    Time: 0 ps  Iteration: 0  Instance: /gettanh_tb/duv/phiC_2
# ** Warning: NUMERIC_STD."=": metavalue detected, returning FALSE
#    Time: 0 ps  Iteration: 0  Instance: /gettanh_tb/duv/phiC_2
# ** Warning: NUMERIC_STD."=": metavalue detected, returning FALSE
#    Time: 0 ps  Iteration: 0  Instance: /gettanh_tb/duv/phiC_2
# ** Warning: NUMERIC_STD."=": metavalue detected, returning FALSE
#    Time: 0 ps  Iteration: 0  Instance: /gettanh_tb/duv/phiC_2
# ** Warning: NUMERIC_STD."=": metavalue detected, returning FALSE
#    Time: 0 ps  Iteration: 0  Instance: /gettanh_tb/duv/phiC_0
# ** Warning: NUMERIC_STD."=": metavalue detected, returning FALSE
#    Time: 0 ps  Iteration: 0  Instance: /gettanh_tb/duv/phiC_0
# ** Warning: NUMERIC_STD."=": metavalue detected, returning FALSE
#    Time: 0 ps  Iteration: 0  Instance: /gettanh_tb/duv/phiC_0
# ** Warning: NUMERIC_STD."=": metavalue detected, returning FALSE
#    Time: 0 ps  Iteration: 0  Instance: /gettanh_tb/duv/phiC_0
# ** Warning: NUMERIC_STD.">": metavalue detected, returning FALSE
#    Time: 0 ps  Iteration: 0  Instance: /gettanh_tb/duv/icmp_8
# ** Warning: NUMERIC_STD."=": metavalue detected, returning FALSE
#    Time: 0 ps  Iteration: 0  Instance: /gettanh_tb/duv/phi_1
# ** Warning: NUMERIC_STD."=": metavalue detected, returning FALSE
#    Time: 0 ps  Iteration: 0  Instance: /gettanh_tb/duv/phi_1
# ** Warning: NUMERIC_STD."=": metavalue detected, returning FALSE
#    Time: 0 ps  Iteration: 0  Instance: /gettanh_tb/duv/phi_1
# ** Warning: NUMERIC_STD."=": metavalue detected, returning FALSE
#    Time: 0 ps  Iteration: 0  Instance: /gettanh_tb/duv/phi_1
# ** Warning: NUMERIC_STD.">": metavalue detected, returning FALSE
#    Time: 0 ps  Iteration: 3  Instance: /gettanh_tb/duv/icmp_8
# ** Warning: NUMERIC_STD."<": metavalue detected, returning FALSE
#    Time: 0 ps  Iteration: 3  Instance: /gettanh_tb/duv/icmp_20
# ** Warning: NUMERIC_STD."=": metavalue detected, returning FALSE
#    Time: 0 ps  Iteration: 3  Instance: /gettanh_tb/duv/phi_1
# ** Warning: NUMERIC_STD."=": metavalue detected, returning FALSE
#    Time: 0 ps  Iteration: 3  Instance: /gettanh_tb/duv/phi_1
# ** Warning: NUMERIC_STD."=": metavalue detected, returning FALSE
#    Time: 0 ps  Iteration: 3  Instance: /gettanh_tb/duv/phi_1
# ** Warning: NUMERIC_STD."=": metavalue detected, returning FALSE
#    Time: 0 ps  Iteration: 3  Instance: /gettanh_tb/duv/phi_1
# ** Warning: NUMERIC_STD."<": metavalue detected, returning FALSE
#    Time: 0 ps  Iteration: 4  Instance: /gettanh_tb/duv/icmp_20
# ** Warning: NUMERIC_STD."=": metavalue detected, returning FALSE
#    Time: 0 ps  Iteration: 4  Instance: /gettanh_tb/duv/phi_16
# ** Warning: NUMERIC_STD."=": metavalue detected, returning FALSE
#    Time: 0 ps  Iteration: 4  Instance: /gettanh_tb/duv/phi_16
# ** Warning: NUMERIC_STD."=": metavalue detected, returning FALSE
#    Time: 0 ps  Iteration: 4  Instance: /gettanh_tb/duv/phi_16
# ** Warning: NUMERIC_STD."=": metavalue detected, returning FALSE
#    Time: 0 ps  Iteration: 4  Instance: /gettanh_tb/duv/phi_16
# ** Warning: NUMERIC_STD."=": metavalue detected, returning FALSE
#    Time: 0 ps  Iteration: 4  Instance: /gettanh_tb/duv/phiC_2
# ** Warning: NUMERIC_STD."=": metavalue detected, returning FALSE
#    Time: 0 ps  Iteration: 4  Instance: /gettanh_tb/duv/phiC_2
# ** Warning: NUMERIC_STD."=": metavalue detected, returning FALSE
#    Time: 0 ps  Iteration: 4  Instance: /gettanh_tb/duv/phiC_2
# ** Warning: NUMERIC_STD."=": metavalue detected, returning FALSE
#    Time: 0 ps  Iteration: 4  Instance: /gettanh_tb/duv/phiC_2
# ** Warning: NUMERIC_STD."=": metavalue detected, returning FALSE
#    Time: 0 ps  Iteration: 4  Instance: /gettanh_tb/duv/phiC_0
# ** Warning: NUMERIC_STD."=": metavalue detected, returning FALSE
#    Time: 0 ps  Iteration: 4  Instance: /gettanh_tb/duv/phiC_0
# ** Warning: NUMERIC_STD."=": metavalue detected, returning FALSE
#    Time: 0 ps  Iteration: 4  Instance: /gettanh_tb/duv/phiC_0
# ** Warning: NUMERIC_STD."=": metavalue detected, returning FALSE
#    Time: 0 ps  Iteration: 4  Instance: /gettanh_tb/duv/phiC_0
# ** Warning: NUMERIC_STD."=": metavalue detected, returning FALSE
#    Time: 0 ps  Iteration: 4  Instance: /gettanh_tb/duv/phi_1
# ** Warning: NUMERIC_STD."=": metavalue detected, returning FALSE
#    Time: 0 ps  Iteration: 4  Instance: /gettanh_tb/duv/phi_1
# ** Warning: NUMERIC_STD."=": metavalue detected, returning FALSE
#    Time: 0 ps  Iteration: 4  Instance: /gettanh_tb/duv/phi_1
# ** Warning: NUMERIC_STD."=": metavalue detected, returning FALSE
#    Time: 0 ps  Iteration: 4  Instance: /gettanh_tb/duv/phi_1
# ** Warning: NUMERIC_STD.">": metavalue detected, returning FALSE
#    Time: 0 ps  Iteration: 5  Instance: /gettanh_tb/duv/icmp_8
# ** Warning: NUMERIC_STD."=": metavalue detected, returning FALSE
#    Time: 0 ps  Iteration: 5  Instance: /gettanh_tb/duv/phi_16
# ** Warning: NUMERIC_STD."=": metavalue detected, returning FALSE
#    Time: 0 ps  Iteration: 5  Instance: /gettanh_tb/duv/phi_16
# ** Warning: NUMERIC_STD."=": metavalue detected, returning FALSE
#    Time: 0 ps  Iteration: 5  Instance: /gettanh_tb/duv/phi_16
# ** Warning: NUMERIC_STD."=": metavalue detected, returning FALSE
#    Time: 0 ps  Iteration: 5  Instance: /gettanh_tb/duv/phi_16
# ** Warning: NUMERIC_STD."=": metavalue detected, returning FALSE
#    Time: 0 ps  Iteration: 5  Instance: /gettanh_tb/duv/phiC_2
# ** Warning: NUMERIC_STD."=": metavalue detected, returning FALSE
#    Time: 0 ps  Iteration: 5  Instance: /gettanh_tb/duv/phiC_2
# ** Warning: NUMERIC_STD."=": metavalue detected, returning FALSE
#    Time: 0 ps  Iteration: 5  Instance: /gettanh_tb/duv/phiC_2
# ** Warning: NUMERIC_STD."=": metavalue detected, returning FALSE
#    Time: 0 ps  Iteration: 5  Instance: /gettanh_tb/duv/phiC_2
# ** Warning: NUMERIC_STD."=": metavalue detected, returning FALSE
#    Time: 0 ps  Iteration: 5  Instance: /gettanh_tb/duv/phiC_0
# ** Warning: NUMERIC_STD."=": metavalue detected, returning FALSE
#    Time: 0 ps  Iteration: 5  Instance: /gettanh_tb/duv/phiC_0
# ** Warning: NUMERIC_STD."=": metavalue detected, returning FALSE
#    Time: 0 ps  Iteration: 5  Instance: /gettanh_tb/duv/phiC_0
# ** Warning: NUMERIC_STD."=": metavalue detected, returning FALSE
#    Time: 0 ps  Iteration: 5  Instance: /gettanh_tb/duv/phiC_0
# ** Warning: NUMERIC_STD."=": metavalue detected, returning FALSE
#    Time: 0 ps  Iteration: 5  Instance: /gettanh_tb/duv/phi_1
# ** Warning: NUMERIC_STD."=": metavalue detected, returning FALSE
#    Time: 0 ps  Iteration: 5  Instance: /gettanh_tb/duv/phi_1
# ** Warning: NUMERIC_STD."=": metavalue detected, returning FALSE
#    Time: 0 ps  Iteration: 5  Instance: /gettanh_tb/duv/phi_1
# ** Warning: NUMERIC_STD."=": metavalue detected, returning FALSE
#    Time: 0 ps  Iteration: 5  Instance: /gettanh_tb/duv/phi_1
# ** Warning: NUMERIC_STD."=": metavalue detected, returning FALSE
#    Time: 0 ps  Iteration: 6  Instance: /gettanh_tb/duv/phiC_2
# ** Warning: NUMERIC_STD."=": metavalue detected, returning FALSE
#    Time: 0 ps  Iteration: 6  Instance: /gettanh_tb/duv/phiC_2
# ** Warning: NUMERIC_STD."=": metavalue detected, returning FALSE
#    Time: 0 ps  Iteration: 6  Instance: /gettanh_tb/duv/phiC_2
# ** Warning: NUMERIC_STD."=": metavalue detected, returning FALSE
#    Time: 0 ps  Iteration: 6  Instance: /gettanh_tb/duv/phiC_2
# ** Warning: NUMERIC_STD."=": metavalue detected, returning FALSE
#    Time: 0 ps  Iteration: 6  Instance: /gettanh_tb/duv/phi_1
# ** Warning: NUMERIC_STD."=": metavalue detected, returning FALSE
#    Time: 0 ps  Iteration: 6  Instance: /gettanh_tb/duv/phi_1
# ** Warning: NUMERIC_STD."=": metavalue detected, returning FALSE
#    Time: 0 ps  Iteration: 6  Instance: /gettanh_tb/duv/phi_1
# ** Warning: NUMERIC_STD."=": metavalue detected, returning FALSE
#    Time: 0 ps  Iteration: 6  Instance: /gettanh_tb/duv/phi_1
# ** Warning: NUMERIC_STD."=": metavalue detected, returning FALSE
#    Time: 0 ps  Iteration: 7  Instance: /gettanh_tb/duv/phiC_0
# ** Warning: NUMERIC_STD."=": metavalue detected, returning FALSE
#    Time: 0 ps  Iteration: 7  Instance: /gettanh_tb/duv/phiC_0
# ** Warning: NUMERIC_STD."=": metavalue detected, returning FALSE
#    Time: 0 ps  Iteration: 7  Instance: /gettanh_tb/duv/phiC_0
# ** Warning: NUMERIC_STD."=": metavalue detected, returning FALSE
#    Time: 0 ps  Iteration: 7  Instance: /gettanh_tb/duv/phiC_0
# ** Warning: NUMERIC_STD."=": metavalue detected, returning FALSE
#    Time: 0 ps  Iteration: 7  Instance: /gettanh_tb/duv/phi_1
# ** Warning: NUMERIC_STD."=": metavalue detected, returning FALSE
#    Time: 0 ps  Iteration: 7  Instance: /gettanh_tb/duv/phi_1
# ** Warning: NUMERIC_STD."=": metavalue detected, returning FALSE
#    Time: 0 ps  Iteration: 7  Instance: /gettanh_tb/duv/phi_1
# ** Warning: NUMERIC_STD."=": metavalue detected, returning FALSE
#    Time: 0 ps  Iteration: 7  Instance: /gettanh_tb/duv/phi_1
# ** Warning: NUMERIC_STD."=": metavalue detected, returning FALSE
#    Time: 0 ps  Iteration: 7  Instance: /gettanh_tb/duv/phiC_2
# ** Warning: NUMERIC_STD."=": metavalue detected, returning FALSE
#    Time: 0 ps  Iteration: 7  Instance: /gettanh_tb/duv/phiC_2
# ** Warning: NUMERIC_STD."=": metavalue detected, returning FALSE
#    Time: 0 ps  Iteration: 7  Instance: /gettanh_tb/duv/phiC_2
# ** Warning: NUMERIC_STD."=": metavalue detected, returning FALSE
#    Time: 0 ps  Iteration: 7  Instance: /gettanh_tb/duv/phiC_2
# ** Note: simulation done!
#    Time: 8066 ns  Iteration: 1  Instance: /gettanh_tb
# ** Failure: NORMAL EXIT (note: failure is to force the simulator to stop)
#    Time: 8066 ns  Iteration: 1  Process: /gettanh_tb/generate_sim_done_proc File: /home/dynamatic/Dynamatic/etc/dynamatic/fpga23-straight-lsq-interface/experiments/benchmarks/getTanh/sim/VHDL_SRC/hls_verify_getTanh_tb.vhd
# Break in Process generate_sim_done_proc at /home/dynamatic/Dynamatic/etc/dynamatic/fpga23-straight-lsq-interface/experiments/benchmarks/getTanh/sim/VHDL_SRC/hls_verify_getTanh_tb.vhd line 257
# Stopped at /home/dynamatic/Dynamatic/etc/dynamatic/fpga23-straight-lsq-interface/experiments/benchmarks/getTanh/sim/VHDL_SRC/hls_verify_getTanh_tb.vhd line 257
# End time: 17:18:40 on Dec 04,2022, Elapsed time: 0:00:40
# Errors: 0, Warnings: 86

--- Comparison Results ---

Comparison of [end] : Pass
output_A.dat
output_end.dat
