

**************************************************
Fr Dez  2 01:52:31 CET 2022
****Executing test case examples/jacobi_1d_imper optimized ****
filename examples/jacobi_1d_imper optimized
/home/dynamatic/Dynamatic/etc/dynamatic/Regression_test/examples/jacobi_1d_imper


******************************************************************
******Dynamic High-Level Synthesis Compiler***********************
******Andrea Guerrieri - Lana Josipovic - EPFL-LAP 2019 **********
******Version 2.0 - Build 1.0 ************************************
******************************************************************

synthesis_optimized.tcl
Done 
set input file: jacobi_1d_imper.cpp
current input filename: ./src/jacobi_1d_imper.cpp
Done 
Done 
Synthesize
compile jacobi_1d_imper.cpp . -use-lsq=true Andrea: arg1:  jacobi_1d_imper.cpp arg2: . arg3 -use-lsq=true arg4
/home/dynamatic/Dynamatic/etc/llvm-6.0/bin/clang -emit-llvm -S   -c src/jacobi_1d_imper.cpp -o .jacobi_1d_imper.cpp.ll
rm: cannot remove '*.s': No such file or directory
0Time elapsed: 1e-06s.
; ModuleID = '.jacobi_1d_imper.cpp_mem2reg_constprop_simplifycfg_die.ll'
source_filename = "src/jacobi_1d_imper.cpp"
target datalayout = "e-m:e-i64:64-f80:128-n8:16:32:64-S128"
target triple = "x86_64-unknown-linux-gnu"

; Function Attrs: noinline nounwind uwtable
define i32 @_Z15jacobi_1d_imperPiS_S_(i32* %A_1, i32* %A_2, i32* %B) #0 {
block1:
  br label %block2

block2:                                           ; preds = %block6, %block1
  %t.03 = phi i32 [ 0, %block1 ], [ %inc23, %block6 ]
  br label %block3

block3:                                           ; preds = %block3, %block2
  %i.01 = phi i32 [ 1, %block2 ], [ %inc, %block3 ]
  %sub = add nsw i32 %i.01, -1
  %idxprom = sext i32 %sub to i64
  %arrayidx = getelementptr inbounds i32, i32* %A_1, i64 %idxprom
  %"3" = load i32, i32* %arrayidx, align 4
  %"4" = zext i32 %i.01 to i64
  %arrayidx5 = getelementptr inbounds i32, i32* %A_1, i64 %"4"
  %"5" = load i32, i32* %arrayidx5, align 4
  %add = add nsw i32 %"3", %"5"
  %add6 = add nuw nsw i32 %i.01, 1
  %"6" = zext i32 %add6 to i64
  %arrayidx8 = getelementptr inbounds i32, i32* %A_1, i64 %"6"
  %"7" = load i32, i32* %arrayidx8, align 4
  %add9 = add nsw i32 %add, %"7"
  %mul = mul nsw i32 %add9, 3
  %"8" = zext i32 %i.01 to i64
  %arrayidx11 = getelementptr inbounds i32, i32* %B, i64 %"8"
  store i32 %mul, i32* %arrayidx11, align 4
  %inc = add nuw nsw i32 %i.01, 1
  %cmp2 = icmp ult i32 %inc, 99
  br i1 %cmp2, label %block3, label %block4

block4:                                           ; preds = %block3
  br label %block5

block5:                                           ; preds = %block5, %block4
  %j.02 = phi i32 [ 1, %block4 ], [ %inc20, %block5 ]
  %"11" = zext i32 %j.02 to i64
  %arrayidx16 = getelementptr inbounds i32, i32* %B, i64 %"11"
  %"12" = load i32, i32* %arrayidx16, align 4
  %"13" = zext i32 %j.02 to i64
  %arrayidx18 = getelementptr inbounds i32, i32* %A_2, i64 %"13"
  store i32 %"12", i32* %arrayidx18, align 4
  %inc20 = add nuw nsw i32 %j.02, 1
  %cmp13 = icmp ult i32 %inc20, 99
  br i1 %cmp13, label %block5, label %block6

block6:                                           ; preds = %block5
  %inc23 = add nuw nsw i32 %t.03, 1
  %cmp = icmp ult i32 %inc23, 3
  br i1 %cmp, label %block2, label %block7

block7:                                           ; preds = %block6
  ret i32 %inc23
}

; Function Attrs: noinline norecurse nounwind uwtable
define i32 @main() #1 {
entry:
  %A = alloca [1 x [100 x i32]], align 16
  %B = alloca [1 x [100 x i32]], align 16
  %C = alloca [1 x [100 x i32]], align 16
  br label %for.body

for.body:                                         ; preds = %for.inc18, %entry
  br label %for.body3

for.body3:                                        ; preds = %for.body3, %for.body
  %j.01 = phi i32 [ 0, %for.body ], [ %inc, %for.body3 ]
  %call = call i32 @rand() #3
  %rem = srem i32 %call, 100
  %0 = zext i32 %j.01 to i64
  %1 = getelementptr inbounds [1 x [100 x i32]], [1 x [100 x i32]]* %A, i64 0, i64 0, i64 %0
  store i32 %rem, i32* %1, align 4
  %call6 = call i32 @rand() #3
  %rem7 = srem i32 %call6, 100
  %2 = zext i32 %j.01 to i64
  %3 = getelementptr inbounds [1 x [100 x i32]], [1 x [100 x i32]]* %B, i64 0, i64 0, i64 %2
  store i32 %rem7, i32* %3, align 4
  %call12 = call i32 @rand() #3
  %rem13 = srem i32 %call12, 100
  %4 = zext i32 %j.01 to i64
  %5 = getelementptr inbounds [1 x [100 x i32]], [1 x [100 x i32]]* %C, i64 0, i64 0, i64 %4
  store i32 %rem13, i32* %5, align 4
  %inc = add nuw nsw i32 %j.01, 1
  %cmp2 = icmp ult i32 %inc, 100
  br i1 %cmp2, label %for.body3, label %for.inc18

for.inc18:                                        ; preds = %for.body3
  br i1 false, label %for.body, label %for.end20

for.end20:                                        ; preds = %for.inc18
  %arraydecay = getelementptr inbounds [1 x [100 x i32]], [1 x [100 x i32]]* %A, i64 0, i64 0, i64 0
  %arraydecay26 = getelementptr inbounds [1 x [100 x i32]], [1 x [100 x i32]]* %B, i64 0, i64 0, i64 0
  %arraydecay29 = getelementptr inbounds [1 x [100 x i32]], [1 x [100 x i32]]* %C, i64 0, i64 0, i64 0
  %call30 = call i32 @_Z15jacobi_1d_imperPiS_S_(i32* nonnull %arraydecay, i32* nonnull %arraydecay26, i32* nonnull %arraydecay29)
  ret i32 0
}

; Function Attrs: nounwind
declare i32 @rand() #2

attributes #0 = { noinline nounwind uwtable "correctly-rounded-divide-sqrt-fp-math"="false" "disable-tail-calls"="false" "less-precise-fpmad"="false" "no-frame-pointer-elim"="true" "no-frame-pointer-elim-non-leaf" "no-infs-fp-math"="false" "no-jump-tables"="false" "no-nans-fp-math"="false" "no-signed-zeros-fp-math"="false" "no-trapping-math"="false" "stack-protector-buffer-size"="8" "target-cpu"="x86-64" "target-features"="+fxsr,+mmx,+sse,+sse2,+x87" "unsafe-fp-math"="false" "use-soft-float"="false" }
attributes #1 = { noinline norecurse nounwind uwtable "correctly-rounded-divide-sqrt-fp-math"="false" "disable-tail-calls"="false" "less-precise-fpmad"="false" "no-frame-pointer-elim"="true" "no-frame-pointer-elim-non-leaf" "no-infs-fp-math"="false" "no-jump-tables"="false" "no-nans-fp-math"="false" "no-signed-zeros-fp-math"="false" "no-trapping-math"="false" "stack-protector-buffer-size"="8" "target-cpu"="x86-64" "target-features"="+fxsr,+mmx,+sse,+sse2,+x87" "unsafe-fp-math"="false" "use-soft-float"="false" }
attributes #2 = { nounwind "correctly-rounded-divide-sqrt-fp-math"="false" "disable-tail-calls"="false" "less-precise-fpmad"="false" "no-frame-pointer-elim"="true" "no-frame-pointer-elim-non-leaf" "no-infs-fp-math"="false" "no-nans-fp-math"="false" "no-signed-zeros-fp-math"="false" "no-trapping-math"="false" "stack-protector-buffer-size"="8" "target-cpu"="x86-64" "target-features"="+fxsr,+mmx,+sse,+sse2,+x87" "unsafe-fp-math"="false" "use-soft-float"="false" }
attributes #3 = { nounwind }

!llvm.module.flags = !{!0}
!llvm.ident = !{!1}

!0 = !{i32 1, !"wchar_size", i32 4}
!1 = !{!"clang version 6.0.1 (http://llvm.org/git/clang.git 2f27999df400d17b33cdd412fdd606a88208dfcc) (http://llvm.org/git/llvm.git 5136df4d089a086b70d452160ad5451861269498)"}


Done 
Optimize
buffers buffers -filename=./reports/jacobi_1d_imper -period=4 ****************************************
dataflow graph name: ./reports/jacobi_1d_imper
milp solver: cbc
delay: 0, period: 4
timeout: 180
set optimization: true
first MG optimization: false
****************************************
currently traversing node brCst_block1
currently traversing node cst_0
currently traversing node phi_1
currently traversing node brCst_block2
currently traversing node cst_1
currently traversing node phi_3
currently traversing node cst_2
currently traversing node add_4
currently traversing node load_7
currently traversing node load_10
currently traversing node add_11
currently traversing node cst_3
currently traversing node add_12
currently traversing node load_15
currently traversing node add_16
currently traversing node cst_4
currently traversing node mul_17
currently traversing node store_0
currently traversing node cst_5
currently traversing node add_20
currently traversing node cst_6
currently traversing node icmp_21
currently traversing node brCst_block4
currently traversing node cst_7
currently traversing node phi_24
currently traversing node load_27
currently traversing node store_1
currently traversing node cst_8
currently traversing node add_30
currently traversing node cst_9
currently traversing node icmp_31
currently traversing node cst_10
currently traversing node add_33
currently traversing node cst_11
currently traversing node icmp_34
currently traversing node ret_0
currently traversing node phi_n0
currently traversing node phi_n1
currently traversing node phi_n2
currently traversing node phi_n3
currently traversing node phi_n4
currently traversing node fork_0
currently traversing node fork_1
currently traversing node fork_2
currently traversing node fork_3
currently traversing node fork_4
currently traversing node branch_0
currently traversing node branch_1
currently traversing node branch_2
currently traversing node fork_8
currently traversing node branch_3
currently traversing node branch_4
currently traversing node fork_9
currently traversing node branch_5
currently traversing node branch_6
currently traversing node fork_10
currently traversing node branch_7
currently traversing node branch_8
currently traversing node fork_11
currently traversing node branch_9
currently traversing node LSQ_B
currently traversing node MC_A_1
currently traversing node MC_A_2
currently traversing node cst_12
currently traversing node end_0
currently traversing node start_0
currently traversing node forkC_14
currently traversing node branchC_10
currently traversing node fork_15
currently traversing node phiC_5
currently traversing node forkC_16
currently traversing node branchC_11
currently traversing node phiC_6
currently traversing node forkC_17
currently traversing node branchC_12
currently traversing node phiC_7
currently traversing node forkC_18
currently traversing node branchC_13
currently traversing node phiC_8
currently traversing node forkC_19
currently traversing node branchC_14
currently traversing node phiC_9
currently traversing node forkC_20
currently traversing node branchC_15
currently traversing node fork_21
currently traversing node phiC_10
currently traversing node sink_0
currently traversing node sink_1
currently traversing node sink_2
currently traversing node sink_3
currently traversing node sink_4
currently traversing node sink_5
currently traversing node sink_6
currently traversing node sink_7
currently traversing node sink_8
currently traversing node sink_9
currently traversing node sink_10
===================
READING BB DOT FILE
===================
Reading graph name...
Reading set of nodes...
Reading set of edges between nodes...
Setting entry and exit BB...
	Entry: BB1, Exit: BB7
Setting BB frequencies...
BB1 : 1
BB2 : 3
BB3 : 294
BB4 : 3
BB5 : 294
BB6 : 3
BB7 : 1

Adding elastic buffers with period=4 and buffer_delay=0

======================
ADDING ELASTIC BUFFERS
======================
Extracting marked graphs
--------------------------
Iteration 1
ILP time: [ms] 63 
Arcs in the CFDFC:
	3->3:291
Updating frequencies...
Storing CFDFC and corresponding Marked Graph...
--------------------------
Iteration 2
ILP time: [ms] 23 
Arcs in the CFDFC:
	5->5:291
Updating frequencies...
Storing CFDFC and corresponding Marked Graph...
--------------------------
Iteration 3
ILP time: [ms] 36 
Arcs in the CFDFC:
	2->3:3
	3->4:3
	4->5:3
	5->6:3
	6->2:2
Updating frequencies...
Storing CFDFC and corresponding Marked Graph...
--------------------------
Iteration 4
ILP time: [ms] 27 
Arcs in the CFDFC:
No new MG can be extracted to increase coverage.

*******************
Covered Frequency = 592, Total Frequency = 598, Coverage = 0.989967
*******************

Aya:Done Extracting marked graphs!

determining buffer from/to MC_LSQ units to/from loads.
Calculating disjoint sets of CFDFCs...
	initialize
	union
	get set of unique dsu numbers
	merge and get sub-components
Total number of Extracted Disjoint CFDFCs: 1
Adding Marked Graphs from CFDFCs...


===================================
PRINTING CHANNELS FREQUENCIES
Freq of channel in Src_BB number 1 and dst_BB number 1 is::: 1
Freq of channel in Src_BB number 1 and dst_BB number 1 is::: 1
Freq of channel in Src_BB number 2 and dst_BB number 2 is::: 3
Freq of channel in Src_BB number 2 and dst_BB number 2 is::: 3
Freq of channel in Src_BB number 2 and dst_BB number 2 is::: 3
Freq of channel in Src_BB number 3 and dst_BB number 3 is::: 294
Freq of channel in Src_BB number 3 and dst_BB number 3 is::: 294
Freq of channel in Src_BB number 3 and dst_BB number 3 is::: 294
Freq of channel in Src_BB number 3 and dst_BB number 3 is::: 294
Freq of channel in Src_BB number 3 and dst_BB number 0 is::: 0
Freq of channel in Src_BB number 3 and dst_BB number 3 is::: 294
Freq of channel in Src_BB number 3 and dst_BB number 0 is::: 0
Freq of channel in Src_BB number 3 and dst_BB number 3 is::: 294
Freq of channel in Src_BB number 3 and dst_BB number 3 is::: 294
Freq of channel in Src_BB number 3 and dst_BB number 3 is::: 294
Freq of channel in Src_BB number 3 and dst_BB number 3 is::: 294
Freq of channel in Src_BB number 3 and dst_BB number 0 is::: 0
Freq of channel in Src_BB number 3 and dst_BB number 3 is::: 294
Freq of channel in Src_BB number 3 and dst_BB number 3 is::: 294
Freq of channel in Src_BB number 3 and dst_BB number 3 is::: 294
Freq of channel in Src_BB number 3 and dst_BB number 0 is::: 0
Freq of channel in Src_BB number 3 and dst_BB number 0 is::: 0
Freq of channel in Src_BB number 3 and dst_BB number 3 is::: 294
Freq of channel in Src_BB number 3 and dst_BB number 3 is::: 294
Freq of channel in Src_BB number 3 and dst_BB number 3 is::: 294
Freq of channel in Src_BB number 3 and dst_BB number 3 is::: 294
Freq of channel in Src_BB number 4 and dst_BB number 4 is::: 3
Freq of channel in Src_BB number 4 and dst_BB number 4 is::: 3
Freq of channel in Src_BB number 5 and dst_BB number 5 is::: 294
Freq of channel in Src_BB number 5 and dst_BB number 5 is::: 294
Freq of channel in Src_BB number 5 and dst_BB number 0 is::: 0
Freq of channel in Src_BB number 5 and dst_BB number 0 is::: 0
Freq of channel in Src_BB number 5 and dst_BB number 0 is::: 0
Freq of channel in Src_BB number 5 and dst_BB number 5 is::: 294
Freq of channel in Src_BB number 5 and dst_BB number 5 is::: 294
Freq of channel in Src_BB number 5 and dst_BB number 5 is::: 294
Freq of channel in Src_BB number 5 and dst_BB number 5 is::: 294
Freq of channel in Src_BB number 6 and dst_BB number 6 is::: 3
Freq of channel in Src_BB number 6 and dst_BB number 6 is::: 3
Freq of channel in Src_BB number 6 and dst_BB number 6 is::: 3
Freq of channel in Src_BB number 6 and dst_BB number 6 is::: 3
Freq of channel in Src_BB number 7 and dst_BB number 0 is::: 0
Freq of channel in Src_BB number 6 and dst_BB number 6 is::: 3
Freq of channel in Src_BB number 3 and dst_BB number 3 is::: 294
Freq of channel in Src_BB number 7 and dst_BB number 7 is::: 1
Freq of channel in Src_BB number 4 and dst_BB number 4 is::: 3
Freq of channel in Src_BB number 5 and dst_BB number 5 is::: 294
Freq of channel in Src_BB number 3 and dst_BB number 3 is::: 294
Freq of channel in Src_BB number 3 and dst_BB number 3 is::: 294
Freq of channel in Src_BB number 3 and dst_BB number 3 is::: 294
Freq of channel in Src_BB number 3 and dst_BB number 3 is::: 294
Freq of channel in Src_BB number 3 and dst_BB number 3 is::: 294
Freq of channel in Src_BB number 3 and dst_BB number 3 is::: 294
Freq of channel in Src_BB number 3 and dst_BB number 3 is::: 294
Freq of channel in Src_BB number 5 and dst_BB number 5 is::: 294
Freq of channel in Src_BB number 5 and dst_BB number 5 is::: 294
Freq of channel in Src_BB number 5 and dst_BB number 5 is::: 294
Freq of channel in Src_BB number 5 and dst_BB number 5 is::: 294
Freq of channel in Src_BB number 5 and dst_BB number 5 is::: 294
Freq of channel in Src_BB number 6 and dst_BB number 6 is::: 3
Freq of channel in Src_BB number 6 and dst_BB number 6 is::: 3
Freq of channel in Src_BB number 1 and dst_BB number 2 is::: 1
Freq of channel in Src_BB number 1 and dst_BB number 0 is::: 0
Freq of channel in Src_BB number 2 and dst_BB number 3 is::: 3
Freq of channel in Src_BB number 2 and dst_BB number 0 is::: 0
Freq of channel in Src_BB number 2 and dst_BB number 3 is::: 3
Freq of channel in Src_BB number 2 and dst_BB number 0 is::: 0
Freq of channel in Src_BB number 2 and dst_BB number 2 is::: 3
Freq of channel in Src_BB number 2 and dst_BB number 2 is::: 3
Freq of channel in Src_BB number 2 and dst_BB number 2 is::: 3
Freq of channel in Src_BB number 3 and dst_BB number 3 is::: 294
Freq of channel in Src_BB number 3 and dst_BB number 0 is::: 0
Freq of channel in Src_BB number 3 and dst_BB number 3 is::: 294
Freq of channel in Src_BB number 3 and dst_BB number 4 is::: 3
Freq of channel in Src_BB number 3 and dst_BB number 3 is::: 294
Freq of channel in Src_BB number 3 and dst_BB number 3 is::: 294
Freq of channel in Src_BB number 3 and dst_BB number 3 is::: 294
Freq of channel in Src_BB number 4 and dst_BB number 5 is::: 3
Freq of channel in Src_BB number 4 and dst_BB number 0 is::: 0
Freq of channel in Src_BB number 4 and dst_BB number 5 is::: 3
Freq of channel in Src_BB number 4 and dst_BB number 0 is::: 0
Freq of channel in Src_BB number 4 and dst_BB number 4 is::: 3
Freq of channel in Src_BB number 4 and dst_BB number 4 is::: 3
Freq of channel in Src_BB number 4 and dst_BB number 4 is::: 3
Freq of channel in Src_BB number 5 and dst_BB number 5 is::: 294
Freq of channel in Src_BB number 5 and dst_BB number 0 is::: 0
Freq of channel in Src_BB number 5 and dst_BB number 6 is::: 3
Freq of channel in Src_BB number 5 and dst_BB number 5 is::: 294
Freq of channel in Src_BB number 5 and dst_BB number 5 is::: 294
Freq of channel in Src_BB number 5 and dst_BB number 5 is::: 294
Freq of channel in Src_BB number 5 and dst_BB number 5 is::: 294
Freq of channel in Src_BB number 6 and dst_BB number 2 is::: 2
Freq of channel in Src_BB number 6 and dst_BB number 7 is::: 1
Freq of channel in Src_BB number 0 and dst_BB number 5 is::: 0
Freq of channel in Src_BB number 0 and dst_BB number 0 is::: 0
Freq of channel in Src_BB number 0 and dst_BB number 3 is::: 0
Freq of channel in Src_BB number 0 and dst_BB number 3 is::: 0
Freq of channel in Src_BB number 0 and dst_BB number 3 is::: 0
Freq of channel in Src_BB number 0 and dst_BB number 0 is::: 0
Freq of channel in Src_BB number 0 and dst_BB number 0 is::: 0
Freq of channel in Src_BB number 5 and dst_BB number 0 is::: 0
Freq of channel in Src_BB number 1 and dst_BB number 1 is::: 1
Freq of channel in Src_BB number 1 and dst_BB number 1 is::: 1
Freq of channel in Src_BB number 1 and dst_BB number 1 is::: 1
Freq of channel in Src_BB number 1 and dst_BB number 1 is::: 1
Freq of channel in Src_BB number 1 and dst_BB number 2 is::: 1
Freq of channel in Src_BB number 1 and dst_BB number 0 is::: 0
Freq of channel in Src_BB number 1 and dst_BB number 1 is::: 1
Freq of channel in Src_BB number 1 and dst_BB number 1 is::: 1
Freq of channel in Src_BB number 2 and dst_BB number 2 is::: 3
Freq of channel in Src_BB number 2 and dst_BB number 2 is::: 3
Freq of channel in Src_BB number 2 and dst_BB number 2 is::: 3
Freq of channel in Src_BB number 2 and dst_BB number 2 is::: 3
Freq of channel in Src_BB number 2 and dst_BB number 2 is::: 3
Freq of channel in Src_BB number 2 and dst_BB number 3 is::: 3
Freq of channel in Src_BB number 2 and dst_BB number 0 is::: 0
Freq of channel in Src_BB number 3 and dst_BB number 3 is::: 294
Freq of channel in Src_BB number 3 and dst_BB number 3 is::: 294
Freq of channel in Src_BB number 3 and dst_BB number 3 is::: 294
Freq of channel in Src_BB number 3 and dst_BB number 3 is::: 294
Freq of channel in Src_BB number 3 and dst_BB number 3 is::: 294
Freq of channel in Src_BB number 3 and dst_BB number 3 is::: 294
Freq of channel in Src_BB number 3 and dst_BB number 3 is::: 294
Freq of channel in Src_BB number 3 and dst_BB number 0 is::: 0
Freq of channel in Src_BB number 3 and dst_BB number 3 is::: 294
Freq of channel in Src_BB number 3 and dst_BB number 3 is::: 294
Freq of channel in Src_BB number 3 and dst_BB number 4 is::: 3
Freq of channel in Src_BB number 4 and dst_BB number 4 is::: 3
Freq of channel in Src_BB number 4 and dst_BB number 4 is::: 3
Freq of channel in Src_BB number 4 and dst_BB number 4 is::: 3
Freq of channel in Src_BB number 4 and dst_BB number 4 is::: 3
Freq of channel in Src_BB number 4 and dst_BB number 5 is::: 3
Freq of channel in Src_BB number 4 and dst_BB number 0 is::: 0
Freq of channel in Src_BB number 5 and dst_BB number 5 is::: 294
Freq of channel in Src_BB number 5 and dst_BB number 5 is::: 294
Freq of channel in Src_BB number 5 and dst_BB number 5 is::: 294
Freq of channel in Src_BB number 5 and dst_BB number 5 is::: 294
Freq of channel in Src_BB number 5 and dst_BB number 0 is::: 0
Freq of channel in Src_BB number 5 and dst_BB number 5 is::: 294
Freq of channel in Src_BB number 5 and dst_BB number 5 is::: 294
Freq of channel in Src_BB number 5 and dst_BB number 5 is::: 294
Freq of channel in Src_BB number 5 and dst_BB number 6 is::: 3
Freq of channel in Src_BB number 6 and dst_BB number 6 is::: 3
Freq of channel in Src_BB number 6 and dst_BB number 6 is::: 3
Freq of channel in Src_BB number 6 and dst_BB number 6 is::: 3
Freq of channel in Src_BB number 6 and dst_BB number 6 is::: 3
Freq of channel in Src_BB number 6 and dst_BB number 2 is::: 2
Freq of channel in Src_BB number 6 and dst_BB number 7 is::: 1
Freq of channel in Src_BB number 6 and dst_BB number 6 is::: 3
Freq of channel in Src_BB number 6 and dst_BB number 6 is::: 3
Freq of channel in Src_BB number 7 and dst_BB number 0 is::: 0

===================================
-------------------------------
Initiating MILP for MG number 0
-------------------------------
 creating throughput vars for sub_mg0

Aya: Before the loop over Blocks

Aya: After the loop over Blocks

Aya: Before the loop over Channels

Aya: After the loop over Channels
 creating throughput vars for sub_mg1

Aya: Before the loop over Blocks

Aya: After the loop over Blocks

Aya: Before the loop over Channels

Aya: After the loop over Channels
 creating throughput vars for sub_mg2

Aya: Before the loop over Blocks

Aya: After the loop over Blocks

Aya: Before the loop over Channels

Aya: After the loop over Channels

Aya: Done with the function createMilpVarsEB_sc

Aya: done with the first loop over channels!

Aya: done with the second loop over channels!

Aya: done with the first loop over blocks!

Aya: done with the second loop over blocks!

Aya: done with createPathConstraints_sc boolean function!!

Aya: done with createElasticityConstraints_sc boolean function!!
Lana: back edge is branch_3:out1 -> phi_3:in3
Lana: back edge is branch_4:out1 -> phi_n1:in2
Lana: back edge is branchC_12:out1 -> phiC_6:in2
Lana: back edge is branch_7:out1 -> phi_24:in3
Lana: back edge is branch_8:out1 -> phi_n4:in2
Lana: back edge is branchC_14:out1 -> phiC_8:in2
Lana: back edge is branch_3:out1 -> phi_3:in3
Lana: back edge is branch_4:out1 -> phi_n1:in2
Lana: back edge is branch_7:out1 -> phi_24:in3
Lana: back edge is branch_8:out1 -> phi_n4:in2
Lana: back edge is branch_9:out1 -> phi_1:in3
Lana: back edge is branchC_12:out1 -> phiC_6:in2
Lana: back edge is branchC_14:out1 -> phiC_8:in2
Lana: back edge is branchC_15:out1 -> phiC_5:in2
Solving MILP for elastic buffers: MG 0
Milp time for MG 0: [ms] 365841 

************************
*** Throughput for MG 0 in disjoint MG 0: 1.00 ***
************************
************************
*** Throughput for MG 1 in disjoint MG 0: 1.00 ***
************************
************************
*** Throughput for MG 2 in disjoint MG 0: 0.33 ***
************************
Adding buffer in phi_1:out1 -> branch_2:in1 | slots: 1, trans: 0 | BB2 -> BB2 (inner)
Adding buffer in phi_n0:out1 -> add_33:in1 | slots: 1, trans: 0 | BB6 -> BB6 (inner)
Adding buffer in phi_n3:out1 -> branch_6:in1 | slots: 1, trans: 0 | BB4 -> BB4 (inner)
Adding buffer in fork_2:out3 -> store_1:in2 | slots: 5, trans: 1 | BB5 -> BB5 (inner)
Adding buffer in branch_3:out1 -> phi_3:in3 | slots: 2, trans: 0 | BB3 -> BB3 (inner)
Adding buffer in branch_4:out1 -> phi_n1:in2 | slots: 2, trans: 0 | BB3 -> BB3 (inner)
Adding buffer in branch_7:out1 -> phi_24:in3 | slots: 2, trans: 0 | BB5 -> BB5 (inner)
Adding buffer in branch_8:out1 -> phi_n4:in2 | slots: 2, trans: 0 | BB5 -> BB5 (inner)
Adding buffer in phiC_5:out1 -> forkC_16:in1 | slots: 1, trans: 0 | BB2 -> BB2 (inner)
Adding buffer in forkC_17:out3 -> cst_4:in1 | slots: 2, trans: 1 | BB3 -> BB3 (inner)
Adding buffer in branchC_12:out1 -> phiC_6:in2 | slots: 2, trans: 0 | BB3 -> BB3 (inner)
Adding buffer in branchC_12:out2 -> phiC_7:in1 | slots: 1, trans: 0 | BB3 -> BB4
Adding buffer in branchC_14:out1 -> phiC_8:in2 | slots: 2, trans: 0 | BB5 -> BB5 (inner)
Adding buffer in branchC_14:out2 -> phiC_9:in1 | slots: 1, trans: 0 | BB5 -> BB6

*** Throughput achieved in sub MG 0: 1.00 ***


*** Throughput achieved in sub MG 1: 1.00 ***


*** Throughput achieved in sub MG 2: 0.33 ***

--------------------------------------
Initiating MILP for remaining channels
--------------------------------------
Solving MILP for channels not covered by MGs
Milp time for remaining channels: [ms] 76 

***************************
Total MILP time: [ms] 365917
***************************
INSTANTIATE
Done 
Write hdl
write_hdl  . ./reports/jacobi_1d_imper_optimized

******************************************************************
******Dynamic High-Level Synthesis Compiler **********************
******Andrea Guerrieri - Lana Josipovic - EPFL-LAP 2019 **********
******Dot to VHDL Generator***************************************
******************************************************************
Parsing ./reports/jacobi_1d_imper_optimized.dot

Report Modules 
+--------------------------------------------------------------------------+
|   Node_ID|                Name|         Module_type|    Inputs|   Outputs|
+--------------------------------------------------------------------------+
|         0|        brCst_block1|            Constant|         1|         1|
|         1|               cst_0|            Constant|         1|         1|
|         2|            branch_0|              Branch|         2|         2|
|         3|             start_0|               Entry|         1|         1|
|         4|            forkC_14|                Fork|         1|         3|
|         5|          branchC_10|              Branch|         2|         2|
|         6|             fork_15|                Fork|         1|         2|
|         7|               phi_1|                 Mux|         3|         1|
|         8|        brCst_block2|            Constant|         1|         1|
|         9|               cst_1|            Constant|         1|         1|
|        10|            branch_1|              Branch|         2|         2|
|        11|            branch_2|              Branch|         2|         2|
|        12|              fork_8|                Fork|         1|         3|
|        13|              phiC_5|          CntrlMerge|         2|         2|
|        14|            forkC_16|                Fork|         1|         3|
|        15|          branchC_11|              Branch|         2|         2|
|        16|            Buffer_1|              Buffer|         1|         1|
|        17|            Buffer_9|              Buffer|         1|         1|
|        18|               phi_3|                 Mux|         3|         1|
|        19|               cst_2|            Constant|         1|         1|
|        20|               add_4|            Operator|         2|         1|
|        21|              load_7|            Operator|         2|         2|
|        22|             load_10|            Operator|         2|         2|
|        23|              add_11|            Operator|         2|         1|
|        24|               cst_3|            Constant|         1|         1|
|        25|              add_12|            Operator|         2|         1|
|        26|             load_15|            Operator|         2|         2|
|        27|              add_16|            Operator|         2|         1|
|        28|               cst_4|            Constant|         1|         1|
|        29|              mul_17|            Operator|         2|         1|
|        30|             store_0|            Operator|         2|         2|
|        31|               cst_5|            Constant|         1|         1|
|        32|              add_20|            Operator|         2|         1|
|        33|               cst_6|            Constant|         1|         1|
|        34|             icmp_21|            Operator|         2|         1|
|        35|              phi_n1|               Merge|         2|         1|
|        36|              fork_0|                Fork|         1|         5|
|        37|              fork_1|                Fork|         1|         2|
|        38|            branch_3|              Branch|         2|         2|
|        39|            branch_4|              Branch|         2|         2|
|        40|              fork_9|                Fork|         1|         3|
|        41|              phiC_6|          CntrlMerge|         2|         2|
|        42|            forkC_17|                Fork|         1|         7|
|        43|          branchC_12|              Branch|         2|         2|
|        44|            Buffer_5|              Buffer|         1|         1|
|        45|            Buffer_6|              Buffer|         1|         1|
|        46|           Buffer_10|               tFifo|         1|         1|
|        47|           Buffer_11|              Buffer|         1|         1|
|        48|           Buffer_12|              Buffer|         1|         1|
|        49|           Buffer_13|              Buffer|         1|         1|
|        50|        brCst_block4|            Constant|         1|         1|
|        51|               cst_7|            Constant|         1|         1|
|        52|              phi_n3|               Merge|         1|         1|
|        53|            branch_5|              Branch|         2|         2|
|        54|            branch_6|              Branch|         2|         2|
|        55|             fork_10|                Fork|         1|         3|
|        56|              phiC_7|               Merge|         1|         1|
|        57|            forkC_18|                Fork|         1|         3|
|        58|          branchC_13|              Branch|         2|         2|
|        59|            Buffer_3|              Buffer|         1|         1|
|        60|              phi_24|                 Mux|         3|         1|
|        61|             load_27|            Operator|         2|         2|
|        62|             store_1|            Operator|         2|         2|
|        63|               cst_8|            Constant|         1|         1|
|        64|              add_30|            Operator|         2|         1|
|        65|               cst_9|            Constant|         1|         1|
|        66|             icmp_31|            Operator|         2|         1|
|        67|              phi_n4|               Merge|         2|         1|
|        68|              fork_2|                Fork|         1|         3|
|        69|              fork_3|                Fork|         1|         2|
|        70|            branch_7|              Branch|         2|         2|
|        71|            branch_8|              Branch|         2|         2|
|        72|             fork_11|                Fork|         1|         3|
|        73|              cst_12|            Constant|         1|         1|
|        74|              phiC_8|          CntrlMerge|         2|         2|
|        75|            forkC_19|                Fork|         1|         5|
|        76|          branchC_14|              Branch|         2|         2|
|        77|            Buffer_4|               tFifo|         1|         1|
|        78|            Buffer_7|              Buffer|         1|         1|
|        79|            Buffer_8|              Buffer|         1|         1|
|        80|           Buffer_14|              Buffer|         1|         1|
|        81|           Buffer_15|              Buffer|         1|         1|
|        82|           Buffer_16|              Buffer|         1|         1|
|        83|              cst_10|            Constant|         1|         1|
|        84|              add_33|            Operator|         2|         1|
|        85|              cst_11|            Constant|         1|         1|
|        86|             icmp_34|            Operator|         2|         1|
|        87|              phi_n0|               Merge|         1|         1|
|        88|              fork_4|                Fork|         1|         2|
|        89|            branch_9|              Branch|         2|         2|
|        90|              phiC_9|               Merge|         1|         1|
|        91|            forkC_20|                Fork|         1|         3|
|        92|          branchC_15|              Branch|         2|         2|
|        93|             fork_21|                Fork|         1|         2|
|        94|            Buffer_2|              Buffer|         1|         1|
|        95|               ret_0|            Operator|         1|         1|
|        96|              phi_n2|               Merge|         1|         1|
|        97|             phiC_10|               Merge|         1|         1|
|        98|               LSQ_B|                 LSQ|         5|         2|
|        99|              MC_A_1|                  MC|         6|         4|
|       100|              MC_A_2|                  MC|         4|         2|
|       101|               end_0|                Exit|         4|         1|
|       102|              sink_0|                Sink|         1|         0|
|       103|              sink_1|                Sink|         1|         0|
|       104|              sink_2|                Sink|         1|         0|
|       105|              sink_3|                Sink|         1|         0|
|       106|              sink_4|                Sink|         1|         0|
|       107|              sink_5|                Sink|         1|         0|
|       108|              sink_6|                Sink|         1|         0|
|       109|              sink_7|                Sink|         1|         0|
|       110|              sink_8|                Sink|         1|         0|
|       111|              sink_9|                Sink|         1|         0|
|       112|             sink_10|                Sink|         1|         0|
+--------------------------------------------------------------------------+
Generating ./reports/jacobi_1d_imper_optimized.vhd
Generating LSQ 0 component...
lsq_generate ./reports/jacobi_1d_imper_optimized_lsq0_configuration.json
[[35minfo[0m] [0.003] Elaborating design...
[[35minfo[0m] [9.147] Done elaborating.
Total FIRRTL Compile Time: 43990.0 ms

Done



Done 
Exit...
Goodbye!


examples/jacobi_1d_imper
jacobi_1d_imper
[INFO  CAnalyzer] Return identified: end of type int (return value).
[INFO  CAnalyzer] Parsing parameter inout_int_t A_1[100]
array length 100
[INFO  CAnalyzer] Parameter identified: A_1 of type inout_int_t[100].
[INFO  CAnalyzer] Parsing parameter inout_int_t A_2[100]
array length 100
[INFO  CAnalyzer] Parameter identified: A_2 of type inout_int_t[100].
[INFO  CAnalyzer] Parsing parameter inout_int_t B[100]
array length 100
[INFO  CAnalyzer] Parameter identified: B of type inout_int_t[100].
i0
[INFO  CAnalyzer] Actual type of "A_1" is "int" (32 bits).
i1
[INFO  CAnalyzer] Actual type of "A_2" is "int" (32 bits).
i2
[INFO  CAnalyzer] Actual type of "B" is "int" (32 bits).
[INFO  CVER] Compiling C files [gcc ../C_SRC/hls_verify_jacobi_1d_imper.c -I../C_SRC -o ../C_SRC/hls_verify_jacobi_1d_imper.out]
[INFO  CVER] Cleaning C output files [rm -rf ../C_OUT]
[INFO  CVER] Cleaning existing input files [rm -rf ../INPUT_VECTORS]
[INFO  CVER] Creating C output files directory [mkdir -p ../C_OUT]
[INFO  CVER] Creating input files directory [mkdir -p ../INPUT_VECTORS]
[INFO  CVER] Executing C test-bench [../C_SRC/hls_verify_jacobi_1d_imper.out]
[INFO  CVER] C simulation finished. Outputs saved in directory ../C_OUT.
[INFO  VVER] Generating VHDL testbench for entity jacobi_1d_imper
[INFO  VVER] Transaction number computed : 1
[INFO  VVER] Copying supplementary files: [cp /home/dynamatic/Dynamatic/etc/dynamatic/Regression_test/hls_verifier/HlsVerifier/build/resources/template_two_port_RAM.vhd ../VHDL_SRC/two_port_RAM.vhd]
[INFO  VVER] Copying supplementary files: [cp /home/dynamatic/Dynamatic/etc/dynamatic/Regression_test/hls_verifier/HlsVerifier/build/resources/template_single_argument.vhd ../VHDL_SRC/single_argument.vhd]
[INFO  VVER] Copying supplementary files: [cp /home/dynamatic/Dynamatic/etc/dynamatic/Regression_test/hls_verifier/HlsVerifier/build/resources/template_simpackage.vhd ../VHDL_SRC/simpackage.vhd]
[INFO  VVER] Copying supplementary files: [cp /home/dynamatic/Dynamatic/etc/dynamatic/Regression_test/hls_verifier/HlsVerifier/build/resources/modelsim.ini ./modelsim.ini]
[INFO  VVER] Cleaning VHDL output files [rm -rf ../VHDL_OUT]
[INFO  VVER] Creating VHDL output files directory [mkdir -p ../VHDL_OUT]
[INFO  VVER] Executing modelsim: [vsim -c -do simulation.do]
Reading pref.tcl

# 10.5b

# do simulation.do
# Model Technology ModelSim - Intel FPGA Edition vmap 10.5b Lib Mapping Utility 2016.10 Oct  5 2016
# vmap work work 
# Modifying modelsim.ini
# Loading project simulation
# Model Technology ModelSim - Intel FPGA Edition vlog 10.5b Compiler 2016.10 Oct  5 2016
# Start time: 01:59:53 on Dec 02,2022
# vlog -work work /home/dynamatic/Dynamatic/etc/dynamatic/Regression_test/examples/jacobi_1d_imper/sim/VHDL_SRC/LSQ_B.v 
# -- Compiling module STORE_QUEUE_LSQ_B
# -- Compiling module LOAD_QUEUE_LSQ_B
# -- Compiling module GROUP_ALLOCATOR_LSQ_B
# -- Compiling module LOAD_PORT_LSQ_B
# -- Compiling module STORE_DATA_PORT_LSQ_B
# -- Compiling module LSQ_B
# 
# Top level modules:
# 	LSQ_B
# End time: 01:59:54 on Dec 02,2022, Elapsed time: 0:00:01
# Errors: 0, Warnings: 0
# Compile of LSQ_B.v was successful.
# Model Technology ModelSim - Intel FPGA Edition vcom 10.5b Compiler 2016.10 Oct  5 2016
# Start time: 01:59:54 on Dec 02,2022
# vcom -work work -2008 -explicit /home/dynamatic/Dynamatic/etc/dynamatic/Regression_test/examples/jacobi_1d_imper/sim/VHDL_SRC/delay_buffer.vhd 
# -- Loading package STANDARD
# -- Loading package TEXTIO
# -- Loading package std_logic_1164
# -- Loading package NUMERIC_STD
# -- Compiling entity delay_buffer
# -- Compiling architecture arch of delay_buffer
# End time: 01:59:54 on Dec 02,2022, Elapsed time: 0:00:00
# Errors: 0, Warnings: 0
# Compile of delay_buffer.vhd was successful.
# Model Technology ModelSim - Intel FPGA Edition vcom 10.5b Compiler 2016.10 Oct  5 2016
# Start time: 01:59:54 on Dec 02,2022
# vcom -work work -2008 -explicit /home/dynamatic/Dynamatic/etc/dynamatic/Regression_test/examples/jacobi_1d_imper/sim/VHDL_SRC/arithmetic_units.vhd 
# -- Loading package STANDARD
# -- Loading package TEXTIO
# -- Loading package std_logic_1164
# -- Loading package NUMERIC_STD
# ** Error: (vcom-11) Could not find work.customtypes.
# ** Error (suppressible): /home/dynamatic/Dynamatic/etc/dynamatic/Regression_test/examples/jacobi_1d_imper/sim/VHDL_SRC/arithmetic_units.vhd(8): (vcom-1195) Cannot find expanded name "work.customTypes".
# ** Error: /home/dynamatic/Dynamatic/etc/dynamatic/Regression_test/examples/jacobi_1d_imper/sim/VHDL_SRC/arithmetic_units.vhd(8): Unknown expanded name.
# ** Error: /home/dynamatic/Dynamatic/etc/dynamatic/Regression_test/examples/jacobi_1d_imper/sim/VHDL_SRC/arithmetic_units.vhd(10): VHDL Compiler exiting
# End time: 01:59:54 on Dec 02,2022, Elapsed time: 0:00:00
# Errors: 4, Warnings: 0
# Model Technology ModelSim - Intel FPGA Edition vcom 10.5b Compiler 2016.10 Oct  5 2016
# Start time: 01:59:54 on Dec 02,2022
# vcom -work work -2008 -explicit /home/dynamatic/Dynamatic/etc/dynamatic/Regression_test/examples/jacobi_1d_imper/sim/VHDL_SRC/jacobi_1d_imper_optimized.vhd 
# -- Loading package STANDARD
# -- Loading package TEXTIO
# -- Loading package std_logic_1164
# -- Loading package NUMERIC_STD
# ** Error: (vcom-11) Could not find work.customtypes.
# ** Error (suppressible): /home/dynamatic/Dynamatic/etc/dynamatic/Regression_test/examples/jacobi_1d_imper/sim/VHDL_SRC/jacobi_1d_imper_optimized.vhd(9): (vcom-1195) Cannot find expanded name "work.customTypes".
# ** Error: /home/dynamatic/Dynamatic/etc/dynamatic/Regression_test/examples/jacobi_1d_imper/sim/VHDL_SRC/jacobi_1d_imper_optimized.vhd(9): Unknown expanded name.
# ** Error: /home/dynamatic/Dynamatic/etc/dynamatic/Regression_test/examples/jacobi_1d_imper/sim/VHDL_SRC/jacobi_1d_imper_optimized.vhd(11): VHDL Compiler exiting
# End time: 01:59:54 on Dec 02,2022, Elapsed time: 0:00:00
# Errors: 4, Warnings: 0
# Model Technology ModelSim - Intel FPGA Edition vcom 10.5b Compiler 2016.10 Oct  5 2016
# Start time: 01:59:54 on Dec 02,2022
# vcom -work work -2008 -explicit /home/dynamatic/Dynamatic/etc/dynamatic/Regression_test/examples/jacobi_1d_imper/sim/VHDL_SRC/sharing_components.vhd 
# -- Loading package STANDARD
# -- Loading package TEXTIO
# -- Loading package std_logic_1164
# -- Loading package NUMERIC_STD
# ** Error: (vcom-11) Could not find work.customtypes.
# ** Error (suppressible): /home/dynamatic/Dynamatic/etc/dynamatic/Regression_test/examples/jacobi_1d_imper/sim/VHDL_SRC/sharing_components.vhd(6): (vcom-1195) Cannot find expanded name "work.customTypes".
# ** Error: /home/dynamatic/Dynamatic/etc/dynamatic/Regression_test/examples/jacobi_1d_imper/sim/VHDL_SRC/sharing_components.vhd(6): Unknown expanded name.
# ** Error: /home/dynamatic/Dynamatic/etc/dynamatic/Regression_test/examples/jacobi_1d_imper/sim/VHDL_SRC/sharing_components.vhd(8): VHDL Compiler exiting
# End time: 01:59:54 on Dec 02,2022, Elapsed time: 0:00:00
# Errors: 4, Warnings: 0
# Model Technology ModelSim - Intel FPGA Edition vcom 10.5b Compiler 2016.10 Oct  5 2016
# Start time: 01:59:54 on Dec 02,2022
# vcom -work work -2008 -explicit /home/dynamatic/Dynamatic/etc/dynamatic/Regression_test/examples/jacobi_1d_imper/sim/VHDL_SRC/elastic_components.vhd 
# -- Loading package STANDARD
# -- Loading package TEXTIO
# -- Loading package std_logic_1164
# -- Compiling package customTypes
# -- Loading package customTypes
# -- Compiling entity andN
# -- Compiling architecture vanilla of andn
# -- Compiling entity nandN
# -- Compiling architecture arch of nandn
# -- Compiling entity orN
# -- Compiling architecture vanilla of orN
# -- Compiling entity norN
# -- Compiling architecture arch of norN
# -- Compiling entity join
# -- Compiling architecture arch of join
# -- Loading entity andN
# -- Loading package NUMERIC_STD
# -- Compiling entity TEHB
# -- Compiling architecture arch of TEHB
# -- Compiling entity OEHB
# -- Compiling architecture arch of OEHB
# -- Compiling entity elasticBuffer
# -- Compiling architecture arch of elasticBuffer
# -- Loading entity TEHB
# -- Loading entity OEHB
# -- Compiling entity buffer_bx_op
# -- Compiling architecture arch of buffer_bx_op
# -- Compiling entity join_bx_op
# -- Compiling architecture arch of join_bx_op
# -- Loading entity join
# -- Compiling entity end_node
# -- Compiling architecture arch of end_node
# -- Compiling entity branchSimple
# -- Compiling architecture arch of branchSimple
# -- Compiling entity branch
# -- Compiling architecture arch of branch
# -- Loading entity branchSimple
# -- Compiling entity eagerFork_RegisterBLock
# -- Compiling architecture arch of eagerFork_RegisterBLock
# -- Compiling entity fork
# -- Compiling architecture arch of fork
# -- Loading entity orN
# -- Loading entity eagerFork_RegisterBLock
# -- Compiling entity lazyfork
# -- Compiling architecture arch of lazyfork
# -- Compiling entity merge
# -- Compiling architecture arch of merge
# -- Compiling entity merge_notehb
# -- Compiling architecture arch of merge_notehb
# -- Compiling entity start_node_new
# -- Compiling architecture arch of start_node_new
# -- Loading entity elasticBuffer
# -- Compiling entity aya_start_node
# -- Compiling architecture arch of aya_start_node
# -- Compiling entity start_node
# -- Compiling architecture arch of start_node
# -- Compiling entity sink
# -- Compiling architecture arch of sink
# -- Compiling entity source
# -- Compiling architecture arch of source
# -- Compiling entity elasticFifoInner
# -- Compiling architecture arch of elasticFifoInner
# -- Compiling entity nontranspFifo
# -- Compiling architecture arch of nontranspFifo
# -- Loading entity elasticFifoInner
# -- Compiling entity transpFIFO
# -- Compiling architecture arch of transpFIFO
# -- Compiling entity load_op
# -- Compiling architecture arch of load_op
# -- Compiling entity Const
# -- Compiling architecture arch of Const
# -- Compiling entity write_memory_single_inside
# -- Compiling architecture arch of write_memory_single_inside
# -- Compiling entity store_op
# -- Compiling architecture arch of store_op
# -- Loading entity write_memory_single_inside
# -- Loading package MATH_REAL
# -- Compiling entity Inj
# -- Compiling architecture arch of Inj
# -- Compiling entity mux
# -- Compiling architecture arch of mux
# -- Compiling entity cntrlMerge
# -- Compiling architecture arch of cntrlMerge
# -- Loading entity merge_notehb
# -- Loading entity fork
# -- Compiling entity lsq_load_op
# -- Compiling architecture arch of lsq_load_op
# -- Compiling entity lsq_store_op
# -- Compiling architecture arch of lsq_store_op
# End time: 01:59:55 on Dec 02,2022, Elapsed time: 0:00:01
# Errors: 0, Warnings: 0
# Compile of elastic_components.vhd was successful.
# Model Technology ModelSim - Intel FPGA Edition vcom 10.5b Compiler 2016.10 Oct  5 2016
# Start time: 01:59:55 on Dec 02,2022
# vcom -work work -2008 -explicit /home/dynamatic/Dynamatic/etc/dynamatic/Regression_test/examples/jacobi_1d_imper/sim/VHDL_SRC/mul_wrapper.vhd 
# -- Loading package STANDARD
# -- Loading package TEXTIO
# -- Loading package std_logic_1164
# -- Loading package NUMERIC_STD
# -- Loading package customTypes
# -- Compiling entity mul_op
# -- Compiling architecture arch of mul_op
# -- Loading entity join
# ** Error: (vcom-11) Could not find work.mul_4_stage.
# ** Error (suppressible): /home/dynamatic/Dynamatic/etc/dynamatic/Regression_test/examples/jacobi_1d_imper/sim/VHDL_SRC/mul_wrapper.vhd(45): (vcom-1195) Cannot find expanded name "work.mul_4_stage".
# ** Error: /home/dynamatic/Dynamatic/etc/dynamatic/Regression_test/examples/jacobi_1d_imper/sim/VHDL_SRC/mul_wrapper.vhd(45): Unknown expanded name.
# -- Loading entity delay_buffer
# -- Loading entity OEHB
# ** Error: /home/dynamatic/Dynamatic/etc/dynamatic/Regression_test/examples/jacobi_1d_imper/sim/VHDL_SRC/mul_wrapper.vhd(76): VHDL Compiler exiting
# End time: 01:59:55 on Dec 02,2022, Elapsed time: 0:00:00
# Errors: 4, Warnings: 0
# Model Technology ModelSim - Intel FPGA Edition vcom 10.5b Compiler 2016.10 Oct  5 2016
# Start time: 01:59:55 on Dec 02,2022
# vcom -work work -2008 -explicit /home/dynamatic/Dynamatic/etc/dynamatic/Regression_test/examples/jacobi_1d_imper/sim/VHDL_SRC/hls_verify_jacobi_1d_imper_tb.vhd 
# -- Loading package STANDARD
# -- Loading package TEXTIO
# -- Loading package std_logic_1164
# -- Loading package std_logic_arith
# -- Loading package STD_LOGIC_UNSIGNED
# -- Loading package std_logic_textio
# -- Loading package NUMERIC_STD
# ** Error: (vcom-11) Could not find work.sim_package.
# ** Error (suppressible): /home/dynamatic/Dynamatic/etc/dynamatic/Regression_test/examples/jacobi_1d_imper/sim/VHDL_SRC/hls_verify_jacobi_1d_imper_tb.vhd(9): (vcom-1195) Cannot find expanded name "work.sim_package".
# ** Error: /home/dynamatic/Dynamatic/etc/dynamatic/Regression_test/examples/jacobi_1d_imper/sim/VHDL_SRC/hls_verify_jacobi_1d_imper_tb.vhd(9): Unknown expanded name.
# ** Error: /home/dynamatic/Dynamatic/etc/dynamatic/Regression_test/examples/jacobi_1d_imper/sim/VHDL_SRC/hls_verify_jacobi_1d_imper_tb.vhd(13): VHDL Compiler exiting
# End time: 01:59:55 on Dec 02,2022, Elapsed time: 0:00:00
# Errors: 4, Warnings: 0
# Model Technology ModelSim - Intel FPGA Edition vcom 10.5b Compiler 2016.10 Oct  5 2016
# Start time: 01:59:55 on Dec 02,2022
# vcom -work work -2008 -explicit /home/dynamatic/Dynamatic/etc/dynamatic/Regression_test/examples/jacobi_1d_imper/sim/VHDL_SRC/MemCont.vhd 
# -- Loading package STANDARD
# -- Loading package TEXTIO
# -- Loading package std_logic_1164
# -- Loading package NUMERIC_STD
# -- Loading package customTypes
# -- Compiling entity read_priority
# -- Compiling architecture arch of read_priority
# -- Compiling entity read_address_mux
# -- Compiling architecture arch of read_address_mux
# -- Compiling entity read_address_ready
# -- Compiling architecture arch of read_address_ready
# -- Compiling entity read_data_signals
# -- Compiling architecture arch of read_data_signals
# -- Compiling entity read_memory_arbiter
# -- Compiling architecture arch of read_memory_arbiter
# -- Loading entity read_priority
# -- Loading entity read_address_mux
# -- Loading entity read_address_ready
# -- Loading entity read_data_signals
# -- Compiling entity write_priority
# -- Compiling architecture arch of write_priority
# -- Compiling entity write_address_mux
# -- Compiling architecture arch of write_address_mux
# -- Compiling entity write_address_ready
# -- Compiling architecture arch of write_address_ready
# -- Compiling entity write_data_signals
# -- Compiling architecture arch of write_data_signals
# -- Compiling entity write_memory_arbiter
# -- Compiling architecture arch of write_memory_arbiter
# -- Loading entity write_priority
# -- Loading entity write_address_mux
# -- Loading entity write_address_ready
# -- Loading entity write_data_signals
# -- Compiling entity elasticBufferDummy
# -- Compiling architecture arch of elasticBufferDummy
# -- Compiling entity mc_load_op
# -- Compiling architecture arch of mc_load_op
# -- Loading entity TEHB
# -- Compiling entity mc_store_op
# -- Compiling architecture arch of mc_store_op
# -- Loading entity join
# -- Compiling entity MemCont
# -- Compiling architecture arch of MemCont
# -- Loading entity read_memory_arbiter
# -- Loading entity write_memory_arbiter
# ** Warning: /home/dynamatic/Dynamatic/etc/dynamatic/Regression_test/examples/jacobi_1d_imper/sim/VHDL_SRC/MemCont.vhd(840): (vcom-1514) Range choice direction (downto) does not determine aggregate index range direction (to).
# End time: 01:59:55 on Dec 02,2022, Elapsed time: 0:00:00
# Errors: 0, Warnings: 1
# Compile of MemCont.vhd was successful.
# Model Technology ModelSim - Intel FPGA Edition vcom 10.5b Compiler 2016.10 Oct  5 2016
# Start time: 01:59:55 on Dec 02,2022
# vcom -work work -2008 -explicit /home/dynamatic/Dynamatic/etc/dynamatic/Regression_test/examples/jacobi_1d_imper/sim/VHDL_SRC/multipliers.vhd 
# -- Loading package STANDARD
# -- Loading package TEXTIO
# -- Loading package std_logic_1164
# -- Loading package NUMERIC_STD
# -- Compiling entity mul_4_stage
# -- Compiling architecture behav of mul_4_stage
# -- Compiling entity mul_8_stage
# -- Compiling architecture behav of mul_8_stage
# End time: 01:59:55 on Dec 02,2022, Elapsed time: 0:00:00
# Errors: 0, Warnings: 0
# Compile of multipliers.vhd was successful.
# Model Technology ModelSim - Intel FPGA Edition vcom 10.5b Compiler 2016.10 Oct  5 2016
# Start time: 01:59:55 on Dec 02,2022
# vcom -work work -2008 -explicit /home/dynamatic/Dynamatic/etc/dynamatic/Regression_test/examples/jacobi_1d_imper/sim/VHDL_SRC/simpackage.vhd 
# -- Loading package STANDARD
# -- Loading package TEXTIO
# -- Loading package std_logic_1164
# -- Loading package std_logic_arith
# -- Loading package NUMERIC_STD
# -- Loading package STD_LOGIC_UNSIGNED
# -- Loading package std_logic_textio
# -- Compiling package sim_package
# -- Compiling package body sim_package
# -- Loading package sim_package
# End time: 01:59:55 on Dec 02,2022, Elapsed time: 0:00:00
# Errors: 0, Warnings: 0
# Compile of simpackage.vhd was successful.
# Model Technology ModelSim - Intel FPGA Edition vcom 10.5b Compiler 2016.10 Oct  5 2016
# Start time: 01:59:55 on Dec 02,2022
# vcom -work work -2008 -explicit /home/dynamatic/Dynamatic/etc/dynamatic/Regression_test/examples/jacobi_1d_imper/sim/VHDL_SRC/two_port_RAM.vhd 
# -- Loading package STANDARD
# -- Loading package TEXTIO
# -- Loading package std_logic_1164
# -- Loading package std_logic_arith
# -- Loading package STD_LOGIC_UNSIGNED
# -- Loading package NUMERIC_STD
# -- Loading package std_logic_textio
# -- Loading package sim_package
# -- Compiling entity two_port_RAM
# -- Compiling architecture behav of two_port_RAM
# ** Warning: /home/dynamatic/Dynamatic/etc/dynamatic/Regression_test/examples/jacobi_1d_imper/sim/VHDL_SRC/two_port_RAM.vhd(41): (vcom-1236) Shared variables must be of a protected type.
# End time: 01:59:55 on Dec 02,2022, Elapsed time: 0:00:00
# Errors: 0, Warnings: 1
# Compile of two_port_RAM.vhd was successful.
# Model Technology ModelSim - Intel FPGA Edition vcom 10.5b Compiler 2016.10 Oct  5 2016
# Start time: 01:59:55 on Dec 02,2022
# vcom -work work -2008 -explicit /home/dynamatic/Dynamatic/etc/dynamatic/Regression_test/examples/jacobi_1d_imper/sim/VHDL_SRC/single_argument.vhd 
# -- Loading package STANDARD
# -- Loading package TEXTIO
# -- Loading package std_logic_1164
# -- Loading package std_logic_arith
# -- Loading package STD_LOGIC_UNSIGNED
# -- Loading package NUMERIC_STD
# -- Loading package std_logic_textio
# -- Loading package sim_package
# -- Compiling entity single_argument
# -- Compiling architecture behav of single_argument
# ** Warning: /home/dynamatic/Dynamatic/etc/dynamatic/Regression_test/examples/jacobi_1d_imper/sim/VHDL_SRC/single_argument.vhd(34): (vcom-1236) Shared variables must be of a protected type.
# End time: 01:59:55 on Dec 02,2022, Elapsed time: 0:00:00
# Errors: 0, Warnings: 1
# Compile of single_argument.vhd was successful.
# Model Technology ModelSim - Intel FPGA Edition vcom 10.5b Compiler 2016.10 Oct  5 2016
# Start time: 01:59:55 on Dec 02,2022
# vcom -work work -2008 -explicit /home/dynamatic/Dynamatic/etc/dynamatic/Regression_test/examples/jacobi_1d_imper/sim/VHDL_SRC/arithmetic_units.vhd 
# -- Loading package STANDARD
# -- Loading package TEXTIO
# -- Loading package std_logic_1164
# -- Loading package NUMERIC_STD
# -- Loading package customTypes
# -- Compiling entity ret_op
# -- Compiling architecture arch of ret_op
# -- Loading entity TEHB
# -- Compiling entity add_op
# -- Compiling architecture arch of add_op
# -- Loading entity join
# -- Compiling entity sub_op
# -- Compiling architecture arch of sub_op
# -- Compiling entity and_op
# -- Compiling architecture arch of and_op
# -- Compiling entity or_op
# -- Compiling architecture arch of or_op
# -- Compiling entity xor_op
# -- Compiling architecture arch of xor_op
# -- Compiling entity sext_op
# -- Compiling architecture arch of sext_op
# -- Compiling entity zext_op
# -- Compiling architecture arch of zext_op
# -- Compiling entity shl_op
# -- Compiling architecture arch of shl_op
# -- Compiling entity ashr_op
# -- Compiling architecture arch of ashr_op
# -- Compiling entity lshr_op
# -- Compiling architecture arch of lshr_op
# -- Compiling entity antitokens
# -- Compiling architecture arch of antitokens
# -- Compiling entity select_op
# -- Compiling architecture arch of select_op
# -- Loading entity antitokens
# -- Compiling entity icmp_eq_op
# -- Compiling architecture arch of icmp_eq_op
# -- Compiling entity icmp_ne_op
# -- Compiling architecture arch of icmp_ne_op
# -- Compiling entity icmp_ugt_op
# -- Compiling architecture arch of icmp_ugt_op
# -- Compiling entity icmp_uge_op
# -- Compiling architecture arch of icmp_uge_op
# -- Compiling entity icmp_sgt_op
# -- Compiling architecture arch of icmp_sgt_op
# -- Compiling entity icmp_sge_op
# -- Compiling architecture arch of icmp_sge_op
# -- Compiling entity icmp_ult_op
# -- Compiling architecture arch of icmp_ult_op
# -- Compiling entity icmp_ule_op
# -- Compiling architecture arch of icmp_ule_op
# -- Compiling entity icmp_slt_op
# -- Compiling architecture arch of icmp_slt_op
# -- Compiling entity icmp_sle_op
# -- Compiling architecture arch of icmp_sle_op
# -- Compiling entity getelementptr_op
# -- Compiling architecture arch of getelementptr_op
# -- Compiling entity fcmp_oeq_op
# -- Compiling architecture arch of fcmp_oeq_op
# -- Loading entity delay_buffer
# -- Compiling entity fcmp_ogt_op
# -- Compiling architecture arch of fcmp_ogt_op
# -- Compiling entity fcmp_oge_op
# -- Compiling architecture arch of fcmp_oge_op
# -- Compiling entity fcmp_olt_op
# -- Compiling architecture arch of fcmp_olt_op
# -- Compiling entity fcmp_ole_op
# -- Compiling architecture arch of fcmp_ole_op
# -- Compiling entity fcmp_one_op
# -- Compiling architecture arch of fcmp_one_op
# -- Compiling entity fcmp_ord_op
# -- Compiling architecture arch of fcmp_ord_op
# -- Compiling entity fcmp_uno_op
# -- Compiling architecture arch of fcmp_uno_op
# -- Compiling entity fcmp_ueq_op
# -- Compiling architecture arch of fcmp_ueq_op
# -- Compiling entity fcmp_uge_op
# -- Compiling architecture arch of fcmp_uge_op
# -- Compiling entity fcmp_ult_op
# -- Compiling architecture arch of fcmp_ult_op
# -- Compiling entity fcmp_ule
# -- Compiling architecture arch of fcmp_ule
# -- Compiling entity fcmp_une
# -- Compiling architecture arch of fcmp_une
# -- Compiling entity fcmp_ugt
# -- Compiling architecture arch of fcmp_ugt
# -- Compiling entity fadd_op
# -- Compiling architecture arch of fadd_op
# -- Loading entity OEHB
# -- Compiling entity fsub_op
# -- Compiling architecture arch of fsub_op
# -- Compiling entity fmul_op
# -- Compiling architecture arch of fmul_op
# -- Compiling entity fneg_op
# -- Compiling architecture arch of fneg_op
# -- Compiling entity udiv_op
# -- Compiling architecture arch of udiv_op
# -- Compiling entity sdiv_op
# -- Compiling architecture arch of sdiv_op
# -- Compiling entity fdiv_op
# -- Compiling architecture arch of fdiv_op
# -- Compiling entity srem_op
# -- Compiling architecture arch of srem_op
# -- Compiling entity urem_op
# -- Compiling architecture arch of urem_op
# -- Compiling entity frem_op
# -- Compiling architecture arch of frem_op
# -- Compiling entity sinf_op
# -- Compiling architecture arch of sinf_op
# -- Compiling entity cosf_op
# -- Compiling architecture arch of cosf_op
# -- Compiling entity sqrtf_op
# -- Compiling architecture arch of sqrtf_op
# -- Compiling entity expf_op
# -- Compiling architecture arch of expf_op
# -- Compiling entity exp2f_op
# -- Compiling architecture arch of exp2f_op
# -- Compiling entity logf_op
# -- Compiling architecture arch of logf_op
# -- Compiling entity log2f_op
# -- Compiling architecture arch of log2f_op
# -- Compiling entity log10f_op
# -- Compiling architecture arch of log10f_op
# -- Compiling entity fabsf_op
# -- Compiling architecture arch of fabsf_op
# -- Compiling entity trunc_op
# -- Compiling architecture arch of trunc_op
# -- Compiling entity floorf_op
# -- Compiling architecture arch of floorf_op
# -- Compiling entity ceilf_op
# -- Compiling architecture arch of ceilf_op
# -- Compiling entity roundf_op
# -- Compiling architecture arch of roundf_op
# -- Compiling entity fminf_op
# -- Compiling architecture arch of fminf_op
# -- Compiling entity fmaxf_op
# -- Compiling architecture arch of fmaxf_op
# -- Compiling entity powf_op
# -- Compiling architecture arch of powf_op
# -- Compiling entity fabsf_op
# -- Compiling architecture arch of fabsf_op
# -- Compiling entity copysignf_op
# -- Compiling architecture arch of copysignf_op
# -- Compiling entity sitofp_op
# -- Compiling architecture arch of sitofp_op
# End time: 01:59:56 on Dec 02,2022, Elapsed time: 0:00:01
# Errors: 0, Warnings: 0
# Compile of arithmetic_units.vhd was successful.
# Model Technology ModelSim - Intel FPGA Edition vcom 10.5b Compiler 2016.10 Oct  5 2016
# Start time: 01:59:56 on Dec 02,2022
# vcom -work work -2008 -explicit /home/dynamatic/Dynamatic/etc/dynamatic/Regression_test/examples/jacobi_1d_imper/sim/VHDL_SRC/jacobi_1d_imper_optimized.vhd 
# -- Loading package STANDARD
# -- Loading package TEXTIO
# -- Loading package std_logic_1164
# -- Loading package NUMERIC_STD
# -- Loading package customTypes
# -- Compiling entity jacobi_1d_imper
# -- Compiling architecture behavioral of jacobi_1d_imper
# -- Loading entity Const
# -- Loading entity branch
# -- Loading entity start_node
# -- Loading entity fork
# -- Loading package MATH_REAL
# -- Loading entity mux
# -- Loading entity cntrlMerge
# -- Loading entity elasticBuffer
# -- Loading entity add_op
# -- Loading entity mc_load_op
# -- Loading entity mul_op
# -- Loading entity lsq_store_op
# -- Loading entity icmp_ult_op
# -- Loading entity merge
# -- Loading entity transpFIFO
# -- Loading entity lsq_load_op
# -- Loading entity mc_store_op
# -- Loading entity ret_op
# -- Loading entity MemCont
# -- Loading entity end_node
# -- Loading entity sink
# End time: 01:59:56 on Dec 02,2022, Elapsed time: 0:00:00
# Errors: 0, Warnings: 0
# Compile of jacobi_1d_imper_optimized.vhd was successful.
# Model Technology ModelSim - Intel FPGA Edition vcom 10.5b Compiler 2016.10 Oct  5 2016
# Start time: 01:59:56 on Dec 02,2022
# vcom -work work -2008 -explicit /home/dynamatic/Dynamatic/etc/dynamatic/Regression_test/examples/jacobi_1d_imper/sim/VHDL_SRC/sharing_components.vhd 
# -- Loading package STANDARD
# -- Loading package TEXTIO
# -- Loading package std_logic_1164
# -- Loading package NUMERIC_STD
# -- Loading package customTypes
# -- Compiling entity branchGen
# -- Compiling architecture arch of branchGen
# -- Loading entity join
# -- Compiling entity merge_one_hot
# -- Compiling architecture arch of merge_one_hot
# -- Loading entity TEHB
# -- Compiling entity distributor
# -- Compiling architecture arch of distributor
# -- Loading entity branchGen
# -- Compiling package selectorTypes
# -- Compiling entity bypassFIFO
# -- Compiling architecture arch of bypassFIFO
# -- Loading entity transpFIFO
# -- Loading package selectorTypes
# -- Compiling entity input_selector
# -- Compiling architecture arch of input_selector
# -- Loading entity merge_one_hot
# -- Loading entity bypassFIFO
# -- Compiling entity selector
# -- Compiling architecture arch of selector
# -- Loading entity input_selector
# -- Loading entity fork
# -- Loading package MATH_REAL
# -- Loading entity mux
# End time: 01:59:56 on Dec 02,2022, Elapsed time: 0:00:00
# Errors: 0, Warnings: 0
# Compile of sharing_components.vhd was successful.
# Model Technology ModelSim - Intel FPGA Edition vcom 10.5b Compiler 2016.10 Oct  5 2016
# Start time: 01:59:56 on Dec 02,2022
# vcom -work work -2008 -explicit /home/dynamatic/Dynamatic/etc/dynamatic/Regression_test/examples/jacobi_1d_imper/sim/VHDL_SRC/mul_wrapper.vhd 
# -- Loading package STANDARD
# -- Loading package TEXTIO
# -- Loading package std_logic_1164
# -- Loading package NUMERIC_STD
# -- Loading package customTypes
# -- Compiling entity mul_op
# -- Compiling architecture arch of mul_op
# -- Loading entity join
# -- Loading entity mul_4_stage
# -- Loading entity delay_buffer
# -- Loading entity OEHB
# End time: 01:59:56 on Dec 02,2022, Elapsed time: 0:00:00
# Errors: 0, Warnings: 0
# Compile of mul_wrapper.vhd was successful.
# Model Technology ModelSim - Intel FPGA Edition vcom 10.5b Compiler 2016.10 Oct  5 2016
# Start time: 01:59:56 on Dec 02,2022
# vcom -work work -2008 -explicit /home/dynamatic/Dynamatic/etc/dynamatic/Regression_test/examples/jacobi_1d_imper/sim/VHDL_SRC/hls_verify_jacobi_1d_imper_tb.vhd 
# -- Loading package STANDARD
# -- Loading package TEXTIO
# -- Loading package std_logic_1164
# -- Loading package std_logic_arith
# -- Loading package STD_LOGIC_UNSIGNED
# -- Loading package std_logic_textio
# -- Loading package NUMERIC_STD
# -- Loading package sim_package
# -- Compiling entity jacobi_1d_imper_tb
# -- Compiling architecture behav of jacobi_1d_imper_tb
# ** Warning: /home/dynamatic/Dynamatic/etc/dynamatic/Regression_test/examples/jacobi_1d_imper/sim/VHDL_SRC/hls_verify_jacobi_1d_imper_tb.vhd(94): (vcom-1236) Shared variables must be of a protected type.
# -- Loading package customTypes
# -- Loading entity jacobi_1d_imper
# -- Loading entity single_argument
# -- Loading entity two_port_RAM
# End time: 01:59:56 on Dec 02,2022, Elapsed time: 0:00:00
# Errors: 0, Warnings: 1
# Compile of hls_verify_jacobi_1d_imper_tb.vhd was successful.
# All compile dependencies have been resolved.vlog -work work -stats=none /home/dynamatic/Dynamatic/etc/dynamatic/Regression_test/examples/jacobi_1d_imper/sim/VHDL_SRC/LSQ_B.v
# Model Technology ModelSim - Intel FPGA Edition vlog 10.5b Compiler 2016.10 Oct  5 2016
# -- Compiling module STORE_QUEUE_LSQ_B
# -- Compiling module LOAD_QUEUE_LSQ_B
# -- Compiling module GROUP_ALLOCATOR_LSQ_B
# -- Compiling module LOAD_PORT_LSQ_B
# -- Compiling module STORE_DATA_PORT_LSQ_B
# -- Compiling module LSQ_B
# 
# Top level modules:
# 	LSQ_B
ModelSim> # vcom -work work -2008 -explicit -stats=none /home/dynamatic/Dynamatic/etc/dynamatic/Regression_test/examples/jacobi_1d_imper/sim/VHDL_SRC/delay_buffer.vhd
# Model Technology ModelSim - Intel FPGA Edition vcom 10.5b Compiler 2016.10 Oct  5 2016
# -- Loading package STANDARD
# -- Loading package TEXTIO
# -- Loading package std_logic_1164
# -- Loading package NUMERIC_STD
# -- Compiling entity delay_buffer
# -- Compiling architecture arch of delay_buffer
ModelSim> # vcom -work work -2008 -explicit -stats=none /home/dynamatic/Dynamatic/etc/dynamatic/Regression_test/examples/jacobi_1d_imper/sim/VHDL_SRC/elastic_components.vhd
# Model Technology ModelSim - Intel FPGA Edition vcom 10.5b Compiler 2016.10 Oct  5 2016
# -- Loading package STANDARD
# -- Loading package TEXTIO
# -- Loading package std_logic_1164
# -- Compiling package customTypes
# -- Loading package customTypes
# -- Compiling entity andN
# -- Compiling architecture vanilla of andn
# -- Compiling entity nandN
# -- Compiling architecture arch of nandn
# -- Compiling entity orN
# -- Compiling architecture vanilla of orN
# -- Compiling entity norN
# -- Compiling architecture arch of norN
# -- Compiling entity join
# -- Compiling architecture arch of join
# -- Loading entity andN
# -- Loading package NUMERIC_STD
# -- Compiling entity TEHB
# -- Compiling architecture arch of TEHB
# -- Compiling entity OEHB
# -- Compiling architecture arch of OEHB
# -- Compiling entity elasticBuffer
# -- Compiling architecture arch of elasticBuffer
# -- Loading entity TEHB
# -- Loading entity OEHB
# -- Compiling entity buffer_bx_op
# -- Compiling architecture arch of buffer_bx_op
# -- Compiling entity join_bx_op
# -- Compiling architecture arch of join_bx_op
# -- Loading entity join
# -- Compiling entity end_node
# -- Compiling architecture arch of end_node
# -- Compiling entity branchSimple
# -- Compiling architecture arch of branchSimple
# -- Compiling entity branch
# -- Compiling architecture arch of branch
# -- Loading entity branchSimple
# -- Compiling entity eagerFork_RegisterBLock
# -- Compiling architecture arch of eagerFork_RegisterBLock
# -- Compiling entity fork
# -- Compiling architecture arch of fork
# -- Loading entity orN
# -- Loading entity eagerFork_RegisterBLock
# -- Compiling entity lazyfork
# -- Compiling architecture arch of lazyfork
# -- Compiling entity merge
# -- Compiling architecture arch of merge
# -- Compiling entity merge_notehb
# -- Compiling architecture arch of merge_notehb
# -- Compiling entity start_node_new
# -- Compiling architecture arch of start_node_new
# -- Loading entity elasticBuffer
# -- Compiling entity aya_start_node
# -- Compiling architecture arch of aya_start_node
# -- Compiling entity start_node
# -- Compiling architecture arch of start_node
# -- Compiling entity sink
# -- Compiling architecture arch of sink
# -- Compiling entity source
# -- Compiling architecture arch of source
# -- Compiling entity elasticFifoInner
# -- Compiling architecture arch of elasticFifoInner
# -- Compiling entity nontranspFifo
# -- Compiling architecture arch of nontranspFifo
# -- Loading entity elasticFifoInner
# -- Compiling entity transpFIFO
# -- Compiling architecture arch of transpFIFO
# -- Compiling entity load_op
# -- Compiling architecture arch of load_op
# -- Compiling entity Const
# -- Compiling architecture arch of Const
# -- Compiling entity write_memory_single_inside
# -- Compiling architecture arch of write_memory_single_inside
# -- Compiling entity store_op
# -- Compiling architecture arch of store_op
# -- Loading entity write_memory_single_inside
# -- Loading package MATH_REAL
# -- Compiling entity Inj
# -- Compiling architecture arch of Inj
# -- Compiling entity mux
# -- Compiling architecture arch of mux
# -- Compiling entity cntrlMerge
# -- Compiling architecture arch of cntrlMerge
# -- Loading entity merge_notehb
# -- Loading entity fork
# -- Compiling entity lsq_load_op
# -- Compiling architecture arch of lsq_load_op
# -- Compiling entity lsq_store_op
# -- Compiling architecture arch of lsq_store_op
ModelSim> # vcom -work work -2008 -explicit -stats=none /home/dynamatic/Dynamatic/etc/dynamatic/Regression_test/examples/jacobi_1d_imper/sim/VHDL_SRC/MemCont.vhd
# Model Technology ModelSim - Intel FPGA Edition vcom 10.5b Compiler 2016.10 Oct  5 2016
# -- Loading package STANDARD
# -- Loading package TEXTIO
# -- Loading package std_logic_1164
# -- Loading package NUMERIC_STD
# -- Loading package customTypes
# -- Compiling entity read_priority
# -- Compiling architecture arch of read_priority
# -- Compiling entity read_address_mux
# -- Compiling architecture arch of read_address_mux
# -- Compiling entity read_address_ready
# -- Compiling architecture arch of read_address_ready
# -- Compiling entity read_data_signals
# -- Compiling architecture arch of read_data_signals
# -- Compiling entity read_memory_arbiter
# -- Compiling architecture arch of read_memory_arbiter
# -- Loading entity read_priority
# -- Loading entity read_address_mux
# -- Loading entity read_address_ready
# -- Loading entity read_data_signals
# -- Compiling entity write_priority
# -- Compiling architecture arch of write_priority
# -- Compiling entity write_address_mux
# -- Compiling architecture arch of write_address_mux
# -- Compiling entity write_address_ready
# -- Compiling architecture arch of write_address_ready
# -- Compiling entity write_data_signals
# -- Compiling architecture arch of write_data_signals
# -- Compiling entity write_memory_arbiter
# -- Compiling architecture arch of write_memory_arbiter
# -- Loading entity write_priority
# -- Loading entity write_address_mux
# -- Loading entity write_address_ready
# -- Loading entity write_data_signals
# -- Compiling entity elasticBufferDummy
# -- Compiling architecture arch of elasticBufferDummy
# -- Compiling entity mc_load_op
# -- Compiling architecture arch of mc_load_op
# -- Loading entity TEHB
# -- Compiling entity mc_store_op
# -- Compiling architecture arch of mc_store_op
# -- Loading entity join
# -- Compiling entity MemCont
# -- Compiling architecture arch of MemCont
# -- Loading entity read_memory_arbiter
# -- Loading entity write_memory_arbiter
# ** Warning: /home/dynamatic/Dynamatic/etc/dynamatic/Regression_test/examples/jacobi_1d_imper/sim/VHDL_SRC/MemCont.vhd(840): (vcom-1514) Range choice direction (downto) does not determine aggregate index range direction (to).
ModelSim> # vcom -work work -2008 -explicit -stats=none /home/dynamatic/Dynamatic/etc/dynamatic/Regression_test/examples/jacobi_1d_imper/sim/VHDL_SRC/multipliers.vhd
# Model Technology ModelSim - Intel FPGA Edition vcom 10.5b Compiler 2016.10 Oct  5 2016
# -- Loading package STANDARD
# -- Loading package TEXTIO
# -- Loading package std_logic_1164
# -- Loading package NUMERIC_STD
# -- Compiling entity mul_4_stage
# -- Compiling architecture behav of mul_4_stage
# -- Compiling entity mul_8_stage
# -- Compiling architecture behav of mul_8_stage
ModelSim> # vcom -work work -2008 -explicit -stats=none /home/dynamatic/Dynamatic/etc/dynamatic/Regression_test/examples/jacobi_1d_imper/sim/VHDL_SRC/simpackage.vhd
# Model Technology ModelSim - Intel FPGA Edition vcom 10.5b Compiler 2016.10 Oct  5 2016
# -- Loading package STANDARD
# -- Loading package TEXTIO
# -- Loading package std_logic_1164
# -- Loading package std_logic_arith
# -- Loading package NUMERIC_STD
# -- Loading package STD_LOGIC_UNSIGNED
# -- Loading package std_logic_textio
# -- Compiling package sim_package
# -- Compiling package body sim_package
# -- Loading package sim_package
ModelSim> # vcom -work work -2008 -explicit -stats=none /home/dynamatic/Dynamatic/etc/dynamatic/Regression_test/examples/jacobi_1d_imper/sim/VHDL_SRC/two_port_RAM.vhd
# Model Technology ModelSim - Intel FPGA Edition vcom 10.5b Compiler 2016.10 Oct  5 2016
# -- Loading package STANDARD
# -- Loading package TEXTIO
# -- Loading package std_logic_1164
# -- Loading package std_logic_arith
# -- Loading package STD_LOGIC_UNSIGNED
# -- Loading package NUMERIC_STD
# -- Loading package std_logic_textio
# -- Loading package sim_package
# -- Compiling entity two_port_RAM
# -- Compiling architecture behav of two_port_RAM
# ** Warning: /home/dynamatic/Dynamatic/etc/dynamatic/Regression_test/examples/jacobi_1d_imper/sim/VHDL_SRC/two_port_RAM.vhd(41): (vcom-1236) Shared variables must be of a protected type.
ModelSim> # vcom -work work -2008 -explicit -stats=none /home/dynamatic/Dynamatic/etc/dynamatic/Regression_test/examples/jacobi_1d_imper/sim/VHDL_SRC/single_argument.vhd
# Model Technology ModelSim - Intel FPGA Edition vcom 10.5b Compiler 2016.10 Oct  5 2016
# -- Loading package STANDARD
# -- Loading package TEXTIO
# -- Loading package std_logic_1164
# -- Loading package std_logic_arith
# -- Loading package STD_LOGIC_UNSIGNED
# -- Loading package NUMERIC_STD
# -- Loading package std_logic_textio
# -- Loading package sim_package
# -- Compiling entity single_argument
# -- Compiling architecture behav of single_argument
# ** Warning: /home/dynamatic/Dynamatic/etc/dynamatic/Regression_test/examples/jacobi_1d_imper/sim/VHDL_SRC/single_argument.vhd(34): (vcom-1236) Shared variables must be of a protected type.
ModelSim> # vcom -work work -2008 -explicit -stats=none /home/dynamatic/Dynamatic/etc/dynamatic/Regression_test/examples/jacobi_1d_imper/sim/VHDL_SRC/arithmetic_units.vhd
# Model Technology ModelSim - Intel FPGA Edition vcom 10.5b Compiler 2016.10 Oct  5 2016
# -- Loading package STANDARD
# -- Loading package TEXTIO
# -- Loading package std_logic_1164
# -- Loading package NUMERIC_STD
# -- Loading package customTypes
# -- Compiling entity ret_op
# -- Compiling architecture arch of ret_op
# -- Loading entity TEHB
# -- Compiling entity add_op
# -- Compiling architecture arch of add_op
# -- Loading entity join
# -- Compiling entity sub_op
# -- Compiling architecture arch of sub_op
# -- Compiling entity and_op
# -- Compiling architecture arch of and_op
# -- Compiling entity or_op
# -- Compiling architecture arch of or_op
# -- Compiling entity xor_op
# -- Compiling architecture arch of xor_op
# -- Compiling entity sext_op
# -- Compiling architecture arch of sext_op
# -- Compiling entity zext_op
# -- Compiling architecture arch of zext_op
# -- Compiling entity shl_op
# -- Compiling architecture arch of shl_op
# -- Compiling entity ashr_op
# -- Compiling architecture arch of ashr_op
# -- Compiling entity lshr_op
# -- Compiling architecture arch of lshr_op
# -- Compiling entity antitokens
# -- Compiling architecture arch of antitokens
# -- Compiling entity select_op
# -- Compiling architecture arch of select_op
# -- Loading entity antitokens
# -- Compiling entity icmp_eq_op
# -- Compiling architecture arch of icmp_eq_op
# -- Compiling entity icmp_ne_op
# -- Compiling architecture arch of icmp_ne_op
# -- Compiling entity icmp_ugt_op
# -- Compiling architecture arch of icmp_ugt_op
# -- Compiling entity icmp_uge_op
# -- Compiling architecture arch of icmp_uge_op
# -- Compiling entity icmp_sgt_op
# -- Compiling architecture arch of icmp_sgt_op
# -- Compiling entity icmp_sge_op
# -- Compiling architecture arch of icmp_sge_op
# -- Compiling entity icmp_ult_op
# -- Compiling architecture arch of icmp_ult_op
# -- Compiling entity icmp_ule_op
# -- Compiling architecture arch of icmp_ule_op
# -- Compiling entity icmp_slt_op
# -- Compiling architecture arch of icmp_slt_op
# -- Compiling entity icmp_sle_op
# -- Compiling architecture arch of icmp_sle_op
# -- Compiling entity getelementptr_op
# -- Compiling architecture arch of getelementptr_op
# -- Compiling entity fcmp_oeq_op
# -- Compiling architecture arch of fcmp_oeq_op
# -- Loading entity delay_buffer
# -- Compiling entity fcmp_ogt_op
# -- Compiling architecture arch of fcmp_ogt_op
# -- Compiling entity fcmp_oge_op
# -- Compiling architecture arch of fcmp_oge_op
# -- Compiling entity fcmp_olt_op
# -- Compiling architecture arch of fcmp_olt_op
# -- Compiling entity fcmp_ole_op
# -- Compiling architecture arch of fcmp_ole_op
# -- Compiling entity fcmp_one_op
# -- Compiling architecture arch of fcmp_one_op
# -- Compiling entity fcmp_ord_op
# -- Compiling architecture arch of fcmp_ord_op
# -- Compiling entity fcmp_uno_op
# -- Compiling architecture arch of fcmp_uno_op
# -- Compiling entity fcmp_ueq_op
# -- Compiling architecture arch of fcmp_ueq_op
# -- Compiling entity fcmp_uge_op
# -- Compiling architecture arch of fcmp_uge_op
# -- Compiling entity fcmp_ult_op
# -- Compiling architecture arch of fcmp_ult_op
# -- Compiling entity fcmp_ule
# -- Compiling architecture arch of fcmp_ule
# -- Compiling entity fcmp_une
# -- Compiling architecture arch of fcmp_une
# -- Compiling entity fcmp_ugt
# -- Compiling architecture arch of fcmp_ugt
# -- Compiling entity fadd_op
# -- Compiling architecture arch of fadd_op
# -- Loading entity OEHB
# -- Compiling entity fsub_op
# -- Compiling architecture arch of fsub_op
# -- Compiling entity fmul_op
# -- Compiling architecture arch of fmul_op
# -- Compiling entity fneg_op
# -- Compiling architecture arch of fneg_op
# -- Compiling entity udiv_op
# -- Compiling architecture arch of udiv_op
# -- Compiling entity sdiv_op
# -- Compiling architecture arch of sdiv_op
# -- Compiling entity fdiv_op
# -- Compiling architecture arch of fdiv_op
# -- Compiling entity srem_op
# -- Compiling architecture arch of srem_op
# -- Compiling entity urem_op
# -- Compiling architecture arch of urem_op
# -- Compiling entity frem_op
# -- Compiling architecture arch of frem_op
# -- Compiling entity sinf_op
# -- Compiling architecture arch of sinf_op
# -- Compiling entity cosf_op
# -- Compiling architecture arch of cosf_op
# -- Compiling entity sqrtf_op
# -- Compiling architecture arch of sqrtf_op
# -- Compiling entity expf_op
# -- Compiling architecture arch of expf_op
# -- Compiling entity exp2f_op
# -- Compiling architecture arch of exp2f_op
# -- Compiling entity logf_op
# -- Compiling architecture arch of logf_op
# -- Compiling entity log2f_op
# -- Compiling architecture arch of log2f_op
# -- Compiling entity log10f_op
# -- Compiling architecture arch of log10f_op
# -- Compiling entity fabsf_op
# -- Compiling architecture arch of fabsf_op
# -- Compiling entity trunc_op
# -- Compiling architecture arch of trunc_op
# -- Compiling entity floorf_op
# -- Compiling architecture arch of floorf_op
# -- Compiling entity ceilf_op
# -- Compiling architecture arch of ceilf_op
# -- Compiling entity roundf_op
# -- Compiling architecture arch of roundf_op
# -- Compiling entity fminf_op
# -- Compiling architecture arch of fminf_op
# -- Compiling entity fmaxf_op
# -- Compiling architecture arch of fmaxf_op
# -- Compiling entity powf_op
# -- Compiling architecture arch of powf_op
# -- Compiling entity fabsf_op
# -- Compiling architecture arch of fabsf_op
# -- Compiling entity copysignf_op
# -- Compiling architecture arch of copysignf_op
# -- Compiling entity sitofp_op
# -- Compiling architecture arch of sitofp_op
ModelSim> # vcom -work work -2008 -explicit -stats=none /home/dynamatic/Dynamatic/etc/dynamatic/Regression_test/examples/jacobi_1d_imper/sim/VHDL_SRC/jacobi_1d_imper_optimized.vhd
# Model Technology ModelSim - Intel FPGA Edition vcom 10.5b Compiler 2016.10 Oct  5 2016
# -- Loading package STANDARD
# -- Loading package TEXTIO
# -- Loading package std_logic_1164
# -- Loading package NUMERIC_STD
# -- Loading package customTypes
# -- Compiling entity jacobi_1d_imper
# -- Compiling architecture behavioral of jacobi_1d_imper
# -- Loading entity Const
# -- Loading entity branch
# -- Loading entity start_node
# -- Loading entity fork
# -- Loading package MATH_REAL
# -- Loading entity mux
# -- Loading entity cntrlMerge
# -- Loading entity elasticBuffer
# -- Loading entity add_op
# -- Loading entity mc_load_op
# -- Loading entity mul_op
# -- Loading entity lsq_store_op
# -- Loading entity icmp_ult_op
# -- Loading entity merge
# -- Loading entity transpFIFO
# -- Loading entity lsq_load_op
# -- Loading entity mc_store_op
# -- Loading entity ret_op
# -- Loading entity MemCont
# -- Loading entity end_node
# -- Loading entity sink
ModelSim> # vcom -work work -2008 -explicit -stats=none /home/dynamatic/Dynamatic/etc/dynamatic/Regression_test/examples/jacobi_1d_imper/sim/VHDL_SRC/sharing_components.vhd
# Model Technology ModelSim - Intel FPGA Edition vcom 10.5b Compiler 2016.10 Oct  5 2016
# -- Loading package STANDARD
# -- Loading package TEXTIO
# -- Loading package std_logic_1164
# -- Loading package NUMERIC_STD
# -- Loading package customTypes
# -- Compiling entity branchGen
# -- Compiling architecture arch of branchGen
# -- Loading entity join
# -- Compiling entity merge_one_hot
# -- Compiling architecture arch of merge_one_hot
# -- Loading entity TEHB
# -- Compiling entity distributor
# -- Compiling architecture arch of distributor
# -- Loading entity branchGen
# -- Compiling package selectorTypes
# -- Compiling entity bypassFIFO
# -- Compiling architecture arch of bypassFIFO
# -- Loading entity transpFIFO
# -- Loading package selectorTypes
# -- Compiling entity input_selector
# -- Compiling architecture arch of input_selector
# -- Loading entity merge_one_hot
# -- Loading entity bypassFIFO
# -- Compiling entity selector
# -- Compiling architecture arch of selector
# -- Loading entity input_selector
# -- Loading entity fork
# -- Loading package MATH_REAL
# -- Loading entity mux
ModelSim> # vcom -work work -2008 -explicit -stats=none /home/dynamatic/Dynamatic/etc/dynamatic/Regression_test/examples/jacobi_1d_imper/sim/VHDL_SRC/mul_wrapper.vhd
# Model Technology ModelSim - Intel FPGA Edition vcom 10.5b Compiler 2016.10 Oct  5 2016
# -- Loading package STANDARD
# -- Loading package TEXTIO
# -- Loading package std_logic_1164
# -- Loading package NUMERIC_STD
# -- Loading package customTypes
# -- Compiling entity mul_op
# -- Compiling architecture arch of mul_op
# -- Loading entity join
# -- Loading entity mul_4_stage
# -- Loading entity delay_buffer
# -- Loading entity OEHB
ModelSim> # vcom -work work -2008 -explicit -stats=none /home/dynamatic/Dynamatic/etc/dynamatic/Regression_test/examples/jacobi_1d_imper/sim/VHDL_SRC/hls_verify_jacobi_1d_imper_tb.vhd
# Model Technology ModelSim - Intel FPGA Edition vcom 10.5b Compiler 2016.10 Oct  5 2016
# -- Loading package STANDARD
# -- Loading package TEXTIO
# -- Loading package std_logic_1164
# -- Loading package std_logic_arith
# -- Loading package STD_LOGIC_UNSIGNED
# -- Loading package std_logic_textio
# -- Loading package NUMERIC_STD
# -- Loading package sim_package
# -- Compiling entity jacobi_1d_imper_tb
# -- Compiling architecture behav of jacobi_1d_imper_tb
# ** Warning: /home/dynamatic/Dynamatic/etc/dynamatic/Regression_test/examples/jacobi_1d_imper/sim/VHDL_SRC/hls_verify_jacobi_1d_imper_tb.vhd(94): (vcom-1236) Shared variables must be of a protected type.
# -- Loading package customTypes
# -- Loading entity jacobi_1d_imper
# -- Loading entity single_argument
# -- Loading entity two_port_RAM
ModelSim> # 13 compiles, 0 failed with no errors.
# vsim jacobi_1d_imper_tb 
# Start time: 02:00:00 on Dec 02,2022
# Loading std.standard
# Loading std.textio(body)
# Loading ieee.std_logic_1164(body)
# Loading ieee.std_logic_arith(body)
# Loading ieee.std_logic_unsigned(body)
# Loading ieee.std_logic_textio(body)
# Loading ieee.numeric_std(body)
# Loading work.sim_package(body)
# Loading work.customtypes
# Loading work.jacobi_1d_imper_tb(behav)
# Loading ieee.math_real(body)
# Loading work.jacobi_1d_imper(behavioral)
# Loading work.const(arch)
# Loading work.branch(arch)
# Loading work.join(arch)
# Loading work.andn(vanilla)
# Loading work.branchsimple(arch)
# Loading work.start_node(arch)
# Loading work.elasticbuffer(arch)
# Loading work.tehb(arch)
# Loading work.oehb(arch)
# Loading work.fork(arch)
# Loading work.orn(vanilla)
# Loading work.eagerfork_registerblock(arch)
# Loading work.mux(arch)
# Loading work.cntrlmerge(arch)
# Loading work.merge_notehb(arch)
# Loading work.add_op(arch)
# Loading work.mc_load_op(arch)
# Loading work.mul_op(arch)
# Loading work.mul_4_stage(behav)
# Loading work.delay_buffer(arch)
# Loading work.lsq_store_op(arch)
# Loading work.icmp_ult_op(arch)
# Loading work.merge(arch)
# Loading work.transpfifo(arch)
# Loading work.elasticfifoinner(arch)
# Loading work.lsq_load_op(arch)
# Loading work.mc_store_op(arch)
# Loading work.ret_op(arch)
# Loading work.LSQ_B
# Loading work.STORE_QUEUE_LSQ_B
# Loading work.LOAD_QUEUE_LSQ_B
# Loading work.GROUP_ALLOCATOR_LSQ_B
# Loading work.LOAD_PORT_LSQ_B
# Loading work.STORE_DATA_PORT_LSQ_B
# Loading work.memcont(arch)
# Loading work.read_memory_arbiter(arch)
# Loading work.read_priority(arch)
# Loading work.read_address_mux(arch)
# Loading work.read_address_ready(arch)
# Loading work.read_data_signals(arch)
# Loading work.write_memory_arbiter(arch)
# Loading work.write_priority(arch)
# Loading work.write_address_mux(arch)
# Loading work.write_address_ready(arch)
# Loading work.write_data_signals(arch)
# Loading work.end_node(arch)
# Loading work.sink(arch)
# Loading work.single_argument(behav)
# Loading work.two_port_ram(behav)
# ** Warning: Design size of 31636 statements exceeds ModelSim-Intel FPGA Starter Edition recommended capacity.
# Expect performance to be adversely affected.
# ** Warning: (vsim-8683) Uninitialized out port /jacobi_1d_imper_tb/duv/phiC_5/dataOutArray(0)(0) has no driver.
# This port will contribute value (U) to the signal network.
# ** Warning: (vsim-8683) Uninitialized out port /jacobi_1d_imper_tb/duv/phiC_6/dataOutArray(0)(0) has no driver.
# This port will contribute value (U) to the signal network.
# ** Warning: (vsim-8683) Uninitialized out port /jacobi_1d_imper_tb/duv/phiC_8/dataOutArray(0)(0) has no driver.
# This port will contribute value (U) to the signal network.
# ** Warning: (vsim-8683) Uninitialized out port /jacobi_1d_imper_tb/duv/end_0/eReadyArray(2) has no driver.
# This port will contribute value (U) to the signal network.
# ** Warning: (vsim-8683) Uninitialized out port /jacobi_1d_imper_tb/duv/end_0/eReadyArray(1) has no driver.
# This port will contribute value (U) to the signal network.
# ** Warning: (vsim-8683) Uninitialized out port /jacobi_1d_imper_tb/duv/end_0/eReadyArray(0) has no driver.
# This port will contribute value (U) to the signal network.
# ** Warning: (vsim-8683) Uninitialized out port /jacobi_1d_imper_tb/duv/B_we1 has no driver.
# This port will contribute value (U) to the signal network.
# ** Warning: (vsim-8683) Uninitialized out port /jacobi_1d_imper_tb/duv/B_dout1(31 downto 0) has no driver.
# This port will contribute value (32'hXXXXXXXX) to the signal network.
# ** Warning: (vsim-8683) Uninitialized out port /jacobi_1d_imper_tb/duv/A_1_we1 has no driver.
# This port will contribute value (U) to the signal network.
# ** Warning: (vsim-8683) Uninitialized out port /jacobi_1d_imper_tb/duv/A_1_dout1(31 downto 0) has no driver.
# This port will contribute value (32'hXXXXXXXX) to the signal network.
# ** Warning: (vsim-8683) Uninitialized out port /jacobi_1d_imper_tb/duv/A_2_we1 has no driver.
# This port will contribute value (U) to the signal network.
# ** Warning: (vsim-8683) Uninitialized out port /jacobi_1d_imper_tb/duv/A_2_dout1(31 downto 0) has no driver.
# This port will contribute value (32'hXXXXXXXX) to the signal network.
# ** Warning: (vsim-3116) Problem reading symbols from linux-gate.so.1 : can not open ELF file.
# ** Warning: NUMERIC_STD."<": metavalue detected, returning FALSE
#    Time: 0 ps  Iteration: 0  Instance: /jacobi_1d_imper_tb/duv/icmp_34
# ** Warning: NUMERIC_STD."<": metavalue detected, returning FALSE
#    Time: 0 ps  Iteration: 0  Instance: /jacobi_1d_imper_tb/duv/icmp_31
# ** Warning: NUMERIC_STD."=": metavalue detected, returning FALSE
#    Time: 0 ps  Iteration: 0  Instance: /jacobi_1d_imper_tb/duv/phi_24
# ** Warning: NUMERIC_STD."=": metavalue detected, returning FALSE
#    Time: 0 ps  Iteration: 0  Instance: /jacobi_1d_imper_tb/duv/phi_24
# ** Warning: NUMERIC_STD."=": metavalue detected, returning FALSE
#    Time: 0 ps  Iteration: 0  Instance: /jacobi_1d_imper_tb/duv/phi_24
# ** Warning: NUMERIC_STD."=": metavalue detected, returning FALSE
#    Time: 0 ps  Iteration: 0  Instance: /jacobi_1d_imper_tb/duv/phi_24
# ** Warning: NUMERIC_STD."<": metavalue detected, returning FALSE
#    Time: 0 ps  Iteration: 0  Instance: /jacobi_1d_imper_tb/duv/icmp_21
# ** Warning: NUMERIC_STD."=": metavalue detected, returning FALSE
#    Time: 0 ps  Iteration: 0  Instance: /jacobi_1d_imper_tb/duv/phi_3
# ** Warning: NUMERIC_STD."=": metavalue detected, returning FALSE
#    Time: 0 ps  Iteration: 0  Instance: /jacobi_1d_imper_tb/duv/phi_3
# ** Warning: NUMERIC_STD."=": metavalue detected, returning FALSE
#    Time: 0 ps  Iteration: 0  Instance: /jacobi_1d_imper_tb/duv/phi_3
# ** Warning: NUMERIC_STD."=": metavalue detected, returning FALSE
#    Time: 0 ps  Iteration: 0  Instance: /jacobi_1d_imper_tb/duv/phi_3
# ** Warning: NUMERIC_STD."=": metavalue detected, returning FALSE
#    Time: 0 ps  Iteration: 0  Instance: /jacobi_1d_imper_tb/duv/phi_1
# ** Warning: NUMERIC_STD."=": metavalue detected, returning FALSE
#    Time: 0 ps  Iteration: 0  Instance: /jacobi_1d_imper_tb/duv/phi_1
# ** Warning: NUMERIC_STD."=": metavalue detected, returning FALSE
#    Time: 0 ps  Iteration: 0  Instance: /jacobi_1d_imper_tb/duv/phi_1
# ** Warning: NUMERIC_STD."=": metavalue detected, returning FALSE
#    Time: 0 ps  Iteration: 0  Instance: /jacobi_1d_imper_tb/duv/phi_1
# ** Warning: NUMERIC_STD."<": metavalue detected, returning FALSE
#    Time: 0 ps  Iteration: 3  Instance: /jacobi_1d_imper_tb/duv/icmp_34
# ** Warning: NUMERIC_STD."<": metavalue detected, returning FALSE
#    Time: 0 ps  Iteration: 3  Instance: /jacobi_1d_imper_tb/duv/icmp_31
# ** Warning: NUMERIC_STD."<": metavalue detected, returning FALSE
#    Time: 0 ps  Iteration: 3  Instance: /jacobi_1d_imper_tb/duv/icmp_21
# ** Warning: NUMERIC_STD."<": metavalue detected, returning FALSE
#    Time: 0 ps  Iteration: 4  Instance: /jacobi_1d_imper_tb/duv/icmp_34
# ** Warning: NUMERIC_STD."<": metavalue detected, returning FALSE
#    Time: 0 ps  Iteration: 4  Instance: /jacobi_1d_imper_tb/duv/icmp_31
# ** Warning: NUMERIC_STD."<": metavalue detected, returning FALSE
#    Time: 0 ps  Iteration: 4  Instance: /jacobi_1d_imper_tb/duv/icmp_21
# ** Note: simulation done!
#    Time: 5926 ns  Iteration: 1  Instance: /jacobi_1d_imper_tb
# ** Failure: NORMAL EXIT (note: failure is to force the simulator to stop)
#    Time: 5926 ns  Iteration: 1  Process: /jacobi_1d_imper_tb/generate_sim_done_proc File: /home/dynamatic/Dynamatic/etc/dynamatic/Regression_test/examples/jacobi_1d_imper/sim/VHDL_SRC/hls_verify_jacobi_1d_imper_tb.vhd
# Break in Process generate_sim_done_proc at /home/dynamatic/Dynamatic/etc/dynamatic/Regression_test/examples/jacobi_1d_imper/sim/VHDL_SRC/hls_verify_jacobi_1d_imper_tb.vhd line 368
# Stopped at /home/dynamatic/Dynamatic/etc/dynamatic/Regression_test/examples/jacobi_1d_imper/sim/VHDL_SRC/hls_verify_jacobi_1d_imper_tb.vhd line 368
# End time: 02:00:37 on Dec 02,2022, Elapsed time: 0:00:37
# Errors: 0, Warnings: 35

--- Comparison Results ---

Comparison of [end] : Pass
output_A_1.dat
output_A_2.dat
output_B.dat
output_end.dat
